2025-10-13 12:11:08 | INFO     | src.workflow_manager:executar_calculo:90 - Iniciando cálculo para PHYSIO VIDA - HYK SERVICOS DE FISIOTERAPIA E COMERCIO DE ARTIGOS ESPORTIVOS LTDA - 10/2025
2025-10-13 12:11:09 | INFO     | src.workflow_manager:executar_calculo:101 - Encontrados 17 funcionários
2025-10-13 12:11:09 | SUCCESS  | src.workflow_manager:executar_calculo:130 - Cálculo concluído: 1 funcionários elegíveis, R$ 1,083.00
2025-10-13 12:11:09 | INFO     | src.workflow_manager:comparar_com_fortes:172 - Folha encontrada: SEQ 848
2025-10-13 12:11:10 | WARNING  | src.workflow_manager:comparar_com_fortes:199 - Encontradas 17 divergências
2025-10-13 12:11:10 | WARNING  | src.workflow_manager:aplicar_correcoes_fortes:261 - ================================================================================
2025-10-13 12:11:10 | WARNING  | src.workflow_manager:aplicar_correcoes_fortes:262 - ⚠️ AJUSTANDO PARÂMETROS NA TABELA SEP DO FORTES ⚠️
2025-10-13 12:11:10 | WARNING  | src.workflow_manager:aplicar_correcoes_fortes:263 - Operações SQL: UPDATE na tabela SEP (cadastro do funcionário)
2025-10-13 12:11:10 | WARNING  | src.workflow_manager:aplicar_correcoes_fortes:264 - Tabela afetada: SEP.PERCENTUALADIANT e SEP.VALORADIANT
2025-10-13 12:11:10 | WARNING  | src.workflow_manager:aplicar_correcoes_fortes:265 - APÓS estas alterações, você DEVE RECALCULAR a folha no Fortes!
2025-10-13 12:11:10 | WARNING  | src.workflow_manager:aplicar_correcoes_fortes:266 - ================================================================================
2025-10-13 12:11:11 | ERROR    | src.fortes_pre_calculation:ajustar_parametros_funcionario:105 - Erro ao atualizar parâmetros: (229, b"The UPDATE permission was denied on the object 'SEP', database 'AC', schema 'dbo'.DB-Lib error message 20018, severity 14:\nGeneral SQL Server error: Check messages from the SQL Server\n")
2025-10-13 12:11:11 | ERROR    | src.fortes_pre_calculation:ajustar_parametros_funcionario:105 - Erro ao atualizar parâmetros: (229, b"The UPDATE permission was denied on the object 'SEP', database 'AC', schema 'dbo'.DB-Lib error message 20018, severity 14:\nGeneral SQL Server error: Check messages from the SQL Server\n")
2025-10-13 12:11:11 | ERROR    | src.fortes_pre_calculation:ajustar_parametros_funcionario:105 - Erro ao atualizar parâmetros: (229, b"The UPDATE permission was denied on the object 'SEP', database 'AC', schema 'dbo'.DB-Lib error message 20018, severity 14:\nGeneral SQL Server error: Check messages from the SQL Server\n")
2025-10-13 12:11:11 | ERROR    | src.fortes_pre_calculation:ajustar_parametros_funcionario:105 - Erro ao atualizar parâmetros: (229, b"The UPDATE permission was denied on the object 'SEP', database 'AC', schema 'dbo'.DB-Lib error message 20018, severity 14:\nGeneral SQL Server error: Check messages from the SQL Server\n")
2025-10-13 12:11:11 | ERROR    | src.fortes_pre_calculation:ajustar_parametros_funcionario:105 - Erro ao atualizar parâmetros: (229, b"The UPDATE permission was denied on the object 'SEP', database 'AC', schema 'dbo'.DB-Lib error message 20018, severity 14:\nGeneral SQL Server error: Check messages from the SQL Server\n")
2025-10-13 12:11:11 | ERROR    | src.fortes_pre_calculation:ajustar_parametros_funcionario:105 - Erro ao atualizar parâmetros: (229, b"The UPDATE permission was denied on the object 'SEP', database 'AC', schema 'dbo'.DB-Lib error message 20018, severity 14:\nGeneral SQL Server error: Check messages from the SQL Server\n")
2025-10-13 12:11:11 | ERROR    | src.fortes_pre_calculation:ajustar_parametros_funcionario:105 - Erro ao atualizar parâmetros: (229, b"The UPDATE permission was denied on the object 'SEP', database 'AC', schema 'dbo'.DB-Lib error message 20018, severity 14:\nGeneral SQL Server error: Check messages from the SQL Server\n")
2025-10-13 12:11:11 | ERROR    | src.fortes_pre_calculation:ajustar_parametros_funcionario:105 - Erro ao atualizar parâmetros: (229, b"The UPDATE permission was denied on the object 'SEP', database 'AC', schema 'dbo'.DB-Lib error message 20018, severity 14:\nGeneral SQL Server error: Check messages from the SQL Server\n")
2025-10-13 12:11:11 | ERROR    | src.fortes_pre_calculation:ajustar_parametros_funcionario:105 - Erro ao atualizar parâmetros: (229, b"The UPDATE permission was denied on the object 'SEP', database 'AC', schema 'dbo'.DB-Lib error message 20018, severity 14:\nGeneral SQL Server error: Check messages from the SQL Server\n")
2025-10-13 12:11:11 | ERROR    | src.fortes_pre_calculation:ajustar_parametros_funcionario:105 - Erro ao atualizar parâmetros: (229, b"The UPDATE permission was denied on the object 'SEP', database 'AC', schema 'dbo'.DB-Lib error message 20018, severity 14:\nGeneral SQL Server error: Check messages from the SQL Server\n")
2025-10-13 12:11:11 | ERROR    | src.fortes_pre_calculation:ajustar_parametros_funcionario:105 - Erro ao atualizar parâmetros: (229, b"The UPDATE permission was denied on the object 'SEP', database 'AC', schema 'dbo'.DB-Lib error message 20018, severity 14:\nGeneral SQL Server error: Check messages from the SQL Server\n")
2025-10-13 12:11:11 | ERROR    | src.fortes_pre_calculation:ajustar_parametros_funcionario:105 - Erro ao atualizar parâmetros: (229, b"The UPDATE permission was denied on the object 'SEP', database 'AC', schema 'dbo'.DB-Lib error message 20018, severity 14:\nGeneral SQL Server error: Check messages from the SQL Server\n")
2025-10-13 12:11:11 | ERROR    | src.fortes_pre_calculation:ajustar_parametros_funcionario:105 - Erro ao atualizar parâmetros: (229, b"The UPDATE permission was denied on the object 'SEP', database 'AC', schema 'dbo'.DB-Lib error message 20018, severity 14:\nGeneral SQL Server error: Check messages from the SQL Server\n")
2025-10-13 12:11:11 | ERROR    | src.fortes_pre_calculation:ajustar_parametros_funcionario:105 - Erro ao atualizar parâmetros: (229, b"The UPDATE permission was denied on the object 'SEP', database 'AC', schema 'dbo'.DB-Lib error message 20018, severity 14:\nGeneral SQL Server error: Check messages from the SQL Server\n")
2025-10-13 12:11:11 | ERROR    | src.fortes_pre_calculation:ajustar_parametros_funcionario:105 - Erro ao atualizar parâmetros: (229, b"The UPDATE permission was denied on the object 'SEP', database 'AC', schema 'dbo'.DB-Lib error message 20018, severity 14:\nGeneral SQL Server error: Check messages from the SQL Server\n")
2025-10-13 12:11:12 | ERROR    | src.fortes_pre_calculation:ajustar_parametros_funcionario:105 - Erro ao atualizar parâmetros: (229, b"The UPDATE permission was denied on the object 'SEP', database 'AC', schema 'dbo'.DB-Lib error message 20018, severity 14:\nGeneral SQL Server error: Check messages from the SQL Server\n")
2025-10-13 12:11:12 | ERROR    | src.fortes_pre_calculation:ajustar_parametros_funcionario:105 - Erro ao atualizar parâmetros: (229, b"The UPDATE permission was denied on the object 'SEP', database 'AC', schema 'dbo'.DB-Lib error message 20018, severity 14:\nGeneral SQL Server error: Check messages from the SQL Server\n")
2025-10-13 12:11:12 | INFO     | src.fortes_pre_calculation:ajustar_lote:146 - Ajustes aplicados: 0 sucessos, 17 falhas
