2025-09-11 14:09:41 | INFO     | main:run:18 - --- INICIANDO AUTOMAÇÃO PARA EMPRESA 9098 | COMPETÊNCIA: 2025-08 ---
2025-09-11 14:09:41 | INFO     | src.data_extraction:fetch_employee_base_data:9 - Iniciando a busca de dados para a empresa: 9098 | Competência: 2025-08
2025-09-11 14:09:41 | INFO     | src.database:get_db_connection:47 - Tentando conectar ao banco de dados...
2025-09-11 14:09:41 | INFO     | src.database:get_db_connection:49 - Conexão estabelecida com sucesso!
2025-09-11 14:09:41 | INFO     | src.data_extraction:fetch_employee_leaves:46 - Buscando dados de afastamentos (licenças)...
2025-09-11 14:09:41 | INFO     | src.database:get_db_connection:47 - Tentando conectar ao banco de dados...
2025-09-11 14:09:41 | INFO     | src.database:get_db_connection:49 - Conexão estabelecida com sucesso!
2025-09-11 14:09:41 | INFO     | src.data_extraction:fetch_employee_loans:77 - Buscando dados de empréstimos consignados...
2025-09-11 14:09:41 | INFO     | src.database:get_db_connection:47 - Tentando conectar ao banco de dados...
2025-09-11 14:09:41 | INFO     | src.database:get_db_connection:49 - Conexão estabelecida com sucesso!
2025-09-11 14:09:41 | INFO     | src.data_validation:validate_employee_data:39 - Iniciando validação da estrutura dos dados...
2025-09-11 14:09:41 | SUCCESS  | src.data_validation:validate_employee_data:61 - Validação de dados concluída.
2025-09-11 14:09:41 | INFO     | src.business_logic:processar_regras_e_calculos_jr:11 - Iniciando processamento de regras de negócio (Versão Definitiva)...
2025-09-11 14:09:41 | SUCCESS  | src.business_logic:processar_regras_e_calculos_jr:84 - Processamento de regras de negócio (Definitivo) concluído.
2025-09-11 14:09:41 | INFO     | src.business_logic:aplicar_descontos_consignado:89 - Aplicando descontos de empréstimo consignado...
2025-09-11 14:09:41 | SUCCESS  | src.business_logic:aplicar_descontos_consignado:104 - Descontos aplicados com sucesso.
2025-09-11 14:09:41 | SUCCESS  | src.file_generator:gerar_arquivo_final:36 - Arquivo final gerado com sucesso em: data/adiantamento_9098_2025-09-11.csv
2025-09-11 14:09:41 | SUCCESS  | main:run:73 - --- PROCESSO CONCLUÍDO ---
2025-09-11 14:09:43 | INFO     | main:run:18 - --- INICIANDO AUTOMAÇÃO PARA EMPRESA 9098 | COMPETÊNCIA: 2025-08 ---
2025-09-11 14:09:43 | INFO     | src.data_extraction:fetch_employee_base_data:9 - Iniciando a busca de dados para a empresa: 9098 | Competência: 2025-08
2025-09-11 14:09:43 | INFO     | src.database:get_db_connection:47 - Tentando conectar ao banco de dados...
2025-09-11 14:09:43 | INFO     | src.database:get_db_connection:49 - Conexão estabelecida com sucesso!
2025-09-11 14:09:43 | INFO     | src.data_extraction:fetch_employee_leaves:46 - Buscando dados de afastamentos (licenças)...
2025-09-11 14:09:43 | INFO     | src.database:get_db_connection:47 - Tentando conectar ao banco de dados...
2025-09-11 14:09:43 | INFO     | src.database:get_db_connection:49 - Conexão estabelecida com sucesso!
2025-09-11 14:09:43 | INFO     | src.data_extraction:fetch_employee_loans:77 - Buscando dados de empréstimos consignados...
2025-09-11 14:09:43 | INFO     | src.database:get_db_connection:47 - Tentando conectar ao banco de dados...
2025-09-11 14:09:43 | INFO     | src.database:get_db_connection:49 - Conexão estabelecida com sucesso!
2025-09-11 14:09:43 | INFO     | src.data_validation:validate_employee_data:39 - Iniciando validação da estrutura dos dados...
2025-09-11 14:09:43 | SUCCESS  | src.data_validation:validate_employee_data:61 - Validação de dados concluída.
2025-09-11 14:09:43 | INFO     | src.business_logic:processar_regras_e_calculos_jr:11 - Iniciando processamento de regras de negócio (Versão Definitiva)...
2025-09-11 14:09:43 | SUCCESS  | src.business_logic:processar_regras_e_calculos_jr:84 - Processamento de regras de negócio (Definitivo) concluído.
2025-09-11 14:09:43 | INFO     | src.business_logic:aplicar_descontos_consignado:89 - Aplicando descontos de empréstimo consignado...
2025-09-11 14:09:43 | SUCCESS  | src.business_logic:aplicar_descontos_consignado:104 - Descontos aplicados com sucesso.
2025-09-11 14:09:43 | SUCCESS  | src.file_generator:gerar_arquivo_final:36 - Arquivo final gerado com sucesso em: data/adiantamento_9098_2025-09-11.csv
2025-09-11 14:09:43 | SUCCESS  | main:run:73 - --- PROCESSO CONCLUÍDO ---
2025-09-11 14:09:43 | INFO     | main:run:18 - --- INICIANDO AUTOMAÇÃO PARA EMPRESA 9098 | COMPETÊNCIA: 2025-08 ---
2025-09-11 14:09:43 | INFO     | src.data_extraction:fetch_employee_base_data:9 - Iniciando a busca de dados para a empresa: 9098 | Competência: 2025-08
2025-09-11 14:09:43 | INFO     | src.database:get_db_connection:47 - Tentando conectar ao banco de dados...
2025-09-11 14:09:43 | INFO     | src.database:get_db_connection:49 - Conexão estabelecida com sucesso!
2025-09-11 14:09:43 | INFO     | src.data_extraction:fetch_employee_leaves:46 - Buscando dados de afastamentos (licenças)...
2025-09-11 14:09:43 | INFO     | src.database:get_db_connection:47 - Tentando conectar ao banco de dados...
2025-09-11 14:09:43 | INFO     | src.database:get_db_connection:49 - Conexão estabelecida com sucesso!
2025-09-11 14:09:43 | INFO     | src.data_extraction:fetch_employee_loans:77 - Buscando dados de empréstimos consignados...
2025-09-11 14:09:43 | INFO     | src.database:get_db_connection:47 - Tentando conectar ao banco de dados...
2025-09-11 14:09:43 | INFO     | src.database:get_db_connection:49 - Conexão estabelecida com sucesso!
2025-09-11 14:09:43 | INFO     | src.data_validation:validate_employee_data:39 - Iniciando validação da estrutura dos dados...
2025-09-11 14:09:43 | SUCCESS  | src.data_validation:validate_employee_data:61 - Validação de dados concluída.
2025-09-11 14:09:43 | INFO     | src.business_logic:processar_regras_e_calculos_jr:11 - Iniciando processamento de regras de negócio (Versão Definitiva)...
2025-09-11 14:09:43 | SUCCESS  | src.business_logic:processar_regras_e_calculos_jr:84 - Processamento de regras de negócio (Definitivo) concluído.
2025-09-11 14:09:43 | INFO     | src.business_logic:aplicar_descontos_consignado:89 - Aplicando descontos de empréstimo consignado...
2025-09-11 14:09:43 | SUCCESS  | src.business_logic:aplicar_descontos_consignado:104 - Descontos aplicados com sucesso.
2025-09-11 14:09:43 | SUCCESS  | src.file_generator:gerar_arquivo_final:36 - Arquivo final gerado com sucesso em: data/adiantamento_9098_2025-09-11.csv
2025-09-11 14:09:43 | SUCCESS  | main:run:73 - --- PROCESSO CONCLUÍDO ---
2025-09-11 14:09:43 | INFO     | main:run:18 - --- INICIANDO AUTOMAÇÃO PARA EMPRESA 9098 | COMPETÊNCIA: 2025-08 ---
2025-09-11 14:09:43 | INFO     | src.data_extraction:fetch_employee_base_data:9 - Iniciando a busca de dados para a empresa: 9098 | Competência: 2025-08
2025-09-11 14:09:43 | INFO     | src.database:get_db_connection:47 - Tentando conectar ao banco de dados...
2025-09-11 14:09:43 | INFO     | src.database:get_db_connection:49 - Conexão estabelecida com sucesso!
2025-09-11 14:09:43 | INFO     | src.data_extraction:fetch_employee_leaves:46 - Buscando dados de afastamentos (licenças)...
2025-09-11 14:09:43 | INFO     | src.database:get_db_connection:47 - Tentando conectar ao banco de dados...
2025-09-11 14:09:43 | INFO     | src.database:get_db_connection:49 - Conexão estabelecida com sucesso!
2025-09-11 14:09:43 | INFO     | src.data_extraction:fetch_employee_loans:77 - Buscando dados de empréstimos consignados...
2025-09-11 14:09:43 | INFO     | src.database:get_db_connection:47 - Tentando conectar ao banco de dados...
2025-09-11 14:09:43 | INFO     | src.database:get_db_connection:49 - Conexão estabelecida com sucesso!
2025-09-11 14:09:43 | INFO     | src.data_validation:validate_employee_data:39 - Iniciando validação da estrutura dos dados...
2025-09-11 14:09:43 | SUCCESS  | src.data_validation:validate_employee_data:61 - Validação de dados concluída.
2025-09-11 14:09:43 | INFO     | src.business_logic:processar_regras_e_calculos_jr:11 - Iniciando processamento de regras de negócio (Versão Definitiva)...
2025-09-11 14:09:43 | SUCCESS  | src.business_logic:processar_regras_e_calculos_jr:84 - Processamento de regras de negócio (Definitivo) concluído.
2025-09-11 14:09:43 | INFO     | src.business_logic:aplicar_descontos_consignado:89 - Aplicando descontos de empréstimo consignado...
2025-09-11 14:09:43 | SUCCESS  | src.business_logic:aplicar_descontos_consignado:104 - Descontos aplicados com sucesso.
2025-09-11 14:09:43 | SUCCESS  | src.file_generator:gerar_arquivo_final:36 - Arquivo final gerado com sucesso em: data/adiantamento_9098_2025-09-11.csv
2025-09-11 14:09:43 | SUCCESS  | main:run:73 - --- PROCESSO CONCLUÍDO ---
2025-09-11 14:09:44 | INFO     | main:run:18 - --- INICIANDO AUTOMAÇÃO PARA EMPRESA 9098 | COMPETÊNCIA: 2025-08 ---
2025-09-11 14:09:44 | INFO     | src.data_extraction:fetch_employee_base_data:9 - Iniciando a busca de dados para a empresa: 9098 | Competência: 2025-08
2025-09-11 14:09:44 | INFO     | src.database:get_db_connection:47 - Tentando conectar ao banco de dados...
2025-09-11 14:09:44 | INFO     | src.database:get_db_connection:49 - Conexão estabelecida com sucesso!
2025-09-11 14:09:44 | INFO     | main:run:18 - --- INICIANDO AUTOMAÇÃO PARA EMPRESA 9098 | COMPETÊNCIA: 2025-08 ---
2025-09-11 14:09:44 | INFO     | src.data_extraction:fetch_employee_base_data:9 - Iniciando a busca de dados para a empresa: 9098 | Competência: 2025-08
2025-09-11 14:09:44 | INFO     | src.database:get_db_connection:47 - Tentando conectar ao banco de dados...
2025-09-11 14:09:44 | INFO     | src.data_extraction:fetch_employee_leaves:46 - Buscando dados de afastamentos (licenças)...
2025-09-11 14:09:44 | INFO     | src.database:get_db_connection:47 - Tentando conectar ao banco de dados...
2025-09-11 14:09:44 | INFO     | src.database:get_db_connection:49 - Conexão estabelecida com sucesso!
2025-09-11 14:09:44 | INFO     | src.data_extraction:fetch_employee_loans:77 - Buscando dados de empréstimos consignados...
2025-09-11 14:09:44 | INFO     | src.database:get_db_connection:47 - Tentando conectar ao banco de dados...
2025-09-11 14:09:44 | INFO     | src.database:get_db_connection:49 - Conexão estabelecida com sucesso!
2025-09-11 14:09:44 | INFO     | src.data_validation:validate_employee_data:39 - Iniciando validação da estrutura dos dados...
2025-09-11 14:09:44 | SUCCESS  | src.data_validation:validate_employee_data:61 - Validação de dados concluída.
2025-09-11 14:09:44 | INFO     | src.database:get_db_connection:49 - Conexão estabelecida com sucesso!
2025-09-11 14:09:44 | INFO     | src.business_logic:processar_regras_e_calculos_jr:11 - Iniciando processamento de regras de negócio (Versão Definitiva)...
2025-09-11 14:09:44 | SUCCESS  | src.business_logic:processar_regras_e_calculos_jr:84 - Processamento de regras de negócio (Definitivo) concluído.
2025-09-11 14:09:44 | INFO     | src.business_logic:aplicar_descontos_consignado:89 - Aplicando descontos de empréstimo consignado...
2025-09-11 14:09:44 | SUCCESS  | src.business_logic:aplicar_descontos_consignado:104 - Descontos aplicados com sucesso.
2025-09-11 14:09:44 | SUCCESS  | src.file_generator:gerar_arquivo_final:36 - Arquivo final gerado com sucesso em: data/adiantamento_9098_2025-09-11.csv
2025-09-11 14:09:44 | SUCCESS  | main:run:73 - --- PROCESSO CONCLUÍDO ---
2025-09-11 14:09:44 | INFO     | src.data_extraction:fetch_employee_leaves:46 - Buscando dados de afastamentos (licenças)...
2025-09-11 14:09:44 | INFO     | src.database:get_db_connection:47 - Tentando conectar ao banco de dados...
2025-09-11 14:09:44 | INFO     | src.database:get_db_connection:49 - Conexão estabelecida com sucesso!
2025-09-11 14:09:44 | INFO     | main:run:18 - --- INICIANDO AUTOMAÇÃO PARA EMPRESA 9098 | COMPETÊNCIA: 2025-08 ---
2025-09-11 14:09:44 | INFO     | src.data_extraction:fetch_employee_base_data:9 - Iniciando a busca de dados para a empresa: 9098 | Competência: 2025-08
2025-09-11 14:09:44 | INFO     | src.database:get_db_connection:47 - Tentando conectar ao banco de dados...
2025-09-11 14:09:44 | INFO     | src.database:get_db_connection:49 - Conexão estabelecida com sucesso!
2025-09-11 14:09:44 | INFO     | src.data_extraction:fetch_employee_loans:77 - Buscando dados de empréstimos consignados...
2025-09-11 14:09:44 | INFO     | src.database:get_db_connection:47 - Tentando conectar ao banco de dados...
2025-09-11 14:09:44 | INFO     | src.database:get_db_connection:49 - Conexão estabelecida com sucesso!
2025-09-11 14:09:44 | INFO     | src.data_validation:validate_employee_data:39 - Iniciando validação da estrutura dos dados...
2025-09-11 14:09:44 | SUCCESS  | src.data_validation:validate_employee_data:61 - Validação de dados concluída.
2025-09-11 14:09:44 | INFO     | src.business_logic:processar_regras_e_calculos_jr:11 - Iniciando processamento de regras de negócio (Versão Definitiva)...
2025-09-11 14:09:44 | SUCCESS  | src.business_logic:processar_regras_e_calculos_jr:84 - Processamento de regras de negócio (Definitivo) concluído.
2025-09-11 14:09:44 | INFO     | src.business_logic:aplicar_descontos_consignado:89 - Aplicando descontos de empréstimo consignado...
2025-09-11 14:09:44 | SUCCESS  | src.business_logic:aplicar_descontos_consignado:104 - Descontos aplicados com sucesso.
2025-09-11 14:09:44 | SUCCESS  | src.file_generator:gerar_arquivo_final:36 - Arquivo final gerado com sucesso em: data/adiantamento_9098_2025-09-11.csv
2025-09-11 14:09:44 | SUCCESS  | main:run:73 - --- PROCESSO CONCLUÍDO ---
2025-09-11 14:09:44 | INFO     | src.data_extraction:fetch_employee_leaves:46 - Buscando dados de afastamentos (licenças)...
2025-09-11 14:09:44 | INFO     | src.database:get_db_connection:47 - Tentando conectar ao banco de dados...
2025-09-11 14:09:44 | INFO     | src.database:get_db_connection:49 - Conexão estabelecida com sucesso!
2025-09-11 14:09:44 | INFO     | src.data_extraction:fetch_employee_loans:77 - Buscando dados de empréstimos consignados...
2025-09-11 14:09:44 | INFO     | src.database:get_db_connection:47 - Tentando conectar ao banco de dados...
2025-09-11 14:09:44 | INFO     | src.database:get_db_connection:49 - Conexão estabelecida com sucesso!
2025-09-11 14:09:44 | INFO     | src.data_validation:validate_employee_data:39 - Iniciando validação da estrutura dos dados...
2025-09-11 14:09:44 | SUCCESS  | src.data_validation:validate_employee_data:61 - Validação de dados concluída.
2025-09-11 14:09:44 | INFO     | main:run:18 - --- INICIANDO AUTOMAÇÃO PARA EMPRESA 9098 | COMPETÊNCIA: 2025-08 ---
2025-09-11 14:09:44 | INFO     | src.data_extraction:fetch_employee_base_data:9 - Iniciando a busca de dados para a empresa: 9098 | Competência: 2025-08
2025-09-11 14:09:44 | INFO     | src.database:get_db_connection:47 - Tentando conectar ao banco de dados...
2025-09-11 14:09:44 | INFO     | src.business_logic:processar_regras_e_calculos_jr:11 - Iniciando processamento de regras de negócio (Versão Definitiva)...
2025-09-11 14:09:44 | INFO     | src.database:get_db_connection:49 - Conexão estabelecida com sucesso!
2025-09-11 14:09:44 | SUCCESS  | src.business_logic:processar_regras_e_calculos_jr:84 - Processamento de regras de negócio (Definitivo) concluído.
2025-09-11 14:09:44 | INFO     | src.business_logic:aplicar_descontos_consignado:89 - Aplicando descontos de empréstimo consignado...
2025-09-11 14:09:44 | SUCCESS  | src.business_logic:aplicar_descontos_consignado:104 - Descontos aplicados com sucesso.
2025-09-11 14:09:44 | SUCCESS  | src.file_generator:gerar_arquivo_final:36 - Arquivo final gerado com sucesso em: data/adiantamento_9098_2025-09-11.csv
2025-09-11 14:09:44 | SUCCESS  | main:run:73 - --- PROCESSO CONCLUÍDO ---
2025-09-11 14:09:44 | INFO     | src.data_extraction:fetch_employee_leaves:46 - Buscando dados de afastamentos (licenças)...
2025-09-11 14:09:44 | INFO     | src.database:get_db_connection:47 - Tentando conectar ao banco de dados...
2025-09-11 14:09:44 | INFO     | src.database:get_db_connection:49 - Conexão estabelecida com sucesso!
2025-09-11 14:09:44 | INFO     | src.data_extraction:fetch_employee_loans:77 - Buscando dados de empréstimos consignados...
2025-09-11 14:09:44 | INFO     | src.database:get_db_connection:47 - Tentando conectar ao banco de dados...
2025-09-11 14:09:44 | INFO     | src.database:get_db_connection:49 - Conexão estabelecida com sucesso!
2025-09-11 14:09:44 | INFO     | src.data_validation:validate_employee_data:39 - Iniciando validação da estrutura dos dados...
2025-09-11 14:09:44 | SUCCESS  | src.data_validation:validate_employee_data:61 - Validação de dados concluída.
2025-09-11 14:09:44 | INFO     | src.business_logic:processar_regras_e_calculos_jr:11 - Iniciando processamento de regras de negócio (Versão Definitiva)...
2025-09-11 14:09:44 | SUCCESS  | src.business_logic:processar_regras_e_calculos_jr:84 - Processamento de regras de negócio (Definitivo) concluído.
2025-09-11 14:09:44 | INFO     | src.business_logic:aplicar_descontos_consignado:89 - Aplicando descontos de empréstimo consignado...
2025-09-11 14:09:44 | SUCCESS  | src.business_logic:aplicar_descontos_consignado:104 - Descontos aplicados com sucesso.
2025-09-11 14:09:44 | SUCCESS  | src.file_generator:gerar_arquivo_final:36 - Arquivo final gerado com sucesso em: data/adiantamento_9098_2025-09-11.csv
2025-09-11 14:09:44 | SUCCESS  | main:run:73 - --- PROCESSO CONCLUÍDO ---
2025-09-11 14:09:44 | INFO     | main:run:18 - --- INICIANDO AUTOMAÇÃO PARA EMPRESA 9098 | COMPETÊNCIA: 2025-08 ---
2025-09-11 14:09:44 | INFO     | src.data_extraction:fetch_employee_base_data:9 - Iniciando a busca de dados para a empresa: 9098 | Competência: 2025-08
2025-09-11 14:09:44 | INFO     | src.database:get_db_connection:47 - Tentando conectar ao banco de dados...
2025-09-11 14:09:44 | INFO     | src.database:get_db_connection:49 - Conexão estabelecida com sucesso!
2025-09-11 14:09:44 | INFO     | src.data_extraction:fetch_employee_leaves:46 - Buscando dados de afastamentos (licenças)...
2025-09-11 14:09:44 | INFO     | src.database:get_db_connection:47 - Tentando conectar ao banco de dados...
2025-09-11 14:09:44 | INFO     | src.database:get_db_connection:49 - Conexão estabelecida com sucesso!
2025-09-11 14:09:44 | INFO     | src.data_extraction:fetch_employee_loans:77 - Buscando dados de empréstimos consignados...
2025-09-11 14:09:44 | INFO     | src.database:get_db_connection:47 - Tentando conectar ao banco de dados...
2025-09-11 14:09:44 | INFO     | src.database:get_db_connection:49 - Conexão estabelecida com sucesso!
2025-09-11 14:09:44 | INFO     | src.data_validation:validate_employee_data:39 - Iniciando validação da estrutura dos dados...
2025-09-11 14:09:44 | SUCCESS  | src.data_validation:validate_employee_data:61 - Validação de dados concluída.
2025-09-11 14:09:44 | INFO     | src.business_logic:processar_regras_e_calculos_jr:11 - Iniciando processamento de regras de negócio (Versão Definitiva)...
2025-09-11 14:09:44 | SUCCESS  | src.business_logic:processar_regras_e_calculos_jr:84 - Processamento de regras de negócio (Definitivo) concluído.
2025-09-11 14:09:44 | INFO     | src.business_logic:aplicar_descontos_consignado:89 - Aplicando descontos de empréstimo consignado...
2025-09-11 14:09:44 | SUCCESS  | src.business_logic:aplicar_descontos_consignado:104 - Descontos aplicados com sucesso.
2025-09-11 14:09:44 | SUCCESS  | src.file_generator:gerar_arquivo_final:36 - Arquivo final gerado com sucesso em: data/adiantamento_9098_2025-09-11.csv
2025-09-11 14:09:44 | SUCCESS  | main:run:73 - --- PROCESSO CONCLUÍDO ---
2025-09-11 14:09:44 | INFO     | main:run:18 - --- INICIANDO AUTOMAÇÃO PARA EMPRESA 9098 | COMPETÊNCIA: 2025-08 ---
2025-09-11 14:09:44 | INFO     | src.data_extraction:fetch_employee_base_data:9 - Iniciando a busca de dados para a empresa: 9098 | Competência: 2025-08
2025-09-11 14:09:44 | INFO     | src.database:get_db_connection:47 - Tentando conectar ao banco de dados...
2025-09-11 14:09:44 | INFO     | src.database:get_db_connection:49 - Conexão estabelecida com sucesso!
2025-09-11 14:09:44 | INFO     | src.data_extraction:fetch_employee_leaves:46 - Buscando dados de afastamentos (licenças)...
2025-09-11 14:09:44 | INFO     | src.database:get_db_connection:47 - Tentando conectar ao banco de dados...
2025-09-11 14:09:44 | INFO     | src.database:get_db_connection:49 - Conexão estabelecida com sucesso!
2025-09-11 14:09:44 | INFO     | src.data_extraction:fetch_employee_loans:77 - Buscando dados de empréstimos consignados...
2025-09-11 14:09:44 | INFO     | src.database:get_db_connection:47 - Tentando conectar ao banco de dados...
2025-09-11 14:09:44 | INFO     | src.database:get_db_connection:49 - Conexão estabelecida com sucesso!
2025-09-11 14:09:44 | INFO     | src.data_validation:validate_employee_data:39 - Iniciando validação da estrutura dos dados...
2025-09-11 14:09:44 | SUCCESS  | src.data_validation:validate_employee_data:61 - Validação de dados concluída.
2025-09-11 14:09:44 | INFO     | src.business_logic:processar_regras_e_calculos_jr:11 - Iniciando processamento de regras de negócio (Versão Definitiva)...
2025-09-11 14:09:44 | SUCCESS  | src.business_logic:processar_regras_e_calculos_jr:84 - Processamento de regras de negócio (Definitivo) concluído.
2025-09-11 14:09:44 | INFO     | src.business_logic:aplicar_descontos_consignado:89 - Aplicando descontos de empréstimo consignado...
2025-09-11 14:09:44 | SUCCESS  | src.business_logic:aplicar_descontos_consignado:104 - Descontos aplicados com sucesso.
2025-09-11 14:09:44 | SUCCESS  | src.file_generator:gerar_arquivo_final:36 - Arquivo final gerado com sucesso em: data/adiantamento_9098_2025-09-11.csv
2025-09-11 14:09:44 | SUCCESS  | main:run:73 - --- PROCESSO CONCLUÍDO ---
2025-09-11 14:09:44 | INFO     | main:run:18 - --- INICIANDO AUTOMAÇÃO PARA EMPRESA 9098 | COMPETÊNCIA: 2025-08 ---
2025-09-11 14:09:44 | INFO     | src.data_extraction:fetch_employee_base_data:9 - Iniciando a busca de dados para a empresa: 9098 | Competência: 2025-08
2025-09-11 14:09:44 | INFO     | src.database:get_db_connection:47 - Tentando conectar ao banco de dados...
2025-09-11 14:09:44 | INFO     | src.database:get_db_connection:49 - Conexão estabelecida com sucesso!
2025-09-11 14:09:44 | INFO     | src.data_extraction:fetch_employee_leaves:46 - Buscando dados de afastamentos (licenças)...
2025-09-11 14:09:44 | INFO     | src.database:get_db_connection:47 - Tentando conectar ao banco de dados...
2025-09-11 14:09:44 | INFO     | src.database:get_db_connection:49 - Conexão estabelecida com sucesso!
2025-09-11 14:09:44 | INFO     | src.data_extraction:fetch_employee_loans:77 - Buscando dados de empréstimos consignados...
2025-09-11 14:09:44 | INFO     | src.database:get_db_connection:47 - Tentando conectar ao banco de dados...
2025-09-11 14:09:44 | INFO     | src.database:get_db_connection:49 - Conexão estabelecida com sucesso!
2025-09-11 14:09:44 | INFO     | src.data_validation:validate_employee_data:39 - Iniciando validação da estrutura dos dados...
2025-09-11 14:09:44 | SUCCESS  | src.data_validation:validate_employee_data:61 - Validação de dados concluída.
2025-09-11 14:09:44 | INFO     | src.business_logic:processar_regras_e_calculos_jr:11 - Iniciando processamento de regras de negócio (Versão Definitiva)...
2025-09-11 14:09:44 | SUCCESS  | src.business_logic:processar_regras_e_calculos_jr:84 - Processamento de regras de negócio (Definitivo) concluído.
2025-09-11 14:09:44 | INFO     | src.business_logic:aplicar_descontos_consignado:89 - Aplicando descontos de empréstimo consignado...
2025-09-11 14:09:44 | SUCCESS  | src.business_logic:aplicar_descontos_consignado:104 - Descontos aplicados com sucesso.
2025-09-11 14:09:44 | SUCCESS  | src.file_generator:gerar_arquivo_final:36 - Arquivo final gerado com sucesso em: data/adiantamento_9098_2025-09-11.csv
2025-09-11 14:09:44 | SUCCESS  | main:run:73 - --- PROCESSO CONCLUÍDO ---
2025-09-11 14:09:44 | INFO     | main:run:18 - --- INICIANDO AUTOMAÇÃO PARA EMPRESA 9098 | COMPETÊNCIA: 2025-08 ---
2025-09-11 14:09:44 | INFO     | src.data_extraction:fetch_employee_base_data:9 - Iniciando a busca de dados para a empresa: 9098 | Competência: 2025-08
2025-09-11 14:09:44 | INFO     | src.database:get_db_connection:47 - Tentando conectar ao banco de dados...
2025-09-11 14:09:44 | INFO     | src.database:get_db_connection:49 - Conexão estabelecida com sucesso!
2025-09-11 14:09:44 | INFO     | src.data_extraction:fetch_employee_leaves:46 - Buscando dados de afastamentos (licenças)...
2025-09-11 14:09:44 | INFO     | src.database:get_db_connection:47 - Tentando conectar ao banco de dados...
2025-09-11 14:09:44 | INFO     | src.database:get_db_connection:49 - Conexão estabelecida com sucesso!
2025-09-11 14:09:44 | INFO     | src.data_extraction:fetch_employee_loans:77 - Buscando dados de empréstimos consignados...
2025-09-11 14:09:44 | INFO     | src.database:get_db_connection:47 - Tentando conectar ao banco de dados...
2025-09-11 14:09:44 | INFO     | src.database:get_db_connection:49 - Conexão estabelecida com sucesso!
2025-09-11 14:09:44 | INFO     | src.data_validation:validate_employee_data:39 - Iniciando validação da estrutura dos dados...
2025-09-11 14:09:44 | SUCCESS  | src.data_validation:validate_employee_data:61 - Validação de dados concluída.
2025-09-11 14:09:44 | INFO     | src.business_logic:processar_regras_e_calculos_jr:11 - Iniciando processamento de regras de negócio (Versão Definitiva)...
2025-09-11 14:09:44 | SUCCESS  | src.business_logic:processar_regras_e_calculos_jr:84 - Processamento de regras de negócio (Definitivo) concluído.
2025-09-11 14:09:44 | INFO     | src.business_logic:aplicar_descontos_consignado:89 - Aplicando descontos de empréstimo consignado...
2025-09-11 14:09:44 | SUCCESS  | src.business_logic:aplicar_descontos_consignado:104 - Descontos aplicados com sucesso.
2025-09-11 14:09:44 | SUCCESS  | src.file_generator:gerar_arquivo_final:36 - Arquivo final gerado com sucesso em: data/adiantamento_9098_2025-09-11.csv
2025-09-11 14:09:44 | SUCCESS  | main:run:73 - --- PROCESSO CONCLUÍDO ---
2025-09-11 14:09:44 | INFO     | main:run:18 - --- INICIANDO AUTOMAÇÃO PARA EMPRESA 9098 | COMPETÊNCIA: 2025-08 ---
2025-09-11 14:09:44 | INFO     | src.data_extraction:fetch_employee_base_data:9 - Iniciando a busca de dados para a empresa: 9098 | Competência: 2025-08
2025-09-11 14:09:44 | INFO     | src.database:get_db_connection:47 - Tentando conectar ao banco de dados...
2025-09-11 14:09:44 | INFO     | src.database:get_db_connection:49 - Conexão estabelecida com sucesso!
2025-09-11 14:09:44 | INFO     | src.data_extraction:fetch_employee_leaves:46 - Buscando dados de afastamentos (licenças)...
2025-09-11 14:09:44 | INFO     | src.database:get_db_connection:47 - Tentando conectar ao banco de dados...
2025-09-11 14:09:44 | INFO     | src.database:get_db_connection:49 - Conexão estabelecida com sucesso!
2025-09-11 14:09:44 | INFO     | src.data_extraction:fetch_employee_loans:77 - Buscando dados de empréstimos consignados...
2025-09-11 14:09:44 | INFO     | src.database:get_db_connection:47 - Tentando conectar ao banco de dados...
2025-09-11 14:09:44 | INFO     | src.database:get_db_connection:49 - Conexão estabelecida com sucesso!
2025-09-11 14:09:44 | INFO     | src.data_validation:validate_employee_data:39 - Iniciando validação da estrutura dos dados...
2025-09-11 14:09:44 | SUCCESS  | src.data_validation:validate_employee_data:61 - Validação de dados concluída.
2025-09-11 14:09:44 | INFO     | src.business_logic:processar_regras_e_calculos_jr:11 - Iniciando processamento de regras de negócio (Versão Definitiva)...
2025-09-11 14:09:44 | SUCCESS  | src.business_logic:processar_regras_e_calculos_jr:84 - Processamento de regras de negócio (Definitivo) concluído.
2025-09-11 14:09:44 | INFO     | src.business_logic:aplicar_descontos_consignado:89 - Aplicando descontos de empréstimo consignado...
2025-09-11 14:09:44 | SUCCESS  | src.business_logic:aplicar_descontos_consignado:104 - Descontos aplicados com sucesso.
2025-09-11 14:09:44 | SUCCESS  | src.file_generator:gerar_arquivo_final:36 - Arquivo final gerado com sucesso em: data/adiantamento_9098_2025-09-11.csv
2025-09-11 14:09:44 | SUCCESS  | main:run:73 - --- PROCESSO CONCLUÍDO ---
2025-09-11 14:09:44 | INFO     | main:run:18 - --- INICIANDO AUTOMAÇÃO PARA EMPRESA 9098 | COMPETÊNCIA: 2025-08 ---
2025-09-11 14:09:44 | INFO     | src.data_extraction:fetch_employee_base_data:9 - Iniciando a busca de dados para a empresa: 9098 | Competência: 2025-08
2025-09-11 14:09:44 | INFO     | src.database:get_db_connection:47 - Tentando conectar ao banco de dados...
2025-09-11 14:09:44 | INFO     | src.database:get_db_connection:49 - Conexão estabelecida com sucesso!
2025-09-11 14:09:44 | INFO     | src.data_extraction:fetch_employee_leaves:46 - Buscando dados de afastamentos (licenças)...
2025-09-11 14:09:44 | INFO     | src.database:get_db_connection:47 - Tentando conectar ao banco de dados...
2025-09-11 14:09:44 | INFO     | src.database:get_db_connection:49 - Conexão estabelecida com sucesso!
2025-09-11 14:09:44 | INFO     | src.data_extraction:fetch_employee_loans:77 - Buscando dados de empréstimos consignados...
2025-09-11 14:09:44 | INFO     | src.database:get_db_connection:47 - Tentando conectar ao banco de dados...
2025-09-11 14:09:44 | INFO     | src.database:get_db_connection:49 - Conexão estabelecida com sucesso!
2025-09-11 14:09:44 | INFO     | src.data_validation:validate_employee_data:39 - Iniciando validação da estrutura dos dados...
2025-09-11 14:09:45 | SUCCESS  | src.data_validation:validate_employee_data:61 - Validação de dados concluída.
2025-09-11 14:09:45 | INFO     | src.business_logic:processar_regras_e_calculos_jr:11 - Iniciando processamento de regras de negócio (Versão Definitiva)...
2025-09-11 14:09:45 | SUCCESS  | src.business_logic:processar_regras_e_calculos_jr:84 - Processamento de regras de negócio (Definitivo) concluído.
2025-09-11 14:09:45 | INFO     | src.business_logic:aplicar_descontos_consignado:89 - Aplicando descontos de empréstimo consignado...
2025-09-11 14:09:45 | SUCCESS  | src.business_logic:aplicar_descontos_consignado:104 - Descontos aplicados com sucesso.
2025-09-11 14:09:45 | SUCCESS  | src.file_generator:gerar_arquivo_final:36 - Arquivo final gerado com sucesso em: data/adiantamento_9098_2025-09-11.csv
2025-09-11 14:09:45 | SUCCESS  | main:run:73 - --- PROCESSO CONCLUÍDO ---
2025-09-11 14:09:45 | INFO     | main:run:18 - --- INICIANDO AUTOMAÇÃO PARA EMPRESA 9098 | COMPETÊNCIA: 2025-08 ---
2025-09-11 14:09:45 | INFO     | src.data_extraction:fetch_employee_base_data:9 - Iniciando a busca de dados para a empresa: 9098 | Competência: 2025-08
2025-09-11 14:09:45 | INFO     | src.database:get_db_connection:47 - Tentando conectar ao banco de dados...
2025-09-11 14:09:45 | INFO     | src.database:get_db_connection:49 - Conexão estabelecida com sucesso!
2025-09-11 14:09:45 | INFO     | src.data_extraction:fetch_employee_leaves:46 - Buscando dados de afastamentos (licenças)...
2025-09-11 14:09:45 | INFO     | src.database:get_db_connection:47 - Tentando conectar ao banco de dados...
2025-09-11 14:09:45 | INFO     | src.database:get_db_connection:49 - Conexão estabelecida com sucesso!
2025-09-11 14:09:45 | INFO     | src.data_extraction:fetch_employee_loans:77 - Buscando dados de empréstimos consignados...
2025-09-11 14:09:45 | INFO     | src.database:get_db_connection:47 - Tentando conectar ao banco de dados...
2025-09-11 14:09:45 | INFO     | src.database:get_db_connection:49 - Conexão estabelecida com sucesso!
2025-09-11 14:09:45 | INFO     | src.data_validation:validate_employee_data:39 - Iniciando validação da estrutura dos dados...
2025-09-11 14:09:45 | SUCCESS  | src.data_validation:validate_employee_data:61 - Validação de dados concluída.
2025-09-11 14:09:45 | INFO     | src.business_logic:processar_regras_e_calculos_jr:11 - Iniciando processamento de regras de negócio (Versão Definitiva)...
2025-09-11 14:09:45 | SUCCESS  | src.business_logic:processar_regras_e_calculos_jr:84 - Processamento de regras de negócio (Definitivo) concluído.
2025-09-11 14:09:45 | INFO     | src.business_logic:aplicar_descontos_consignado:89 - Aplicando descontos de empréstimo consignado...
2025-09-11 14:09:45 | SUCCESS  | src.business_logic:aplicar_descontos_consignado:104 - Descontos aplicados com sucesso.
2025-09-11 14:09:45 | INFO     | main:run:18 - --- INICIANDO AUTOMAÇÃO PARA EMPRESA 9098 | COMPETÊNCIA: 2025-08 ---
2025-09-11 14:09:45 | INFO     | src.data_extraction:fetch_employee_base_data:9 - Iniciando a busca de dados para a empresa: 9098 | Competência: 2025-08
2025-09-11 14:09:45 | INFO     | src.database:get_db_connection:47 - Tentando conectar ao banco de dados...
2025-09-11 14:09:45 | INFO     | src.database:get_db_connection:49 - Conexão estabelecida com sucesso!
2025-09-11 14:09:45 | SUCCESS  | src.file_generator:gerar_arquivo_final:36 - Arquivo final gerado com sucesso em: data/adiantamento_9098_2025-09-11.csv
2025-09-11 14:09:45 | SUCCESS  | main:run:73 - --- PROCESSO CONCLUÍDO ---
2025-09-11 14:09:45 | INFO     | src.data_extraction:fetch_employee_leaves:46 - Buscando dados de afastamentos (licenças)...
2025-09-11 14:09:45 | INFO     | src.database:get_db_connection:47 - Tentando conectar ao banco de dados...
2025-09-11 14:09:45 | INFO     | src.database:get_db_connection:49 - Conexão estabelecida com sucesso!
2025-09-11 14:09:45 | INFO     | src.data_extraction:fetch_employee_loans:77 - Buscando dados de empréstimos consignados...
2025-09-11 14:09:45 | INFO     | src.database:get_db_connection:47 - Tentando conectar ao banco de dados...
2025-09-11 14:09:45 | INFO     | src.database:get_db_connection:49 - Conexão estabelecida com sucesso!
2025-09-11 14:09:45 | INFO     | src.data_validation:validate_employee_data:39 - Iniciando validação da estrutura dos dados...
2025-09-11 14:09:45 | SUCCESS  | src.data_validation:validate_employee_data:61 - Validação de dados concluída.
2025-09-11 14:09:45 | INFO     | src.business_logic:processar_regras_e_calculos_jr:11 - Iniciando processamento de regras de negócio (Versão Definitiva)...
2025-09-11 14:09:45 | SUCCESS  | src.business_logic:processar_regras_e_calculos_jr:84 - Processamento de regras de negócio (Definitivo) concluído.
2025-09-11 14:09:45 | INFO     | src.business_logic:aplicar_descontos_consignado:89 - Aplicando descontos de empréstimo consignado...
2025-09-11 14:09:45 | SUCCESS  | src.business_logic:aplicar_descontos_consignado:104 - Descontos aplicados com sucesso.
2025-09-11 14:09:45 | INFO     | main:run:18 - --- INICIANDO AUTOMAÇÃO PARA EMPRESA 9098 | COMPETÊNCIA: 2025-08 ---
2025-09-11 14:09:45 | INFO     | src.data_extraction:fetch_employee_base_data:9 - Iniciando a busca de dados para a empresa: 9098 | Competência: 2025-08
2025-09-11 14:09:45 | INFO     | src.database:get_db_connection:47 - Tentando conectar ao banco de dados...
2025-09-11 14:09:45 | SUCCESS  | src.file_generator:gerar_arquivo_final:36 - Arquivo final gerado com sucesso em: data/adiantamento_9098_2025-09-11.csv
2025-09-11 14:09:45 | SUCCESS  | main:run:73 - --- PROCESSO CONCLUÍDO ---
2025-09-11 14:09:45 | INFO     | src.database:get_db_connection:49 - Conexão estabelecida com sucesso!
2025-09-11 14:09:45 | INFO     | src.data_extraction:fetch_employee_leaves:46 - Buscando dados de afastamentos (licenças)...
2025-09-11 14:09:45 | INFO     | src.database:get_db_connection:47 - Tentando conectar ao banco de dados...
2025-09-11 14:09:45 | INFO     | src.database:get_db_connection:49 - Conexão estabelecida com sucesso!
2025-09-11 14:09:45 | INFO     | src.data_extraction:fetch_employee_loans:77 - Buscando dados de empréstimos consignados...
2025-09-11 14:09:45 | INFO     | src.database:get_db_connection:47 - Tentando conectar ao banco de dados...
2025-09-11 14:09:45 | INFO     | src.database:get_db_connection:49 - Conexão estabelecida com sucesso!
2025-09-11 14:09:45 | INFO     | src.data_validation:validate_employee_data:39 - Iniciando validação da estrutura dos dados...
2025-09-11 14:09:45 | SUCCESS  | src.data_validation:validate_employee_data:61 - Validação de dados concluída.
2025-09-11 14:09:45 | INFO     | src.business_logic:processar_regras_e_calculos_jr:11 - Iniciando processamento de regras de negócio (Versão Definitiva)...
2025-09-11 14:09:45 | SUCCESS  | src.business_logic:processar_regras_e_calculos_jr:84 - Processamento de regras de negócio (Definitivo) concluído.
2025-09-11 14:09:45 | INFO     | src.business_logic:aplicar_descontos_consignado:89 - Aplicando descontos de empréstimo consignado...
2025-09-11 14:09:45 | SUCCESS  | src.business_logic:aplicar_descontos_consignado:104 - Descontos aplicados com sucesso.
2025-09-11 14:09:45 | SUCCESS  | src.file_generator:gerar_arquivo_final:36 - Arquivo final gerado com sucesso em: data/adiantamento_9098_2025-09-11.csv
2025-09-11 14:09:45 | SUCCESS  | main:run:73 - --- PROCESSO CONCLUÍDO ---
