2025-10-13 13:24:12 | INFO     | src.workflow_manager:executar_calculo:90 - Iniciando cálculo para AMM SERVICOS DE APOIO ADMINISTRATIVO LTDA - 10/2025
2025-10-13 13:24:12 | INFO     | src.workflow_manager:executar_calculo:101 - Encontrados 41 funcionários
2025-10-13 13:24:12 | SUCCESS  | src.workflow_manager:executar_calculo:130 - Cálculo concluído: 37 funcionários elegíveis, R$ 24,717.58
2025-10-13 13:24:12 | INFO     | src.workflow_manager:comparar_com_fortes:172 - Folha encontrada: SEQ 313
2025-10-13 13:24:15 | WARNING  | src.workflow_manager:comparar_com_fortes:199 - Encontradas 4 divergências
2025-10-13 13:24:15 | WARNING  | src.workflow_manager:aplicar_correcoes_fortes:261 - ================================================================================
2025-10-13 13:24:15 | WARNING  | src.workflow_manager:aplicar_correcoes_fortes:262 - ⚠️ AJUSTANDO PARÂMETROS NA TABELA SEP DO FORTES ⚠️
2025-10-13 13:24:15 | WARNING  | src.workflow_manager:aplicar_correcoes_fortes:263 - Operações SQL: UPDATE na tabela SEP (cadastro do funcionário)
2025-10-13 13:24:15 | WARNING  | src.workflow_manager:aplicar_correcoes_fortes:264 - Tabela afetada: SEP.PERCENTUALADIANT e SEP.VALORADIANT
2025-10-13 13:24:15 | WARNING  | src.workflow_manager:aplicar_correcoes_fortes:265 - APÓS estas alterações, você DEVE RECALCULAR a folha no Fortes!
2025-10-13 13:24:15 | WARNING  | src.workflow_manager:aplicar_correcoes_fortes:266 - ================================================================================
2025-10-13 13:24:15 | INFO     | src.fortes_pre_calculation:calcular_parametros_correcao:247 - Calculando parâmetros para 37 funcionários elegíveis
2025-10-13 13:24:15 | DEBUG    | src.fortes_pre_calculation:calcular_parametros_correcao:267 - Matrícula 000063: 40.00% (31.0 dias)
2025-10-13 13:24:15 | DEBUG    | src.fortes_pre_calculation:calcular_parametros_correcao:267 - Matrícula 000044: 40.00% (31.0 dias)
2025-10-13 13:24:15 | DEBUG    | src.fortes_pre_calculation:calcular_parametros_correcao:267 - Matrícula 000065: 40.00% (31.0 dias)
2025-10-13 13:24:15 | DEBUG    | src.fortes_pre_calculation:calcular_parametros_correcao:267 - Matrícula 000009: 40.00% (31.0 dias)
2025-10-13 13:24:15 | DEBUG    | src.fortes_pre_calculation:calcular_parametros_correcao:267 - Matrícula 000014: 40.00% (31.0 dias)
2025-10-13 13:24:15 | DEBUG    | src.fortes_pre_calculation:calcular_parametros_correcao:267 - Matrícula 000003: 40.00% (31.0 dias)
2025-10-13 13:24:15 | DEBUG    | src.fortes_pre_calculation:calcular_parametros_correcao:267 - Matrícula 000013: 67.10% (31.0 dias)
2025-10-13 13:24:15 | DEBUG    | src.fortes_pre_calculation:calcular_parametros_correcao:267 - Matrícula 000047: 40.00% (31.0 dias)
2025-10-13 13:24:15 | DEBUG    | src.fortes_pre_calculation:calcular_parametros_correcao:267 - Matrícula 000056: 40.00% (31.0 dias)
2025-10-13 13:24:15 | DEBUG    | src.fortes_pre_calculation:calcular_parametros_correcao:267 - Matrícula 000052: 40.00% (31.0 dias)
2025-10-13 13:24:15 | DEBUG    | src.fortes_pre_calculation:calcular_parametros_correcao:267 - Matrícula 000053: 40.00% (31.0 dias)
2025-10-13 13:24:15 | DEBUG    | src.fortes_pre_calculation:calcular_parametros_correcao:280 - Matrícula 000025: R$ 537.00 fixo (26.0 dias)
2025-10-13 13:24:15 | DEBUG    | src.fortes_pre_calculation:calcular_parametros_correcao:267 - Matrícula 000048: 40.00% (31.0 dias)
2025-10-13 13:24:15 | DEBUG    | src.fortes_pre_calculation:calcular_parametros_correcao:267 - Matrícula 000055: 40.00% (31.0 dias)
2025-10-13 13:24:15 | DEBUG    | src.fortes_pre_calculation:calcular_parametros_correcao:267 - Matrícula 000061: 40.00% (31.0 dias)
2025-10-13 13:24:15 | DEBUG    | src.fortes_pre_calculation:calcular_parametros_correcao:267 - Matrícula 000066: 40.00% (31.0 dias)
2025-10-13 13:24:15 | DEBUG    | src.fortes_pre_calculation:calcular_parametros_correcao:280 - Matrícula 000070: R$ 537.00 fixo (26.0 dias)
2025-10-13 13:24:15 | DEBUG    | src.fortes_pre_calculation:calcular_parametros_correcao:267 - Matrícula 000049: 40.00% (31.0 dias)
2025-10-13 13:24:15 | DEBUG    | src.fortes_pre_calculation:calcular_parametros_correcao:267 - Matrícula 000018: 56.82% (31.0 dias)
2025-10-13 13:24:15 | DEBUG    | src.fortes_pre_calculation:calcular_parametros_correcao:267 - Matrícula 000016: 45.16% (31.0 dias)
2025-10-13 13:24:15 | DEBUG    | src.fortes_pre_calculation:calcular_parametros_correcao:280 - Matrícula 000069: R$ 537.00 fixo (26.0 dias)
2025-10-13 13:24:15 | DEBUG    | src.fortes_pre_calculation:calcular_parametros_correcao:267 - Matrícula 000038: 54.19% (31.0 dias)
2025-10-13 13:24:15 | DEBUG    | src.fortes_pre_calculation:calcular_parametros_correcao:267 - Matrícula 000037: 40.00% (31.0 dias)
2025-10-13 13:24:15 | DEBUG    | src.fortes_pre_calculation:calcular_parametros_correcao:267 - Matrícula 000010: 77.42% (31.0 dias)
2025-10-13 13:24:15 | DEBUG    | src.fortes_pre_calculation:calcular_parametros_correcao:267 - Matrícula 000027: 40.00% (31.0 dias)
2025-10-13 13:24:15 | DEBUG    | src.fortes_pre_calculation:calcular_parametros_correcao:267 - Matrícula 000019: 71.97% (31.0 dias)
2025-10-13 13:24:15 | DEBUG    | src.fortes_pre_calculation:calcular_parametros_correcao:280 - Matrícula 000043: R$ 537.00 fixo (26.0 dias)
2025-10-13 13:24:15 | DEBUG    | src.fortes_pre_calculation:calcular_parametros_correcao:267 - Matrícula 000033: 40.00% (31.0 dias)
2025-10-13 13:24:15 | DEBUG    | src.fortes_pre_calculation:calcular_parametros_correcao:267 - Matrícula 000057: 40.00% (31.0 dias)
2025-10-13 13:24:15 | DEBUG    | src.fortes_pre_calculation:calcular_parametros_correcao:267 - Matrícula 000045: 40.00% (31.0 dias)
2025-10-13 13:24:15 | DEBUG    | src.fortes_pre_calculation:calcular_parametros_correcao:267 - Matrícula 000068: 40.00% (31.0 dias)
2025-10-13 13:24:15 | DEBUG    | src.fortes_pre_calculation:calcular_parametros_correcao:267 - Matrícula 000028: 40.00% (31.0 dias)
2025-10-13 13:24:15 | DEBUG    | src.fortes_pre_calculation:calcular_parametros_correcao:267 - Matrícula 000007: 40.00% (31.0 dias)
2025-10-13 13:24:15 | DEBUG    | src.fortes_pre_calculation:calcular_parametros_correcao:267 - Matrícula 000001: 40.00% (31.0 dias)
2025-10-13 13:24:15 | DEBUG    | src.fortes_pre_calculation:calcular_parametros_correcao:267 - Matrícula 000032: 40.00% (31.0 dias)
2025-10-13 13:24:15 | DEBUG    | src.fortes_pre_calculation:calcular_parametros_correcao:267 - Matrícula 000021: 40.00% (31.0 dias)
2025-10-13 13:24:15 | DEBUG    | src.fortes_pre_calculation:calcular_parametros_correcao:267 - Matrícula 000029: 40.00% (31.0 dias)
2025-10-13 13:24:15 | ERROR    | src.fortes_pre_calculation:verificar_permissao_update:51 - ================================================================================
2025-10-13 13:24:15 | ERROR    | src.fortes_pre_calculation:verificar_permissao_update:52 - ✗ SEM PERMISSÃO DE UPDATE NA TABELA SEP
2025-10-13 13:24:15 | ERROR    | src.fortes_pre_calculation:verificar_permissao_update:53 - ================================================================================
2025-10-13 13:24:15 | ERROR    | src.fortes_pre_calculation:verificar_permissao_update:54 - Solução: Execute no SQL Server (como DBA):
2025-10-13 13:24:15 | ERROR    | src.fortes_pre_calculation:verificar_permissao_update:55 - 
2025-10-13 13:24:15 | ERROR    | src.fortes_pre_calculation:verificar_permissao_update:56 -   USE AC;
2025-10-13 13:24:15 | ERROR    | src.fortes_pre_calculation:verificar_permissao_update:57 -   GO
2025-10-13 13:24:15 | ERROR    | src.fortes_pre_calculation:verificar_permissao_update:58 -   GRANT UPDATE ON dbo.SEP TO [seu_usuario];
2025-10-13 13:24:15 | ERROR    | src.fortes_pre_calculation:verificar_permissao_update:59 -   GO
2025-10-13 13:24:15 | ERROR    | src.fortes_pre_calculation:verificar_permissao_update:60 - 
2025-10-13 13:24:15 | ERROR    | src.fortes_pre_calculation:verificar_permissao_update:61 - Ou configure um usuário com permissões adequadas.
2025-10-13 13:24:15 | ERROR    | src.fortes_pre_calculation:verificar_permissao_update:62 - ================================================================================
2025-10-13 13:24:15 | ERROR    | src.fortes_pre_calculation:ajustar_lote:184 - ⚠️ Abortando lote: sem permissão de UPDATE na tabela SEP
2025-10-13 13:24:42 | INFO     | src.workflow_manager:executar_calculo:90 - Iniciando cálculo para PHYSIO VIDA - HYK SERVICOS DE FISIOTERAPIA E COMERCIO DE ARTIGOS ESPORTIVOS LTDA - 10/2025
2025-10-13 13:24:42 | INFO     | src.workflow_manager:executar_calculo:101 - Encontrados 17 funcionários
2025-10-13 13:24:42 | SUCCESS  | src.workflow_manager:executar_calculo:130 - Cálculo concluído: 1 funcionários elegíveis, R$ 1,083.00
2025-10-13 13:24:42 | INFO     | src.workflow_manager:comparar_com_fortes:172 - Folha encontrada: SEQ 848
2025-10-13 13:24:43 | WARNING  | src.workflow_manager:comparar_com_fortes:199 - Encontradas 17 divergências
2025-10-13 13:24:43 | WARNING  | src.workflow_manager:aplicar_correcoes_fortes:261 - ================================================================================
2025-10-13 13:24:43 | WARNING  | src.workflow_manager:aplicar_correcoes_fortes:262 - ⚠️ AJUSTANDO PARÂMETROS NA TABELA SEP DO FORTES ⚠️
2025-10-13 13:24:43 | WARNING  | src.workflow_manager:aplicar_correcoes_fortes:263 - Operações SQL: UPDATE na tabela SEP (cadastro do funcionário)
2025-10-13 13:24:43 | WARNING  | src.workflow_manager:aplicar_correcoes_fortes:264 - Tabela afetada: SEP.PERCENTUALADIANT e SEP.VALORADIANT
2025-10-13 13:24:43 | WARNING  | src.workflow_manager:aplicar_correcoes_fortes:265 - APÓS estas alterações, você DEVE RECALCULAR a folha no Fortes!
2025-10-13 13:24:43 | WARNING  | src.workflow_manager:aplicar_correcoes_fortes:266 - ================================================================================
2025-10-13 13:24:43 | INFO     | src.fortes_pre_calculation:calcular_parametros_correcao:247 - Calculando parâmetros para 1 funcionários elegíveis
2025-10-13 13:24:43 | DEBUG    | src.fortes_pre_calculation:calcular_parametros_correcao:267 - Matrícula 000043: 50.02% (31.0 dias)
2025-10-13 13:24:43 | ERROR    | src.fortes_pre_calculation:verificar_permissao_update:51 - ================================================================================
2025-10-13 13:24:43 | ERROR    | src.fortes_pre_calculation:verificar_permissao_update:52 - ✗ SEM PERMISSÃO DE UPDATE NA TABELA SEP
2025-10-13 13:24:43 | ERROR    | src.fortes_pre_calculation:verificar_permissao_update:53 - ================================================================================
2025-10-13 13:24:43 | ERROR    | src.fortes_pre_calculation:verificar_permissao_update:54 - Solução: Execute no SQL Server (como DBA):
2025-10-13 13:24:43 | ERROR    | src.fortes_pre_calculation:verificar_permissao_update:55 - 
2025-10-13 13:24:43 | ERROR    | src.fortes_pre_calculation:verificar_permissao_update:56 -   USE AC;
2025-10-13 13:24:43 | ERROR    | src.fortes_pre_calculation:verificar_permissao_update:57 -   GO
2025-10-13 13:24:43 | ERROR    | src.fortes_pre_calculation:verificar_permissao_update:58 -   GRANT UPDATE ON dbo.SEP TO [seu_usuario];
2025-10-13 13:24:43 | ERROR    | src.fortes_pre_calculation:verificar_permissao_update:59 -   GO
2025-10-13 13:24:43 | ERROR    | src.fortes_pre_calculation:verificar_permissao_update:60 - 
2025-10-13 13:24:43 | ERROR    | src.fortes_pre_calculation:verificar_permissao_update:61 - Ou configure um usuário com permissões adequadas.
2025-10-13 13:24:43 | ERROR    | src.fortes_pre_calculation:verificar_permissao_update:62 - ================================================================================
2025-10-13 13:24:43 | ERROR    | src.fortes_pre_calculation:ajustar_lote:184 - ⚠️ Abortando lote: sem permissão de UPDATE na tabela SEP
