2025-09-11 14:30:52 | INFO     | main:run:11 - --- INICIANDO AUTOMAÇÃO PARA EMPRESA 9098 | COMPETÊNCIA: 2025-08 ---
2025-09-11 14:30:52 | INFO     | src.data_extraction:fetch_employee_base_data:9 - Iniciando a busca de dados para a empresa: 9098 | Competência: 2025-08
2025-09-11 14:30:52 | INFO     | src.database:get_db_connection:47 - Tentando conectar ao banco de dados...
2025-09-11 14:30:52 | INFO     | src.database:get_db_connection:49 - Conexão estabelecida com sucesso!
2025-09-11 14:30:52 | INFO     | src.data_extraction:fetch_employee_leaves:42 - Buscando dados de afastamentos (licenças)...
2025-09-11 14:30:52 | INFO     | src.database:get_db_connection:47 - Tentando conectar ao banco de dados...
2025-09-11 14:30:52 | INFO     | src.database:get_db_connection:49 - Conexão estabelecida com sucesso!
2025-09-11 14:30:52 | INFO     | src.data_extraction:fetch_employee_loans:72 - Buscando dados de empréstimos consignados...
2025-09-11 14:30:52 | INFO     | src.database:get_db_connection:47 - Tentando conectar ao banco de dados...
2025-09-11 14:30:52 | INFO     | src.database:get_db_connection:49 - Conexão estabelecida com sucesso!
2025-09-11 14:30:52 | INFO     | src.business_logic:processar_regras_e_calculos_jr:11 - Iniciando processamento de regras de negócio (Versão Definitiva)...
2025-09-11 14:30:52 | SUCCESS  | src.business_logic:processar_regras_e_calculos_jr:84 - Processamento de regras de negócio (Definitivo) concluído.
2025-09-11 14:30:52 | INFO     | src.business_logic:aplicar_descontos_consignado:89 - Aplicando descontos de empréstimo consignado...
2025-09-11 14:30:52 | SUCCESS  | src.business_logic:aplicar_descontos_consignado:104 - Descontos aplicados com sucesso.
2025-09-11 14:30:52 | SUCCESS  | src.file_generator:gerar_arquivo_final:36 - Arquivo final gerado com sucesso em: data/adiantamento_9098_2025-09-11.csv
2025-09-11 14:30:52 | SUCCESS  | main:run:42 - --- PROCESSO CONCLUÍDO ---
2025-09-11 14:33:44 | INFO     | src.data_extraction:fetch_all_companies:94 - Buscando lista de todas as empresas ativas...
2025-09-11 14:33:44 | INFO     | src.database:get_db_connection:47 - Tentando conectar ao banco de dados...
2025-09-11 14:33:44 | INFO     | src.database:get_db_connection:49 - Conexão estabelecida com sucesso!
2025-09-11 14:33:44 | INFO     | main:run:11 - --- INICIANDO AUTOMAÇÃO PARA EMPRESA 9098 | COMPETÊNCIA: 2025-08 ---
2025-09-11 14:33:44 | INFO     | src.data_extraction:fetch_employee_base_data:9 - Iniciando a busca de dados para a empresa: 9098 | Competência: 2025-08
2025-09-11 14:33:44 | INFO     | src.database:get_db_connection:47 - Tentando conectar ao banco de dados...
2025-09-11 14:33:44 | INFO     | src.database:get_db_connection:49 - Conexão estabelecida com sucesso!
2025-09-11 14:33:44 | INFO     | src.data_extraction:fetch_employee_leaves:42 - Buscando dados de afastamentos (licenças)...
2025-09-11 14:33:44 | INFO     | src.database:get_db_connection:47 - Tentando conectar ao banco de dados...
2025-09-11 14:33:44 | INFO     | src.database:get_db_connection:49 - Conexão estabelecida com sucesso!
2025-09-11 14:33:44 | INFO     | src.data_extraction:fetch_employee_loans:72 - Buscando dados de empréstimos consignados...
2025-09-11 14:33:44 | INFO     | src.database:get_db_connection:47 - Tentando conectar ao banco de dados...
2025-09-11 14:33:44 | INFO     | src.database:get_db_connection:49 - Conexão estabelecida com sucesso!
2025-09-11 14:33:44 | INFO     | src.business_logic:processar_regras_e_calculos_jr:11 - Iniciando processamento de regras de negócio (Versão Definitiva)...
2025-09-11 14:33:44 | SUCCESS  | src.business_logic:processar_regras_e_calculos_jr:84 - Processamento de regras de negócio (Definitivo) concluído.
2025-09-11 14:33:44 | INFO     | src.business_logic:aplicar_descontos_consignado:89 - Aplicando descontos de empréstimo consignado...
2025-09-11 14:33:44 | SUCCESS  | src.business_logic:aplicar_descontos_consignado:104 - Descontos aplicados com sucesso.
2025-09-11 14:33:44 | SUCCESS  | src.file_generator:gerar_arquivo_final:36 - Arquivo final gerado com sucesso em: data/adiantamento_9098_2025-09-11.csv
2025-09-11 14:33:44 | SUCCESS  | main:run:42 - --- PROCESSO CONCLUÍDO ---
