2025-09-09 11:48:20 | INFO     | main:run:18 - --- INICIANDO AUTOMAÇÃO PARA EMPRESA 9098 | COMPETÊNCIA: 2025-08 ---
2025-09-09 11:48:20 | INFO     | src.data_extraction:fetch_employee_base_data:9 - Iniciando a busca de dados para a empresa: 9098 | Competência: 2025-08
2025-09-09 11:48:20 | INFO     | src.database:get_db_connection:47 - Tentando conectar ao banco de dados...
2025-09-09 11:48:20 | INFO     | src.database:get_db_connection:49 - Conexão estabelecida com sucesso!
2025-09-09 11:48:20 | INFO     | src.data_extraction:fetch_employee_leaves:38 - Buscando dados de afastamentos (licenças)...
2025-09-09 11:48:20 | INFO     | src.database:get_db_connection:47 - Tentando conectar ao banco de dados...
2025-09-09 11:48:20 | INFO     | src.database:get_db_connection:49 - Conexão estabelecida com sucesso!
2025-09-09 11:48:20 | INFO     | src.data_extraction:fetch_employee_loans:68 - Buscando dados de empréstimos consignados...
2025-09-09 11:48:20 | INFO     | src.database:get_db_connection:47 - Tentando conectar ao banco de dados...
2025-09-09 11:48:20 | INFO     | src.database:get_db_connection:49 - Conexão estabelecida com sucesso!
2025-09-09 11:48:20 | INFO     | src.data_validation:validate_employee_data:39 - Iniciando validação da estrutura dos dados...
2025-09-09 11:48:20 | SUCCESS  | src.data_validation:validate_employee_data:61 - Validação de dados concluída.
2025-09-09 11:48:20 | INFO     | src.business_logic:processar_regras_e_calculos_jr:12 - Iniciando processamento de regras de negócio e cálculos...
2025-09-09 11:48:20 | SUCCESS  | src.business_logic:processar_regras_e_calculos_jr:99 - Processamento de regras e cálculos concluído.
2025-09-09 11:48:20 | INFO     | src.business_logic:aplicar_descontos_consignado:103 - Aplicando descontos de empréstimo consignado...
2025-09-09 11:48:20 | SUCCESS  | src.business_logic:aplicar_descontos_consignado:116 - Descontos aplicados com sucesso.
2025-09-09 11:48:20 | SUCCESS  | src.file_generator:gerar_arquivo_final:36 - Arquivo final gerado com sucesso em: data/adiantamento_9098_2025-09-09.csv
2025-09-09 11:48:20 | SUCCESS  | main:run:49 - --- PROCESSO CONCLUÍDO ---
2025-09-09 13:51:02 | INFO     | src.data_extraction:fetch_all_companies:90 - Buscando lista de todas as empresas ativas...
2025-09-09 13:51:02 | INFO     | src.database:get_db_connection:47 - Tentando conectar ao banco de dados...
2025-09-09 13:51:02 | INFO     | src.database:get_db_connection:49 - Conexão estabelecida com sucesso!
2025-09-09 13:51:12 | INFO     | main:run:18 - --- INICIANDO AUTOMAÇÃO PARA EMPRESA 9098 | COMPETÊNCIA: 2025-08 ---
2025-09-09 13:51:12 | INFO     | src.data_extraction:fetch_employee_base_data:9 - Iniciando a busca de dados para a empresa: 9098 | Competência: 2025-08
2025-09-09 13:51:12 | INFO     | src.database:get_db_connection:47 - Tentando conectar ao banco de dados...
2025-09-09 13:51:12 | INFO     | src.database:get_db_connection:49 - Conexão estabelecida com sucesso!
2025-09-09 13:51:12 | INFO     | src.data_extraction:fetch_employee_leaves:38 - Buscando dados de afastamentos (licenças)...
2025-09-09 13:51:12 | INFO     | src.database:get_db_connection:47 - Tentando conectar ao banco de dados...
2025-09-09 13:51:12 | INFO     | src.database:get_db_connection:49 - Conexão estabelecida com sucesso!
2025-09-09 13:51:12 | INFO     | src.data_extraction:fetch_employee_loans:68 - Buscando dados de empréstimos consignados...
2025-09-09 13:51:12 | INFO     | src.database:get_db_connection:47 - Tentando conectar ao banco de dados...
2025-09-09 13:51:12 | INFO     | src.database:get_db_connection:49 - Conexão estabelecida com sucesso!
2025-09-09 13:51:12 | INFO     | src.data_validation:validate_employee_data:39 - Iniciando validação da estrutura dos dados...
2025-09-09 13:51:12 | SUCCESS  | src.data_validation:validate_employee_data:61 - Validação de dados concluída.
2025-09-09 13:51:12 | INFO     | src.business_logic:processar_regras_e_calculos_jr:12 - Iniciando processamento de regras de negócio e cálculos...
2025-09-09 13:51:12 | SUCCESS  | src.business_logic:processar_regras_e_calculos_jr:99 - Processamento de regras e cálculos concluído.
2025-09-09 13:51:12 | INFO     | src.business_logic:aplicar_descontos_consignado:103 - Aplicando descontos de empréstimo consignado...
2025-09-09 13:51:12 | SUCCESS  | src.business_logic:aplicar_descontos_consignado:116 - Descontos aplicados com sucesso.
2025-09-09 13:51:12 | SUCCESS  | src.file_generator:gerar_arquivo_final:36 - Arquivo final gerado com sucesso em: data/adiantamento_9098_2025-09-09.csv
2025-09-09 13:51:12 | SUCCESS  | main:run:49 - --- PROCESSO CONCLUÍDO ---
