2025-10-13 12:29:49 | INFO     | src.workflow_manager:executar_calculo:90 - Iniciando cálculo para AMM SERVICOS DE APOIO ADMINISTRATIVO LTDA - 10/2025
2025-10-13 12:29:50 | INFO     | src.workflow_manager:executar_calculo:101 - Encontrados 41 funcionários
2025-10-13 12:29:50 | SUCCESS  | src.workflow_manager:executar_calculo:130 - Cálculo concluído: 37 funcionários elegíveis, R$ 24,717.58
2025-10-13 12:29:50 | INFO     | src.workflow_manager:comparar_com_fortes:172 - Folha encontrada: SEQ 313
2025-10-13 12:29:53 | WARNING  | src.workflow_manager:comparar_com_fortes:199 - Encontradas 4 divergências
2025-10-13 12:29:53 | WARNING  | src.workflow_manager:aplicar_correcoes_fortes:261 - ================================================================================
2025-10-13 12:29:53 | WARNING  | src.workflow_manager:aplicar_correcoes_fortes:262 - ⚠️ AJUSTANDO PARÂMETROS NA TABELA SEP DO FORTES ⚠️
2025-10-13 12:29:53 | WARNING  | src.workflow_manager:aplicar_correcoes_fortes:263 - Operações SQL: UPDATE na tabela SEP (cadastro do funcionário)
2025-10-13 12:29:53 | WARNING  | src.workflow_manager:aplicar_correcoes_fortes:264 - Tabela afetada: SEP.PERCENTUALADIANT e SEP.VALORADIANT
2025-10-13 12:29:53 | WARNING  | src.workflow_manager:aplicar_correcoes_fortes:265 - APÓS estas alterações, você DEVE RECALCULAR a folha no Fortes!
2025-10-13 12:29:53 | WARNING  | src.workflow_manager:aplicar_correcoes_fortes:266 - ================================================================================
2025-10-13 12:29:53 | INFO     | src.fortes_pre_calculation:calcular_parametros_correcao:165 - Calculando parâmetros para 37 funcionários elegíveis
2025-10-13 12:29:53 | DEBUG    | src.fortes_pre_calculation:calcular_parametros_correcao:183 - Matrícula 000063: 40.00% (31.0 dias)
2025-10-13 12:29:53 | DEBUG    | src.fortes_pre_calculation:calcular_parametros_correcao:183 - Matrícula 000044: 40.00% (31.0 dias)
2025-10-13 12:29:53 | DEBUG    | src.fortes_pre_calculation:calcular_parametros_correcao:183 - Matrícula 000065: 40.00% (31.0 dias)
2025-10-13 12:29:53 | DEBUG    | src.fortes_pre_calculation:calcular_parametros_correcao:183 - Matrícula 000009: 40.00% (31.0 dias)
2025-10-13 12:29:53 | DEBUG    | src.fortes_pre_calculation:calcular_parametros_correcao:183 - Matrícula 000014: 40.00% (31.0 dias)
2025-10-13 12:29:53 | DEBUG    | src.fortes_pre_calculation:calcular_parametros_correcao:183 - Matrícula 000003: 40.00% (31.0 dias)
2025-10-13 12:29:53 | DEBUG    | src.fortes_pre_calculation:calcular_parametros_correcao:183 - Matrícula 000013: 67.10% (31.0 dias)
2025-10-13 12:29:53 | DEBUG    | src.fortes_pre_calculation:calcular_parametros_correcao:183 - Matrícula 000047: 40.00% (31.0 dias)
2025-10-13 12:29:53 | DEBUG    | src.fortes_pre_calculation:calcular_parametros_correcao:183 - Matrícula 000056: 40.00% (31.0 dias)
2025-10-13 12:29:53 | DEBUG    | src.fortes_pre_calculation:calcular_parametros_correcao:183 - Matrícula 000052: 40.00% (31.0 dias)
2025-10-13 12:29:53 | DEBUG    | src.fortes_pre_calculation:calcular_parametros_correcao:183 - Matrícula 000053: 40.00% (31.0 dias)
2025-10-13 12:29:53 | DEBUG    | src.fortes_pre_calculation:calcular_parametros_correcao:192 - Matrícula 000025: R$ 537.00 fixo (26.0 dias)
2025-10-13 12:29:53 | DEBUG    | src.fortes_pre_calculation:calcular_parametros_correcao:183 - Matrícula 000048: 40.00% (31.0 dias)
2025-10-13 12:29:53 | DEBUG    | src.fortes_pre_calculation:calcular_parametros_correcao:183 - Matrícula 000055: 40.00% (31.0 dias)
2025-10-13 12:29:53 | DEBUG    | src.fortes_pre_calculation:calcular_parametros_correcao:183 - Matrícula 000061: 40.00% (31.0 dias)
2025-10-13 12:29:53 | DEBUG    | src.fortes_pre_calculation:calcular_parametros_correcao:183 - Matrícula 000066: 40.00% (31.0 dias)
2025-10-13 12:29:53 | DEBUG    | src.fortes_pre_calculation:calcular_parametros_correcao:192 - Matrícula 000070: R$ 537.00 fixo (26.0 dias)
2025-10-13 12:29:53 | DEBUG    | src.fortes_pre_calculation:calcular_parametros_correcao:183 - Matrícula 000049: 40.00% (31.0 dias)
2025-10-13 12:29:53 | DEBUG    | src.fortes_pre_calculation:calcular_parametros_correcao:183 - Matrícula 000018: 56.82% (31.0 dias)
2025-10-13 12:29:53 | DEBUG    | src.fortes_pre_calculation:calcular_parametros_correcao:183 - Matrícula 000016: 45.16% (31.0 dias)
2025-10-13 12:29:53 | DEBUG    | src.fortes_pre_calculation:calcular_parametros_correcao:192 - Matrícula 000069: R$ 537.00 fixo (26.0 dias)
2025-10-13 12:29:53 | DEBUG    | src.fortes_pre_calculation:calcular_parametros_correcao:183 - Matrícula 000038: 54.19% (31.0 dias)
2025-10-13 12:29:53 | DEBUG    | src.fortes_pre_calculation:calcular_parametros_correcao:183 - Matrícula 000037: 40.00% (31.0 dias)
2025-10-13 12:29:53 | DEBUG    | src.fortes_pre_calculation:calcular_parametros_correcao:183 - Matrícula 000010: 77.42% (31.0 dias)
2025-10-13 12:29:53 | DEBUG    | src.fortes_pre_calculation:calcular_parametros_correcao:183 - Matrícula 000027: 40.00% (31.0 dias)
2025-10-13 12:29:53 | DEBUG    | src.fortes_pre_calculation:calcular_parametros_correcao:183 - Matrícula 000019: 71.97% (31.0 dias)
2025-10-13 12:29:53 | DEBUG    | src.fortes_pre_calculation:calcular_parametros_correcao:192 - Matrícula 000043: R$ 537.00 fixo (26.0 dias)
2025-10-13 12:29:53 | DEBUG    | src.fortes_pre_calculation:calcular_parametros_correcao:183 - Matrícula 000033: 40.00% (31.0 dias)
2025-10-13 12:29:53 | DEBUG    | src.fortes_pre_calculation:calcular_parametros_correcao:183 - Matrícula 000057: 40.00% (31.0 dias)
2025-10-13 12:29:53 | DEBUG    | src.fortes_pre_calculation:calcular_parametros_correcao:183 - Matrícula 000045: 40.00% (31.0 dias)
2025-10-13 12:29:53 | DEBUG    | src.fortes_pre_calculation:calcular_parametros_correcao:183 - Matrícula 000068: 40.00% (31.0 dias)
2025-10-13 12:29:53 | DEBUG    | src.fortes_pre_calculation:calcular_parametros_correcao:183 - Matrícula 000028: 40.00% (31.0 dias)
2025-10-13 12:29:53 | DEBUG    | src.fortes_pre_calculation:calcular_parametros_correcao:183 - Matrícula 000007: 40.00% (31.0 dias)
2025-10-13 12:29:53 | DEBUG    | src.fortes_pre_calculation:calcular_parametros_correcao:183 - Matrícula 000001: 40.00% (31.0 dias)
2025-10-13 12:29:53 | DEBUG    | src.fortes_pre_calculation:calcular_parametros_correcao:183 - Matrícula 000032: 40.00% (31.0 dias)
2025-10-13 12:29:53 | DEBUG    | src.fortes_pre_calculation:calcular_parametros_correcao:183 - Matrícula 000021: 40.00% (31.0 dias)
2025-10-13 12:29:53 | DEBUG    | src.fortes_pre_calculation:calcular_parametros_correcao:183 - Matrícula 000029: 40.00% (31.0 dias)
2025-10-13 12:29:53 | ERROR    | src.fortes_pre_calculation:ajustar_parametros_funcionario:105 - Erro ao atualizar parâmetros: (229, b"The UPDATE permission was denied on the object 'SEP', database 'AC', schema 'dbo'.DB-Lib error message 20018, severity 14:\nGeneral SQL Server error: Check messages from the SQL Server\n")
2025-10-13 12:29:53 | ERROR    | src.fortes_pre_calculation:ajustar_parametros_funcionario:105 - Erro ao atualizar parâmetros: (229, b"The UPDATE permission was denied on the object 'SEP', database 'AC', schema 'dbo'.DB-Lib error message 20018, severity 14:\nGeneral SQL Server error: Check messages from the SQL Server\n")
2025-10-13 12:29:53 | ERROR    | src.fortes_pre_calculation:ajustar_parametros_funcionario:105 - Erro ao atualizar parâmetros: (229, b"The UPDATE permission was denied on the object 'SEP', database 'AC', schema 'dbo'.DB-Lib error message 20018, severity 14:\nGeneral SQL Server error: Check messages from the SQL Server\n")
2025-10-13 12:29:53 | ERROR    | src.fortes_pre_calculation:ajustar_parametros_funcionario:105 - Erro ao atualizar parâmetros: (229, b"The UPDATE permission was denied on the object 'SEP', database 'AC', schema 'dbo'.DB-Lib error message 20018, severity 14:\nGeneral SQL Server error: Check messages from the SQL Server\n")
2025-10-13 12:29:53 | ERROR    | src.fortes_pre_calculation:ajustar_parametros_funcionario:105 - Erro ao atualizar parâmetros: (229, b"The UPDATE permission was denied on the object 'SEP', database 'AC', schema 'dbo'.DB-Lib error message 20018, severity 14:\nGeneral SQL Server error: Check messages from the SQL Server\n")
2025-10-13 12:29:53 | ERROR    | src.fortes_pre_calculation:ajustar_parametros_funcionario:105 - Erro ao atualizar parâmetros: (229, b"The UPDATE permission was denied on the object 'SEP', database 'AC', schema 'dbo'.DB-Lib error message 20018, severity 14:\nGeneral SQL Server error: Check messages from the SQL Server\n")
2025-10-13 12:29:53 | ERROR    | src.fortes_pre_calculation:ajustar_parametros_funcionario:105 - Erro ao atualizar parâmetros: (229, b"The UPDATE permission was denied on the object 'SEP', database 'AC', schema 'dbo'.DB-Lib error message 20018, severity 14:\nGeneral SQL Server error: Check messages from the SQL Server\n")
2025-10-13 12:29:53 | ERROR    | src.fortes_pre_calculation:ajustar_parametros_funcionario:105 - Erro ao atualizar parâmetros: (229, b"The UPDATE permission was denied on the object 'SEP', database 'AC', schema 'dbo'.DB-Lib error message 20018, severity 14:\nGeneral SQL Server error: Check messages from the SQL Server\n")
2025-10-13 12:29:53 | ERROR    | src.fortes_pre_calculation:ajustar_parametros_funcionario:105 - Erro ao atualizar parâmetros: (229, b"The UPDATE permission was denied on the object 'SEP', database 'AC', schema 'dbo'.DB-Lib error message 20018, severity 14:\nGeneral SQL Server error: Check messages from the SQL Server\n")
2025-10-13 12:29:53 | ERROR    | src.fortes_pre_calculation:ajustar_parametros_funcionario:105 - Erro ao atualizar parâmetros: (229, b"The UPDATE permission was denied on the object 'SEP', database 'AC', schema 'dbo'.DB-Lib error message 20018, severity 14:\nGeneral SQL Server error: Check messages from the SQL Server\n")
2025-10-13 12:29:53 | ERROR    | src.fortes_pre_calculation:ajustar_parametros_funcionario:105 - Erro ao atualizar parâmetros: (229, b"The UPDATE permission was denied on the object 'SEP', database 'AC', schema 'dbo'.DB-Lib error message 20018, severity 14:\nGeneral SQL Server error: Check messages from the SQL Server\n")
2025-10-13 12:29:53 | ERROR    | src.fortes_pre_calculation:ajustar_parametros_funcionario:105 - Erro ao atualizar parâmetros: (229, b"The UPDATE permission was denied on the object 'SEP', database 'AC', schema 'dbo'.DB-Lib error message 20018, severity 14:\nGeneral SQL Server error: Check messages from the SQL Server\n")
2025-10-13 12:29:54 | ERROR    | src.fortes_pre_calculation:ajustar_parametros_funcionario:105 - Erro ao atualizar parâmetros: (229, b"The UPDATE permission was denied on the object 'SEP', database 'AC', schema 'dbo'.DB-Lib error message 20018, severity 14:\nGeneral SQL Server error: Check messages from the SQL Server\n")
2025-10-13 12:29:54 | ERROR    | src.fortes_pre_calculation:ajustar_parametros_funcionario:105 - Erro ao atualizar parâmetros: (229, b"The UPDATE permission was denied on the object 'SEP', database 'AC', schema 'dbo'.DB-Lib error message 20018, severity 14:\nGeneral SQL Server error: Check messages from the SQL Server\n")
2025-10-13 12:29:54 | ERROR    | src.fortes_pre_calculation:ajustar_parametros_funcionario:105 - Erro ao atualizar parâmetros: (229, b"The UPDATE permission was denied on the object 'SEP', database 'AC', schema 'dbo'.DB-Lib error message 20018, severity 14:\nGeneral SQL Server error: Check messages from the SQL Server\n")
2025-10-13 12:29:54 | ERROR    | src.fortes_pre_calculation:ajustar_parametros_funcionario:105 - Erro ao atualizar parâmetros: (229, b"The UPDATE permission was denied on the object 'SEP', database 'AC', schema 'dbo'.DB-Lib error message 20018, severity 14:\nGeneral SQL Server error: Check messages from the SQL Server\n")
2025-10-13 12:29:54 | ERROR    | src.fortes_pre_calculation:ajustar_parametros_funcionario:105 - Erro ao atualizar parâmetros: (229, b"The UPDATE permission was denied on the object 'SEP', database 'AC', schema 'dbo'.DB-Lib error message 20018, severity 14:\nGeneral SQL Server error: Check messages from the SQL Server\n")
2025-10-13 12:29:54 | ERROR    | src.fortes_pre_calculation:ajustar_parametros_funcionario:105 - Erro ao atualizar parâmetros: (229, b"The UPDATE permission was denied on the object 'SEP', database 'AC', schema 'dbo'.DB-Lib error message 20018, severity 14:\nGeneral SQL Server error: Check messages from the SQL Server\n")
2025-10-13 12:29:54 | ERROR    | src.fortes_pre_calculation:ajustar_parametros_funcionario:105 - Erro ao atualizar parâmetros: (229, b"The UPDATE permission was denied on the object 'SEP', database 'AC', schema 'dbo'.DB-Lib error message 20018, severity 14:\nGeneral SQL Server error: Check messages from the SQL Server\n")
2025-10-13 12:29:54 | ERROR    | src.fortes_pre_calculation:ajustar_parametros_funcionario:105 - Erro ao atualizar parâmetros: (229, b"The UPDATE permission was denied on the object 'SEP', database 'AC', schema 'dbo'.DB-Lib error message 20018, severity 14:\nGeneral SQL Server error: Check messages from the SQL Server\n")
2025-10-13 12:29:54 | ERROR    | src.fortes_pre_calculation:ajustar_parametros_funcionario:105 - Erro ao atualizar parâmetros: (229, b"The UPDATE permission was denied on the object 'SEP', database 'AC', schema 'dbo'.DB-Lib error message 20018, severity 14:\nGeneral SQL Server error: Check messages from the SQL Server\n")
2025-10-13 12:29:54 | ERROR    | src.fortes_pre_calculation:ajustar_parametros_funcionario:105 - Erro ao atualizar parâmetros: (229, b"The UPDATE permission was denied on the object 'SEP', database 'AC', schema 'dbo'.DB-Lib error message 20018, severity 14:\nGeneral SQL Server error: Check messages from the SQL Server\n")
2025-10-13 12:29:54 | ERROR    | src.fortes_pre_calculation:ajustar_parametros_funcionario:105 - Erro ao atualizar parâmetros: (229, b"The UPDATE permission was denied on the object 'SEP', database 'AC', schema 'dbo'.DB-Lib error message 20018, severity 14:\nGeneral SQL Server error: Check messages from the SQL Server\n")
2025-10-13 12:29:54 | ERROR    | src.fortes_pre_calculation:ajustar_parametros_funcionario:105 - Erro ao atualizar parâmetros: (229, b"The UPDATE permission was denied on the object 'SEP', database 'AC', schema 'dbo'.DB-Lib error message 20018, severity 14:\nGeneral SQL Server error: Check messages from the SQL Server\n")
2025-10-13 12:29:54 | ERROR    | src.fortes_pre_calculation:ajustar_parametros_funcionario:105 - Erro ao atualizar parâmetros: (229, b"The UPDATE permission was denied on the object 'SEP', database 'AC', schema 'dbo'.DB-Lib error message 20018, severity 14:\nGeneral SQL Server error: Check messages from the SQL Server\n")
2025-10-13 12:29:54 | ERROR    | src.fortes_pre_calculation:ajustar_parametros_funcionario:105 - Erro ao atualizar parâmetros: (229, b"The UPDATE permission was denied on the object 'SEP', database 'AC', schema 'dbo'.DB-Lib error message 20018, severity 14:\nGeneral SQL Server error: Check messages from the SQL Server\n")
2025-10-13 12:29:55 | ERROR    | src.fortes_pre_calculation:ajustar_parametros_funcionario:105 - Erro ao atualizar parâmetros: (229, b"The UPDATE permission was denied on the object 'SEP', database 'AC', schema 'dbo'.DB-Lib error message 20018, severity 14:\nGeneral SQL Server error: Check messages from the SQL Server\n")
2025-10-13 12:29:55 | ERROR    | src.fortes_pre_calculation:ajustar_parametros_funcionario:105 - Erro ao atualizar parâmetros: (229, b"The UPDATE permission was denied on the object 'SEP', database 'AC', schema 'dbo'.DB-Lib error message 20018, severity 14:\nGeneral SQL Server error: Check messages from the SQL Server\n")
2025-10-13 12:29:55 | ERROR    | src.fortes_pre_calculation:ajustar_parametros_funcionario:105 - Erro ao atualizar parâmetros: (229, b"The UPDATE permission was denied on the object 'SEP', database 'AC', schema 'dbo'.DB-Lib error message 20018, severity 14:\nGeneral SQL Server error: Check messages from the SQL Server\n")
2025-10-13 12:29:55 | ERROR    | src.fortes_pre_calculation:ajustar_parametros_funcionario:105 - Erro ao atualizar parâmetros: (229, b"The UPDATE permission was denied on the object 'SEP', database 'AC', schema 'dbo'.DB-Lib error message 20018, severity 14:\nGeneral SQL Server error: Check messages from the SQL Server\n")
2025-10-13 12:29:55 | ERROR    | src.fortes_pre_calculation:ajustar_parametros_funcionario:105 - Erro ao atualizar parâmetros: (229, b"The UPDATE permission was denied on the object 'SEP', database 'AC', schema 'dbo'.DB-Lib error message 20018, severity 14:\nGeneral SQL Server error: Check messages from the SQL Server\n")
2025-10-13 12:29:55 | ERROR    | src.fortes_pre_calculation:ajustar_parametros_funcionario:105 - Erro ao atualizar parâmetros: (229, b"The UPDATE permission was denied on the object 'SEP', database 'AC', schema 'dbo'.DB-Lib error message 20018, severity 14:\nGeneral SQL Server error: Check messages from the SQL Server\n")
2025-10-13 12:29:55 | ERROR    | src.fortes_pre_calculation:ajustar_parametros_funcionario:105 - Erro ao atualizar parâmetros: (229, b"The UPDATE permission was denied on the object 'SEP', database 'AC', schema 'dbo'.DB-Lib error message 20018, severity 14:\nGeneral SQL Server error: Check messages from the SQL Server\n")
2025-10-13 12:29:55 | ERROR    | src.fortes_pre_calculation:ajustar_parametros_funcionario:105 - Erro ao atualizar parâmetros: (229, b"The UPDATE permission was denied on the object 'SEP', database 'AC', schema 'dbo'.DB-Lib error message 20018, severity 14:\nGeneral SQL Server error: Check messages from the SQL Server\n")
2025-10-13 12:29:55 | ERROR    | src.fortes_pre_calculation:ajustar_parametros_funcionario:105 - Erro ao atualizar parâmetros: (229, b"The UPDATE permission was denied on the object 'SEP', database 'AC', schema 'dbo'.DB-Lib error message 20018, severity 14:\nGeneral SQL Server error: Check messages from the SQL Server\n")
2025-10-13 12:29:55 | ERROR    | src.fortes_pre_calculation:ajustar_parametros_funcionario:105 - Erro ao atualizar parâmetros: (229, b"The UPDATE permission was denied on the object 'SEP', database 'AC', schema 'dbo'.DB-Lib error message 20018, severity 14:\nGeneral SQL Server error: Check messages from the SQL Server\n")
2025-10-13 12:29:55 | ERROR    | src.fortes_pre_calculation:ajustar_parametros_funcionario:105 - Erro ao atualizar parâmetros: (229, b"The UPDATE permission was denied on the object 'SEP', database 'AC', schema 'dbo'.DB-Lib error message 20018, severity 14:\nGeneral SQL Server error: Check messages from the SQL Server\n")
2025-10-13 12:29:55 | INFO     | src.fortes_pre_calculation:ajustar_lote:146 - Ajustes aplicados: 0 sucessos, 37 falhas
