2025-09-09 13:51:51 | INFO     | src.data_extraction:fetch_all_companies:90 - Buscando lista de todas as empresas ativas...
2025-09-09 13:51:51 | INFO     | src.database:get_db_connection:47 - Tentando conectar ao banco de dados...
2025-09-09 13:51:51 | INFO     | src.database:get_db_connection:49 - Conexão estabelecida com sucesso!
2025-09-09 13:51:59 | INFO     | main:run:18 - --- INICIANDO AUTOMAÇÃO PARA EMPRESA 9098 | COMPETÊNCIA: 2025-08 ---
2025-09-09 13:51:59 | INFO     | src.data_extraction:fetch_employee_base_data:9 - Iniciando a busca de dados para a empresa: 9098 | Competência: 2025-08
2025-09-09 13:51:59 | INFO     | src.database:get_db_connection:47 - Tentando conectar ao banco de dados...
2025-09-09 13:51:59 | INFO     | src.database:get_db_connection:49 - Conexão estabelecida com sucesso!
2025-09-09 13:51:59 | INFO     | src.data_extraction:fetch_employee_leaves:38 - Buscando dados de afastamentos (licenças)...
2025-09-09 13:51:59 | INFO     | src.database:get_db_connection:47 - Tentando conectar ao banco de dados...
2025-09-09 13:51:59 | INFO     | src.database:get_db_connection:49 - Conexão estabelecida com sucesso!
2025-09-09 13:51:59 | INFO     | src.data_extraction:fetch_employee_loans:68 - Buscando dados de empréstimos consignados...
2025-09-09 13:51:59 | INFO     | src.database:get_db_connection:47 - Tentando conectar ao banco de dados...
2025-09-09 13:51:59 | INFO     | src.database:get_db_connection:49 - Conexão estabelecida com sucesso!
2025-09-09 13:51:59 | INFO     | src.data_validation:validate_employee_data:39 - Iniciando validação da estrutura dos dados...
2025-09-09 13:51:59 | SUCCESS  | src.data_validation:validate_employee_data:61 - Validação de dados concluída.
2025-09-09 13:51:59 | INFO     | src.business_logic:processar_regras_e_calculos_jr:28 - Iniciando processamento de regras de negócio (v2.1)...
2025-09-09 13:51:59 | INFO     | src.business_logic:processar_regras_e_calculos_jr:33 - Mês de competência tem 31 dias.
2025-09-09 13:51:59 | SUCCESS  | src.business_logic:processar_regras_e_calculos_jr:144 - Processamento de regras e cálculos (v2.1) concluído.
2025-09-09 13:51:59 | INFO     | src.business_logic:aplicar_descontos_consignado:149 - Aplicando descontos de empréstimo consignado...
2025-09-09 13:51:59 | SUCCESS  | src.business_logic:aplicar_descontos_consignado:164 - Descontos aplicados com sucesso.
2025-09-09 13:51:59 | SUCCESS  | src.file_generator:gerar_arquivo_final:36 - Arquivo final gerado com sucesso em: data/adiantamento_9098_2025-09-09.csv
2025-09-09 13:51:59 | SUCCESS  | main:run:61 - --- PROCESSO CONCLUÍDO ---
2025-09-09 13:52:33 | INFO     | main:run:18 - --- INICIANDO AUTOMAÇÃO PARA EMPRESA 9098 | COMPETÊNCIA: 2025-08 ---
2025-09-09 13:52:33 | INFO     | src.data_extraction:fetch_employee_base_data:9 - Iniciando a busca de dados para a empresa: 9098 | Competência: 2025-08
2025-09-09 13:52:33 | INFO     | src.database:get_db_connection:47 - Tentando conectar ao banco de dados...
2025-09-09 13:52:33 | INFO     | src.database:get_db_connection:49 - Conexão estabelecida com sucesso!
2025-09-09 13:52:33 | INFO     | src.data_extraction:fetch_employee_leaves:38 - Buscando dados de afastamentos (licenças)...
2025-09-09 13:52:33 | INFO     | src.database:get_db_connection:47 - Tentando conectar ao banco de dados...
2025-09-09 13:52:33 | INFO     | src.database:get_db_connection:49 - Conexão estabelecida com sucesso!
2025-09-09 13:52:34 | INFO     | src.data_extraction:fetch_employee_loans:68 - Buscando dados de empréstimos consignados...
2025-09-09 13:52:34 | INFO     | src.database:get_db_connection:47 - Tentando conectar ao banco de dados...
2025-09-09 13:52:34 | INFO     | src.database:get_db_connection:49 - Conexão estabelecida com sucesso!
2025-09-09 13:52:34 | INFO     | src.data_validation:validate_employee_data:39 - Iniciando validação da estrutura dos dados...
2025-09-09 13:52:34 | SUCCESS  | src.data_validation:validate_employee_data:61 - Validação de dados concluída.
2025-09-09 13:52:34 | INFO     | src.business_logic:processar_regras_e_calculos_jr:28 - Iniciando processamento de regras de negócio (v2.1)...
2025-09-09 13:52:34 | INFO     | src.business_logic:processar_regras_e_calculos_jr:33 - Mês de competência tem 31 dias.
2025-09-09 13:52:34 | SUCCESS  | src.business_logic:processar_regras_e_calculos_jr:144 - Processamento de regras e cálculos (v2.1) concluído.
2025-09-09 13:52:34 | INFO     | src.business_logic:aplicar_descontos_consignado:149 - Aplicando descontos de empréstimo consignado...
2025-09-09 13:52:34 | SUCCESS  | src.business_logic:aplicar_descontos_consignado:164 - Descontos aplicados com sucesso.
2025-09-09 13:52:34 | SUCCESS  | src.file_generator:gerar_arquivo_final:36 - Arquivo final gerado com sucesso em: data/adiantamento_9098_2025-09-09.csv
2025-09-09 13:52:34 | SUCCESS  | main:run:61 - --- PROCESSO CONCLUÍDO ---
2025-09-09 13:52:37 | INFO     | main:run:18 - --- INICIANDO AUTOMAÇÃO PARA EMPRESA 9098 | COMPETÊNCIA: 2025-09 ---
2025-09-09 13:52:37 | INFO     | src.data_extraction:fetch_employee_base_data:9 - Iniciando a busca de dados para a empresa: 9098 | Competência: 2025-09
2025-09-09 13:52:37 | INFO     | src.database:get_db_connection:47 - Tentando conectar ao banco de dados...
2025-09-09 13:52:37 | INFO     | src.database:get_db_connection:49 - Conexão estabelecida com sucesso!
2025-09-09 13:52:37 | INFO     | src.data_extraction:fetch_employee_leaves:38 - Buscando dados de afastamentos (licenças)...
2025-09-09 13:52:37 | INFO     | src.database:get_db_connection:47 - Tentando conectar ao banco de dados...
2025-09-09 13:52:37 | INFO     | src.database:get_db_connection:49 - Conexão estabelecida com sucesso!
2025-09-09 13:52:37 | INFO     | src.data_extraction:fetch_employee_loans:68 - Buscando dados de empréstimos consignados...
2025-09-09 13:52:37 | INFO     | src.database:get_db_connection:47 - Tentando conectar ao banco de dados...
2025-09-09 13:52:37 | INFO     | src.database:get_db_connection:49 - Conexão estabelecida com sucesso!
2025-09-09 13:52:37 | INFO     | src.data_validation:validate_employee_data:39 - Iniciando validação da estrutura dos dados...
2025-09-09 13:52:37 | SUCCESS  | src.data_validation:validate_employee_data:61 - Validação de dados concluída.
2025-09-09 13:52:37 | INFO     | src.business_logic:processar_regras_e_calculos_jr:28 - Iniciando processamento de regras de negócio (v2.1)...
2025-09-09 13:52:37 | INFO     | src.business_logic:processar_regras_e_calculos_jr:33 - Mês de competência tem 30 dias.
2025-09-09 13:52:38 | SUCCESS  | src.business_logic:processar_regras_e_calculos_jr:144 - Processamento de regras e cálculos (v2.1) concluído.
2025-09-09 13:52:38 | INFO     | src.business_logic:aplicar_descontos_consignado:149 - Aplicando descontos de empréstimo consignado...
2025-09-09 13:52:38 | SUCCESS  | src.business_logic:aplicar_descontos_consignado:164 - Descontos aplicados com sucesso.
2025-09-09 13:52:38 | SUCCESS  | src.file_generator:gerar_arquivo_final:36 - Arquivo final gerado com sucesso em: data/adiantamento_9098_2025-09-09.csv
2025-09-09 13:52:38 | SUCCESS  | main:run:61 - --- PROCESSO CONCLUÍDO ---
2025-09-09 13:52:40 | INFO     | main:run:18 - --- INICIANDO AUTOMAÇÃO PARA EMPRESA 9098 | COMPETÊNCIA: 2025-07 ---
2025-09-09 13:52:40 | INFO     | src.data_extraction:fetch_employee_base_data:9 - Iniciando a busca de dados para a empresa: 9098 | Competência: 2025-07
2025-09-09 13:52:40 | INFO     | src.database:get_db_connection:47 - Tentando conectar ao banco de dados...
2025-09-09 13:52:40 | INFO     | src.database:get_db_connection:49 - Conexão estabelecida com sucesso!
2025-09-09 13:52:40 | INFO     | src.data_extraction:fetch_employee_leaves:38 - Buscando dados de afastamentos (licenças)...
2025-09-09 13:52:40 | INFO     | src.database:get_db_connection:47 - Tentando conectar ao banco de dados...
2025-09-09 13:52:40 | INFO     | src.database:get_db_connection:49 - Conexão estabelecida com sucesso!
2025-09-09 13:52:41 | INFO     | src.data_extraction:fetch_employee_loans:68 - Buscando dados de empréstimos consignados...
2025-09-09 13:52:41 | INFO     | src.database:get_db_connection:47 - Tentando conectar ao banco de dados...
2025-09-09 13:52:41 | INFO     | src.database:get_db_connection:49 - Conexão estabelecida com sucesso!
2025-09-09 13:52:41 | INFO     | src.data_validation:validate_employee_data:39 - Iniciando validação da estrutura dos dados...
2025-09-09 13:52:41 | SUCCESS  | src.data_validation:validate_employee_data:61 - Validação de dados concluída.
2025-09-09 13:52:41 | INFO     | src.business_logic:processar_regras_e_calculos_jr:28 - Iniciando processamento de regras de negócio (v2.1)...
2025-09-09 13:52:41 | INFO     | src.business_logic:processar_regras_e_calculos_jr:33 - Mês de competência tem 31 dias.
2025-09-09 13:52:41 | SUCCESS  | src.business_logic:processar_regras_e_calculos_jr:144 - Processamento de regras e cálculos (v2.1) concluído.
2025-09-09 13:52:41 | INFO     | src.business_logic:aplicar_descontos_consignado:149 - Aplicando descontos de empréstimo consignado...
2025-09-09 13:52:41 | SUCCESS  | src.business_logic:aplicar_descontos_consignado:164 - Descontos aplicados com sucesso.
2025-09-09 13:52:41 | SUCCESS  | src.file_generator:gerar_arquivo_final:36 - Arquivo final gerado com sucesso em: data/adiantamento_9098_2025-09-09.csv
2025-09-09 13:52:41 | SUCCESS  | main:run:61 - --- PROCESSO CONCLUÍDO ---
2025-09-09 13:52:44 | INFO     | main:run:18 - --- INICIANDO AUTOMAÇÃO PARA EMPRESA 9098 | COMPETÊNCIA: 2025-05 ---
2025-09-09 13:52:44 | INFO     | src.data_extraction:fetch_employee_base_data:9 - Iniciando a busca de dados para a empresa: 9098 | Competência: 2025-05
2025-09-09 13:52:44 | INFO     | src.database:get_db_connection:47 - Tentando conectar ao banco de dados...
2025-09-09 13:52:44 | INFO     | src.database:get_db_connection:49 - Conexão estabelecida com sucesso!
2025-09-09 13:52:44 | INFO     | src.data_extraction:fetch_employee_leaves:38 - Buscando dados de afastamentos (licenças)...
2025-09-09 13:52:44 | INFO     | src.database:get_db_connection:47 - Tentando conectar ao banco de dados...
2025-09-09 13:52:44 | INFO     | src.database:get_db_connection:49 - Conexão estabelecida com sucesso!
2025-09-09 13:52:44 | INFO     | src.data_extraction:fetch_employee_loans:68 - Buscando dados de empréstimos consignados...
2025-09-09 13:52:44 | INFO     | src.database:get_db_connection:47 - Tentando conectar ao banco de dados...
2025-09-09 13:52:44 | INFO     | src.database:get_db_connection:49 - Conexão estabelecida com sucesso!
2025-09-09 13:52:44 | INFO     | src.data_validation:validate_employee_data:39 - Iniciando validação da estrutura dos dados...
2025-09-09 13:52:44 | SUCCESS  | src.data_validation:validate_employee_data:61 - Validação de dados concluída.
2025-09-09 13:52:44 | INFO     | src.business_logic:processar_regras_e_calculos_jr:28 - Iniciando processamento de regras de negócio (v2.1)...
2025-09-09 13:52:44 | INFO     | src.business_logic:processar_regras_e_calculos_jr:33 - Mês de competência tem 31 dias.
2025-09-09 13:52:44 | SUCCESS  | src.business_logic:processar_regras_e_calculos_jr:144 - Processamento de regras e cálculos (v2.1) concluído.
2025-09-09 13:52:44 | INFO     | src.business_logic:aplicar_descontos_consignado:149 - Aplicando descontos de empréstimo consignado...
2025-09-09 13:52:44 | SUCCESS  | src.business_logic:aplicar_descontos_consignado:164 - Descontos aplicados com sucesso.
2025-09-09 13:52:44 | SUCCESS  | src.file_generator:gerar_arquivo_final:36 - Arquivo final gerado com sucesso em: data/adiantamento_9098_2025-09-09.csv
2025-09-09 13:52:44 | SUCCESS  | main:run:61 - --- PROCESSO CONCLUÍDO ---
2025-09-09 13:52:48 | INFO     | main:run:18 - --- INICIANDO AUTOMAÇÃO PARA EMPRESA 9098 | COMPETÊNCIA: 2025-01 ---
2025-09-09 13:52:48 | INFO     | src.data_extraction:fetch_employee_base_data:9 - Iniciando a busca de dados para a empresa: 9098 | Competência: 2025-01
2025-09-09 13:52:48 | INFO     | src.database:get_db_connection:47 - Tentando conectar ao banco de dados...
2025-09-09 13:52:48 | INFO     | src.database:get_db_connection:49 - Conexão estabelecida com sucesso!
2025-09-09 13:52:48 | INFO     | src.data_extraction:fetch_employee_leaves:38 - Buscando dados de afastamentos (licenças)...
2025-09-09 13:52:48 | INFO     | src.database:get_db_connection:47 - Tentando conectar ao banco de dados...
2025-09-09 13:52:48 | INFO     | src.database:get_db_connection:49 - Conexão estabelecida com sucesso!
2025-09-09 13:52:48 | INFO     | src.data_extraction:fetch_employee_loans:68 - Buscando dados de empréstimos consignados...
2025-09-09 13:52:48 | INFO     | src.database:get_db_connection:47 - Tentando conectar ao banco de dados...
2025-09-09 13:52:48 | INFO     | src.database:get_db_connection:49 - Conexão estabelecida com sucesso!
2025-09-09 13:52:48 | INFO     | src.data_validation:validate_employee_data:39 - Iniciando validação da estrutura dos dados...
2025-09-09 13:52:48 | SUCCESS  | src.data_validation:validate_employee_data:61 - Validação de dados concluída.
2025-09-09 13:52:48 | INFO     | src.business_logic:processar_regras_e_calculos_jr:28 - Iniciando processamento de regras de negócio (v2.1)...
2025-09-09 13:52:48 | INFO     | src.business_logic:processar_regras_e_calculos_jr:33 - Mês de competência tem 31 dias.
2025-09-09 13:52:48 | SUCCESS  | src.business_logic:processar_regras_e_calculos_jr:144 - Processamento de regras e cálculos (v2.1) concluído.
2025-09-09 13:52:48 | INFO     | src.business_logic:aplicar_descontos_consignado:149 - Aplicando descontos de empréstimo consignado...
2025-09-09 13:52:48 | SUCCESS  | src.business_logic:aplicar_descontos_consignado:164 - Descontos aplicados com sucesso.
2025-09-09 13:52:48 | SUCCESS  | src.file_generator:gerar_arquivo_final:36 - Arquivo final gerado com sucesso em: data/adiantamento_9098_2025-09-09.csv
2025-09-09 13:52:48 | SUCCESS  | main:run:61 - --- PROCESSO CONCLUÍDO ---
2025-09-09 13:52:54 | INFO     | main:run:18 - --- INICIANDO AUTOMAÇÃO PARA EMPRESA 9098 | COMPETÊNCIA: 2025-08 ---
2025-09-09 13:52:54 | INFO     | src.data_extraction:fetch_employee_base_data:9 - Iniciando a busca de dados para a empresa: 9098 | Competência: 2025-08
2025-09-09 13:52:54 | INFO     | src.database:get_db_connection:47 - Tentando conectar ao banco de dados...
2025-09-09 13:52:54 | INFO     | src.database:get_db_connection:49 - Conexão estabelecida com sucesso!
2025-09-09 13:52:54 | INFO     | src.data_extraction:fetch_employee_leaves:38 - Buscando dados de afastamentos (licenças)...
2025-09-09 13:52:54 | INFO     | src.database:get_db_connection:47 - Tentando conectar ao banco de dados...
2025-09-09 13:52:54 | INFO     | src.database:get_db_connection:49 - Conexão estabelecida com sucesso!
2025-09-09 13:52:54 | INFO     | src.data_extraction:fetch_employee_loans:68 - Buscando dados de empréstimos consignados...
2025-09-09 13:52:54 | INFO     | src.database:get_db_connection:47 - Tentando conectar ao banco de dados...
2025-09-09 13:52:54 | INFO     | src.database:get_db_connection:49 - Conexão estabelecida com sucesso!
2025-09-09 13:52:54 | INFO     | src.data_validation:validate_employee_data:39 - Iniciando validação da estrutura dos dados...
2025-09-09 13:52:54 | SUCCESS  | src.data_validation:validate_employee_data:61 - Validação de dados concluída.
2025-09-09 13:52:54 | INFO     | src.business_logic:processar_regras_e_calculos_jr:28 - Iniciando processamento de regras de negócio (v2.1)...
2025-09-09 13:52:54 | INFO     | src.business_logic:processar_regras_e_calculos_jr:33 - Mês de competência tem 31 dias.
2025-09-09 13:52:54 | SUCCESS  | src.business_logic:processar_regras_e_calculos_jr:144 - Processamento de regras e cálculos (v2.1) concluído.
2025-09-09 13:52:54 | INFO     | src.business_logic:aplicar_descontos_consignado:149 - Aplicando descontos de empréstimo consignado...
2025-09-09 13:52:54 | SUCCESS  | src.business_logic:aplicar_descontos_consignado:164 - Descontos aplicados com sucesso.
2025-09-09 13:52:54 | SUCCESS  | src.file_generator:gerar_arquivo_final:36 - Arquivo final gerado com sucesso em: data/adiantamento_9098_2025-09-09.csv
2025-09-09 13:52:54 | SUCCESS  | main:run:61 - --- PROCESSO CONCLUÍDO ---
