2025-09-08 11:20:09 | INFO     | __main__:run:16 - --- INICIANDO AUTOMAÇÃO DE ADIANTAMENTO PARA EMPRESA 9098 ---
2025-09-08 11:20:09 | INFO     | src.data_extraction:fetch_employee_base_data:10 - Iniciando a busca de dados para a empresa: 9098
2025-09-08 11:20:09 | INFO     | src.database:get_db_connection:47 - Tentando conectar ao banco de dados...
2025-09-08 11:20:10 | INFO     | src.database:get_db_connection:49 - Conexão estabelecida com sucesso!
2025-09-08 11:20:10 | INFO     | src.data_extraction:fetch_employee_base_data:47 - Dados extraídos com sucesso!
2025-09-08 11:20:10 | INFO     | src.data_extraction:fetch_employee_base_data:58 - Conexão com o banco de dados fechada.
2025-09-08 11:20:10 | INFO     | __main__:run:23 - Encontrados 281 funcionários ativos na base.
2025-09-08 11:20:10 | INFO     | src.data_extraction:fetch_employee_leaves:65 - Buscando dados de afastamentos (licenças)...
2025-09-08 11:20:10 | INFO     | src.database:get_db_connection:47 - Tentando conectar ao banco de dados...
2025-09-08 11:20:10 | INFO     | src.database:get_db_connection:49 - Conexão estabelecida com sucesso!
2025-09-08 11:20:10 | INFO     | __main__:run:27 - Encontrados 30 registros de afastamento para o período.
2025-09-08 11:20:10 | INFO     | src.data_extraction:fetch_employee_vacations:110 - Buscando dados de férias...
2025-09-08 11:20:10 | INFO     | src.database:get_db_connection:47 - Tentando conectar ao banco de dados...
2025-09-08 11:20:10 | INFO     | src.database:get_db_connection:49 - Conexão estabelecida com sucesso!
2025-09-08 11:20:10 | WARNING  | src.data_extraction:fetch_employee_vacations:141 - Não foi possível buscar dados de férias. A tabela 'FERIAS' existe? Erro: Execution failed on sql '
        SELECT 
            EPG_CODIGO AS Matricula,
            DTINICIAL AS DataInicioFerias,
            DTFINAL AS DataFimFerias
        FROM FERIAS
        WHERE 
            EMP_Codigo = '9098'
            AND EPG_CODIGO IN ('011167', '012205', '012234', '012595', '012639', '012645', '012633', '012658', '012659', '012684', '012712', '012614', '012615', '012558', '012565', '012560', '012575', '012586', '012416', '012434', '012441', '012457', '012477', '012516', '012283', '012285', '012315', '012363', '011906', '011971', '011944', '012002', '012026', '000850', '000903', '000241', '000460', '011353', '011380', '011395', '011790', '011793', '011828', '011807', '011757', '011507', '011580', '011593', '000478', '000772', '000889', '011203', '012034', '012005', '011968', '012000', '011933', '011893', '011858', '012364', '012055', '012291', '012251', '012206', '012589', '012590', '012525', '012697', '012686', '012210', '011879', '011886', '011922', '011124', '001014', '011826', '011686', '000545', '000642', '011887', '011947', '011965', '012003', '012222', '012274', '012282', '012330', '012360', '012361', '012688', '012690', '012692', '012693', '012694', '012695', '012673', '012661', '012663', '012652', '012666', '012637', '012646', '012700', '012685', '012669', '012702', '012703', '012704', '012707', '012708', '012709', '012710', '012711', '012713', '012714', '012559', '012566', '012567', '012568', '012569', '012594', '012562', '012617', '012618', '012619', '012624', '012610', '012626', '012627', '012596', '012581', '012582', '012584', '012413', '012504', '012548', '012549', '012550', '012552', '012530', '012531', '012533', '012534', '012538', '012540', '012541', '012478', '012482', '012461', '012442', '012444', '012435', '012419', '012284', '011942', '011748', '011791', '000257', '011243', '012286', '012250', '012346', '012344', '011888', '011500', '012608', '012625', '012643', '012665', '012696', '000915', '011216', '011357', '000272', '000306', '000145', '000532', '011932', '011979', '012042', '012011', '012366', '012289', '012469', '012556', '011726', '012223', '012298', '012038', '012632', '011934', '000735', '000734', '012523', '012524', '012426', '012574', '011208', '011781', '011653', '012604', '012400', '012509', '012641', '012642', '012635', '012636', '011986', '011640', '012613', '012667', '012698', '012543', '011802', '012031', '011650', '011375', '011421', '011853', '001116', '000737', '000523', '000391', '012013', '012009', '011914', '012347', '011278', '012295', '000151', '012294', '012023', '011485', '011325', '001117', '000542', '011425', '011846', '012016', '011989', '011814', '012653', '012651', '012528', '012674', '012675', '012676', '012677', '012678', '012679', '012680', '012681', '012682', '012683', '012671', '012580', '012399', '012401', '012403', '012605', '012612', '012701', '012705', '012706', '000888', '012207', '012345', '012394', '000176', '011777', '012380', '012699', '000680', '012306', '000238', '011392', '011431', '012230', '011587', '011173', '012500')
            AND DTFINAL >= DATEFROMPARTS(YEAR(GETDATE()), MONTH(GETDATE()), 1)
            AND DTINICIAL < DATEADD(month, 1, DATEFROMPARTS(YEAR(GETDATE()), MONTH(GETDATE()), 1))
    ': ('42S02', "[42S02] [FreeTDS][SQL Server]Invalid object name 'FERIAS'. (208) (SQLExecDirectW)")
2025-09-08 11:20:10 | INFO     | __main__:run:31 - Encontrados 0 registros de férias para o período.
