2025-09-09 14:19:43 | INFO     | src.data_extraction:fetch_all_companies:90 - Buscando lista de todas as empresas ativas...
2025-09-09 14:19:43 | INFO     | src.database:get_db_connection:47 - Tentando conectar ao banco de dados...
2025-09-09 14:19:43 | INFO     | src.database:get_db_connection:49 - Conexão estabelecida com sucesso!
2025-09-09 14:19:50 | INFO     | main:run:18 - --- INICIANDO AUTOMAÇÃO PARA EMPRESA 9098 | COMPETÊNCIA: 2025-08 ---
2025-09-09 14:19:50 | INFO     | src.data_extraction:fetch_employee_base_data:9 - Iniciando a busca de dados para a empresa: 9098 | Competência: 2025-08
2025-09-09 14:19:50 | INFO     | src.database:get_db_connection:47 - Tentando conectar ao banco de dados...
2025-09-09 14:19:50 | INFO     | src.database:get_db_connection:49 - Conexão estabelecida com sucesso!
2025-09-09 14:19:51 | INFO     | src.data_extraction:fetch_employee_leaves:38 - Buscando dados de afastamentos (licenças)...
2025-09-09 14:19:51 | INFO     | src.database:get_db_connection:47 - Tentando conectar ao banco de dados...
2025-09-09 14:19:51 | INFO     | src.database:get_db_connection:49 - Conexão estabelecida com sucesso!
2025-09-09 14:19:51 | INFO     | src.data_extraction:fetch_employee_loans:68 - Buscando dados de empréstimos consignados...
2025-09-09 14:19:51 | INFO     | src.database:get_db_connection:47 - Tentando conectar ao banco de dados...
2025-09-09 14:19:51 | INFO     | src.database:get_db_connection:49 - Conexão estabelecida com sucesso!
2025-09-09 14:19:51 | INFO     | src.data_validation:validate_employee_data:39 - Iniciando validação da estrutura dos dados...
2025-09-09 14:19:51 | SUCCESS  | src.data_validation:validate_employee_data:61 - Validação de dados concluída.
2025-09-09 14:19:51 | INFO     | src.business_logic:processar_regras_e_calculos_jr:17 - Iniciando processamento de regras de negócio (v2.2 - CORRIGIDO)...
2025-09-09 14:19:51 | INFO     | src.business_logic:processar_regras_e_calculos_jr:21 - Mês de competência tem 31 dias.
2025-09-09 14:19:51 | SUCCESS  | src.business_logic:processar_regras_e_calculos_jr:118 - Processamento de regras e cálculos (v2.2) concluído.
2025-09-09 14:19:51 | INFO     | src.business_logic:aplicar_descontos_consignado:123 - Aplicando descontos de empréstimo consignado...
2025-09-09 14:19:51 | SUCCESS  | src.business_logic:aplicar_descontos_consignado:138 - Descontos aplicados com sucesso.
2025-09-09 14:19:51 | SUCCESS  | src.file_generator:gerar_arquivo_final:36 - Arquivo final gerado com sucesso em: data/adiantamento_9098_2025-09-09.csv
2025-09-09 14:19:51 | SUCCESS  | main:run:61 - --- PROCESSO CONCLUÍDO ---
2025-09-09 14:27:04 | INFO     | main:run:18 - --- INICIANDO AUTOMAÇÃO PARA EMPRESA 9098 | COMPETÊNCIA: 2025-08 ---
2025-09-09 14:27:04 | INFO     | src.data_extraction:fetch_employee_base_data:9 - Iniciando a busca de dados para a empresa: 9098 | Competência: 2025-08
2025-09-09 14:27:04 | INFO     | src.database:get_db_connection:47 - Tentando conectar ao banco de dados...
2025-09-09 14:27:04 | INFO     | src.database:get_db_connection:49 - Conexão estabelecida com sucesso!
2025-09-09 14:27:04 | INFO     | src.data_extraction:fetch_employee_leaves:38 - Buscando dados de afastamentos (licenças)...
2025-09-09 14:27:04 | INFO     | src.database:get_db_connection:47 - Tentando conectar ao banco de dados...
2025-09-09 14:27:04 | INFO     | src.database:get_db_connection:49 - Conexão estabelecida com sucesso!
2025-09-09 14:27:04 | INFO     | src.data_extraction:fetch_employee_loans:68 - Buscando dados de empréstimos consignados...
2025-09-09 14:27:04 | INFO     | src.database:get_db_connection:47 - Tentando conectar ao banco de dados...
2025-09-09 14:27:04 | INFO     | src.database:get_db_connection:49 - Conexão estabelecida com sucesso!
2025-09-09 14:27:04 | INFO     | src.data_validation:validate_employee_data:39 - Iniciando validação da estrutura dos dados...
2025-09-09 14:27:04 | SUCCESS  | src.data_validation:validate_employee_data:61 - Validação de dados concluída.
2025-09-09 14:27:04 | INFO     | src.business_logic:processar_regras_e_calculos_jr:17 - Iniciando processamento de regras de negócio (v2.2 - CORRIGIDO)...
2025-09-09 14:27:04 | INFO     | src.business_logic:processar_regras_e_calculos_jr:21 - Mês de competência tem 31 dias.
2025-09-09 14:27:04 | SUCCESS  | src.business_logic:processar_regras_e_calculos_jr:118 - Processamento de regras e cálculos (v2.2) concluído.
2025-09-09 14:27:04 | INFO     | src.business_logic:aplicar_descontos_consignado:123 - Aplicando descontos de empréstimo consignado...
2025-09-09 14:27:04 | SUCCESS  | src.business_logic:aplicar_descontos_consignado:138 - Descontos aplicados com sucesso.
2025-09-09 14:27:04 | SUCCESS  | src.file_generator:gerar_arquivo_final:36 - Arquivo final gerado com sucesso em: data/adiantamento_9098_2025-09-09.csv
2025-09-09 14:27:04 | SUCCESS  | main:run:61 - --- PROCESSO CONCLUÍDO ---
2025-09-09 15:13:37 | INFO     | src.data_extraction:fetch_all_companies:90 - Buscando lista de todas as empresas ativas...
2025-09-09 15:13:37 | INFO     | src.database:get_db_connection:47 - Tentando conectar ao banco de dados...
2025-09-09 15:13:37 | INFO     | src.database:get_db_connection:49 - Conexão estabelecida com sucesso!
2025-09-09 15:13:57 | INFO     | main:run:18 - --- INICIANDO AUTOMAÇÃO PARA EMPRESA 9098 | COMPETÊNCIA: 2025-08 ---
2025-09-09 15:13:57 | INFO     | src.data_extraction:fetch_employee_base_data:9 - Iniciando a busca de dados para a empresa: 9098 | Competência: 2025-08
2025-09-09 15:13:57 | INFO     | src.database:get_db_connection:47 - Tentando conectar ao banco de dados...
2025-09-09 15:13:57 | INFO     | src.database:get_db_connection:49 - Conexão estabelecida com sucesso!
2025-09-09 15:13:57 | INFO     | src.data_extraction:fetch_employee_leaves:38 - Buscando dados de afastamentos (licenças)...
2025-09-09 15:13:57 | INFO     | src.database:get_db_connection:47 - Tentando conectar ao banco de dados...
2025-09-09 15:13:57 | INFO     | src.database:get_db_connection:49 - Conexão estabelecida com sucesso!
2025-09-09 15:13:57 | INFO     | src.data_extraction:fetch_employee_loans:68 - Buscando dados de empréstimos consignados...
2025-09-09 15:13:57 | INFO     | src.database:get_db_connection:47 - Tentando conectar ao banco de dados...
2025-09-09 15:13:57 | INFO     | src.database:get_db_connection:49 - Conexão estabelecida com sucesso!
2025-09-09 15:13:57 | INFO     | src.data_validation:validate_employee_data:39 - Iniciando validação da estrutura dos dados...
2025-09-09 15:13:57 | SUCCESS  | src.data_validation:validate_employee_data:61 - Validação de dados concluída.
2025-09-09 15:13:57 | INFO     | src.business_logic:processar_regras_e_calculos_jr:17 - Iniciando processamento de regras de negócio (v2.2 - CORRIGIDO)...
2025-09-09 15:13:57 | INFO     | src.business_logic:processar_regras_e_calculos_jr:21 - Mês de competência tem 31 dias.
2025-09-09 15:13:57 | SUCCESS  | src.business_logic:processar_regras_e_calculos_jr:118 - Processamento de regras e cálculos (v2.2) concluído.
2025-09-09 15:13:57 | INFO     | src.business_logic:aplicar_descontos_consignado:123 - Aplicando descontos de empréstimo consignado...
2025-09-09 15:13:57 | SUCCESS  | src.business_logic:aplicar_descontos_consignado:138 - Descontos aplicados com sucesso.
2025-09-09 15:13:57 | SUCCESS  | src.file_generator:gerar_arquivo_final:36 - Arquivo final gerado com sucesso em: data/adiantamento_9098_2025-09-09.csv
2025-09-09 15:13:57 | SUCCESS  | main:run:61 - --- PROCESSO CONCLUÍDO ---
2025-09-09 15:14:59 | INFO     | main:run:18 - --- INICIANDO AUTOMAÇÃO PARA EMPRESA 9098 | COMPETÊNCIA: 2025-08 ---
2025-09-09 15:14:59 | INFO     | src.data_extraction:fetch_employee_base_data:9 - Iniciando a busca de dados para a empresa: 9098 | Competência: 2025-08
2025-09-09 15:14:59 | INFO     | src.database:get_db_connection:47 - Tentando conectar ao banco de dados...
2025-09-09 15:14:59 | INFO     | src.database:get_db_connection:49 - Conexão estabelecida com sucesso!
2025-09-09 15:14:59 | INFO     | src.data_extraction:fetch_employee_leaves:38 - Buscando dados de afastamentos (licenças)...
2025-09-09 15:14:59 | INFO     | src.database:get_db_connection:47 - Tentando conectar ao banco de dados...
2025-09-09 15:14:59 | INFO     | src.database:get_db_connection:49 - Conexão estabelecida com sucesso!
2025-09-09 15:14:59 | INFO     | src.data_extraction:fetch_employee_loans:68 - Buscando dados de empréstimos consignados...
2025-09-09 15:14:59 | INFO     | src.database:get_db_connection:47 - Tentando conectar ao banco de dados...
2025-09-09 15:14:59 | INFO     | src.database:get_db_connection:49 - Conexão estabelecida com sucesso!
2025-09-09 15:14:59 | INFO     | src.data_validation:validate_employee_data:39 - Iniciando validação da estrutura dos dados...
2025-09-09 15:14:59 | SUCCESS  | src.data_validation:validate_employee_data:61 - Validação de dados concluída.
2025-09-09 15:14:59 | INFO     | src.business_logic:processar_regras_e_calculos_jr:17 - Iniciando processamento de regras de negócio (v2.2 - CORRIGIDO)...
2025-09-09 15:14:59 | INFO     | src.business_logic:processar_regras_e_calculos_jr:21 - Mês de competência tem 31 dias.
2025-09-09 15:14:59 | SUCCESS  | src.business_logic:processar_regras_e_calculos_jr:118 - Processamento de regras e cálculos (v2.2) concluído.
2025-09-09 15:14:59 | INFO     | src.business_logic:aplicar_descontos_consignado:123 - Aplicando descontos de empréstimo consignado...
2025-09-09 15:14:59 | SUCCESS  | src.business_logic:aplicar_descontos_consignado:138 - Descontos aplicados com sucesso.
2025-09-09 15:14:59 | SUCCESS  | src.file_generator:gerar_arquivo_final:36 - Arquivo final gerado com sucesso em: data/adiantamento_9098_2025-09-09.csv
2025-09-09 15:14:59 | SUCCESS  | main:run:61 - --- PROCESSO CONCLUÍDO ---
