2025-09-09 16:20:52 | INFO     | src.data_extraction:fetch_all_companies:90 - Buscando lista de todas as empresas ativas...
2025-09-09 16:20:52 | INFO     | src.database:get_db_connection:47 - Tentando conectar ao banco de dados...
2025-09-09 16:20:52 | INFO     | src.database:get_db_connection:49 - Conexão estabelecida com sucesso!
2025-09-09 16:21:00 | INFO     | main:run:18 - --- INICIANDO AUTOMAÇÃO PARA EMPRESA 9098 | COMPETÊNCIA: 2025-08 ---
2025-09-09 16:21:00 | INFO     | src.data_extraction:fetch_employee_base_data:9 - Iniciando a busca de dados para a empresa: 9098 | Competência: 2025-08
2025-09-09 16:21:00 | INFO     | src.database:get_db_connection:47 - Tentando conectar ao banco de dados...
2025-09-09 16:21:00 | INFO     | src.database:get_db_connection:49 - Conexão estabelecida com sucesso!
2025-09-09 16:21:00 | INFO     | src.data_extraction:fetch_employee_leaves:38 - Buscando dados de afastamentos (licenças)...
2025-09-09 16:21:00 | INFO     | src.database:get_db_connection:47 - Tentando conectar ao banco de dados...
2025-09-09 16:21:00 | INFO     | src.database:get_db_connection:49 - Conexão estabelecida com sucesso!
2025-09-09 16:21:00 | INFO     | src.data_extraction:fetch_employee_loans:68 - Buscando dados de empréstimos consignados...
2025-09-09 16:21:00 | INFO     | src.database:get_db_connection:47 - Tentando conectar ao banco de dados...
2025-09-09 16:21:00 | INFO     | src.database:get_db_connection:49 - Conexão estabelecida com sucesso!
2025-09-09 16:21:00 | INFO     | src.data_validation:validate_employee_data:39 - Iniciando validação da estrutura dos dados...
2025-09-09 16:21:00 | SUCCESS  | src.data_validation:validate_employee_data:61 - Validação de dados concluída.
2025-09-09 16:21:00 | INFO     | src.business_logic:processar_regras_e_calculos_jr:15 - Iniciando processamento de regras de negócio (v4.1 - Produção)...
2025-09-09 16:21:00 | INFO     | src.business_logic:processar_regras_e_calculos_jr:30 - Base de cálculo definida individualmente por funcionário (regra de recém-admitidos).
2025-09-09 16:21:00 | SUCCESS  | src.business_logic:processar_regras_e_calculos_jr:109 - Processamento de regras de negócio (v4.1) concluído.
2025-09-09 16:21:00 | INFO     | src.business_logic:aplicar_descontos_consignado:114 - Aplicando descontos de empréstimo consignado...
2025-09-09 16:21:00 | SUCCESS  | src.business_logic:aplicar_descontos_consignado:129 - Descontos aplicados com sucesso.
2025-09-09 16:21:00 | SUCCESS  | src.file_generator:gerar_arquivo_final:36 - Arquivo final gerado com sucesso em: data/adiantamento_9098_2025-09-09.csv
2025-09-09 16:21:00 | SUCCESS  | main:run:73 - --- PROCESSO CONCLUÍDO ---
