2025-09-08 14:15:29 | INFO     | __main__:run:15 - --- INICIANDO AUTOMAÇÃO DE ADIANTAMENTO PARA EMPRESA 9098 ---
2025-09-08 14:15:29 | INFO     | src.data_extraction:fetch_employee_base_data:11 - Iniciando a busca de dados para a empresa: 9098
2025-09-08 14:15:29 | INFO     | src.database:get_db_connection:47 - Tentando conectar ao banco de dados...
2025-09-08 14:15:29 | INFO     | src.database:get_db_connection:49 - Conexão estabelecida com sucesso!
2025-09-08 14:15:29 | INFO     | src.data_extraction:fetch_employee_base_data:48 - Dados extraídos com sucesso!
2025-09-08 14:15:29 | INFO     | src.data_extraction:fetch_employee_base_data:59 - Conexão com o banco de dados fechada.
2025-09-08 14:15:29 | INFO     | src.data_extraction:fetch_employee_leaves:66 - Buscando dados de afastamentos (licenças)...
2025-09-08 14:15:29 | INFO     | src.database:get_db_connection:47 - Tentando conectar ao banco de dados...
2025-09-08 14:15:29 | INFO     | src.database:get_db_connection:49 - Conexão estabelecida com sucesso!
2025-09-08 14:15:29 | INFO     | src.data_extraction:fetch_employee_loans:110 - Buscando dados de empréstimos consignados...
2025-09-08 14:15:29 | INFO     | src.database:get_db_connection:47 - Tentando conectar ao banco de dados...
2025-09-08 14:15:29 | INFO     | src.database:get_db_connection:49 - Conexão estabelecida com sucesso!
2025-09-08 14:15:29 | INFO     | src.data_validation:validate_employee_data:39 - Iniciando validação da estrutura dos dados...
2025-09-08 14:15:29 | SUCCESS  | src.data_validation:validate_employee_data:61 - Validação de dados concluída.
2025-09-08 14:15:29 | INFO     | src.business_logic:processar_regras_e_calculos_jr:12 - Iniciando processamento de regras de negócio e cálculos...
2025-09-08 14:15:29 | SUCCESS  | src.business_logic:processar_regras_e_calculos_jr:102 - Processamento de regras e cálculos concluído.
2025-09-08 14:15:29 | INFO     | src.business_logic:aplicar_descontos_consignado:110 - Aplicando descontos de empréstimo consignado...
2025-09-08 14:15:29 | SUCCESS  | src.business_logic:aplicar_descontos_consignado:131 - Descontos aplicados com sucesso.
2025-09-08 14:15:29 | SUCCESS  | src.file_generator:gerar_arquivo_final:36 - Arquivo final gerado com sucesso em: data/adiantamento_9098_2025-09-08.csv
2025-09-08 14:15:29 | INFO     | __main__:run:46 - 
--- RELATÓRIO FINAL ---
2025-09-08 14:15:29 | INFO     | __main__:run:47 - Total de funcionários analisados: 281
2025-09-08 14:15:29 | INFO     | __main__:run:48 - Funcionários Elegíveis: 253
2025-09-08 14:15:29 | INFO     | __main__:run:51 - 
--- Amostra do Resultado Final ---
2025-09-08 14:15:29 | INFO     | __main__:run:53 - 
   Matricula                            Nome  ValorAdiantamentoBruto  ValorDesconto  ValorLiquidoAdiantamento
0     011167          JOAO DE CASTRO VERCOSA                   610.0           0.00                    610.00
1     012205       EDNAEL RUAN LIMA DA SILVA                   610.0           0.00                    610.00
2     012234  RODRIGO DANILO COSTA DE SEIXAS                   610.0         182.30                    427.70
3     012595              YAGO ALVES BARBOSA                   610.0          79.00                    531.00
4     012639          GABRIEL NUNES DA ROCHA                   610.0           0.00                    610.00
5     012645       JULIANE DOS SANTOS REBELO                   610.0           0.00                    610.00
6     012633         NAYANE DA SILVA MARTINS                   610.0           0.00                    610.00
7     012658        SALETE BEZERRA RODRIGUES                   610.0           0.00                    610.00
8     012659      MARCELA RODRIGUES DA SILVA                   610.0           0.00                    610.00
9     012684     VALDERLANE MARQUES DE SOUZA                   610.0           0.00                    610.00
10    012712  SOCORRO DANIELE AVELINO COELHO                   396.5           0.00                    396.50
11    012614         ALDEMARA DE SOUZA DACIO                   610.0           0.00                    610.00
12    012615       FRANCEANA TURIBIO RIBEIRO                   610.0           0.00                    610.00
13    012558          IVANA DOS SANTOS PINHO                   610.0          97.11                    512.89
14    012565         BRUNA CARVALHO DA SILVA                   610.0          70.34                    539.66
15    012560                ILDA SILVA MOURA                   610.0           0.00                    610.00
16    012575       LILIAN NASCIMENTO FEITOSA                   610.0           0.00                    610.00
17    012586           JEANE LEITE DE ARAUJO                   610.0           0.00                    610.00
18    012416       TACIANA CARVALHO DE SOUZA                   610.0           0.00                    610.00
19    012434      GRACY KELLY SOUZA DA COSTA                   610.0         179.51                    430.49
2025-09-08 14:15:29 | SUCCESS  | __main__:run:55 - --- PROCESSO CONCLUÍDO ---
