2025-09-11 15:14:58 | INFO     | main:run:11 - --- INICIANDO AUTOMAÇÃO PARA EMPRESA 9098 | COMPETÊNCIA: 2025-07 ---
2025-09-11 15:14:58 | INFO     | src.data_extraction:fetch_employee_base_data:9 - Iniciando a busca de dados para a empresa: 9098 | Competência: 2025-07
2025-09-11 15:14:58 | INFO     | src.database:get_db_connection:47 - Tentando conectar ao banco de dados...
2025-09-11 15:14:59 | INFO     | src.database:get_db_connection:49 - Conexão estabelecida com sucesso!
2025-09-11 15:14:59 | INFO     | src.data_extraction:fetch_employee_leaves:42 - Buscando dados de afastamentos (licenças)...
2025-09-11 15:14:59 | INFO     | src.database:get_db_connection:47 - Tentando conectar ao banco de dados...
2025-09-11 15:14:59 | INFO     | src.database:get_db_connection:49 - Conexão estabelecida com sucesso!
2025-09-11 15:14:59 | INFO     | src.data_extraction:fetch_employee_loans:72 - Buscando dados de empréstimos consignados...
2025-09-11 15:14:59 | INFO     | src.database:get_db_connection:47 - Tentando conectar ao banco de dados...
2025-09-11 15:14:59 | INFO     | src.database:get_db_connection:49 - Conexão estabelecida com sucesso!
2025-09-11 15:14:59 | INFO     | src.business_logic:processar_regras_e_calculos_jr:11 - Iniciando processamento de regras de negócio (Versão Definitiva)...
2025-09-11 15:14:59 | SUCCESS  | src.business_logic:processar_regras_e_calculos_jr:84 - Processamento de regras de negócio (Definitivo) concluído.
2025-09-11 15:14:59 | INFO     | src.business_logic:aplicar_descontos_consignado:89 - Aplicando descontos de empréstimo consignado...
2025-09-11 15:14:59 | SUCCESS  | src.business_logic:aplicar_descontos_consignado:104 - Descontos aplicados com sucesso.
2025-09-11 15:14:59 | SUCCESS  | src.file_generator:gerar_arquivo_final:36 - Arquivo final gerado com sucesso em: data/adiantamento_9098_2025-09-11.csv
2025-09-11 15:14:59 | SUCCESS  | main:run:42 - --- PROCESSO CONCLUÍDO ---
2025-09-11 15:15:18 | INFO     | src.data_extraction:fetch_all_companies:94 - Buscando lista de todas as empresas ativas...
2025-09-11 15:15:18 | INFO     | src.database:get_db_connection:47 - Tentando conectar ao banco de dados...
2025-09-11 15:15:18 | INFO     | src.database:get_db_connection:49 - Conexão estabelecida com sucesso!
2025-09-11 15:15:19 | INFO     | main:run:11 - --- INICIANDO AUTOMAÇÃO PARA EMPRESA 9098 | COMPETÊNCIA: 2025-09 ---
2025-09-11 15:15:19 | INFO     | src.data_extraction:fetch_employee_base_data:9 - Iniciando a busca de dados para a empresa: 9098 | Competência: 2025-09
2025-09-11 15:15:19 | INFO     | src.database:get_db_connection:47 - Tentando conectar ao banco de dados...
2025-09-11 15:15:19 | INFO     | src.database:get_db_connection:49 - Conexão estabelecida com sucesso!
2025-09-11 15:15:19 | INFO     | src.data_extraction:fetch_employee_leaves:42 - Buscando dados de afastamentos (licenças)...
2025-09-11 15:15:19 | INFO     | src.database:get_db_connection:47 - Tentando conectar ao banco de dados...
2025-09-11 15:15:19 | INFO     | src.database:get_db_connection:49 - Conexão estabelecida com sucesso!
2025-09-11 15:15:19 | INFO     | src.data_extraction:fetch_employee_loans:72 - Buscando dados de empréstimos consignados...
2025-09-11 15:15:19 | INFO     | src.database:get_db_connection:47 - Tentando conectar ao banco de dados...
2025-09-11 15:15:19 | INFO     | src.database:get_db_connection:49 - Conexão estabelecida com sucesso!
2025-09-11 15:15:19 | INFO     | src.business_logic:processar_regras_e_calculos_jr:11 - Iniciando processamento de regras de negócio (Versão Definitiva)...
2025-09-11 15:15:19 | SUCCESS  | src.business_logic:processar_regras_e_calculos_jr:84 - Processamento de regras de negócio (Definitivo) concluído.
2025-09-11 15:15:19 | INFO     | src.business_logic:aplicar_descontos_consignado:89 - Aplicando descontos de empréstimo consignado...
2025-09-11 15:15:19 | SUCCESS  | src.business_logic:aplicar_descontos_consignado:104 - Descontos aplicados com sucesso.
2025-09-11 15:15:19 | SUCCESS  | src.file_generator:gerar_arquivo_final:36 - Arquivo final gerado com sucesso em: data/adiantamento_9098_2025-09-11.csv
2025-09-11 15:15:19 | SUCCESS  | main:run:42 - --- PROCESSO CONCLUÍDO ---
2025-09-11 15:28:21 | INFO     | src.data_extraction:fetch_all_companies:94 - Buscando lista de todas as empresas ativas...
2025-09-11 15:28:21 | INFO     | src.database:get_db_connection:47 - Tentando conectar ao banco de dados...
2025-09-11 15:28:21 | INFO     | src.database:get_db_connection:49 - Conexão estabelecida com sucesso!
2025-09-11 15:46:45 | INFO     | src.data_extraction:fetch_all_companies:94 - Buscando lista de todas as empresas ativas...
2025-09-11 15:46:45 | INFO     | src.database:get_db_connection:47 - Tentando conectar ao banco de dados...
2025-09-11 15:46:46 | INFO     | src.database:get_db_connection:49 - Conexão estabelecida com sucesso!
2025-09-11 15:46:47 | INFO     | main:run:11 - --- INICIANDO AUTOMAÇÃO PARA EMPRESA 9098 | COMPETÊNCIA: 2025-09 ---
2025-09-11 15:46:47 | INFO     | src.data_extraction:fetch_employee_base_data:9 - Iniciando a busca de dados para a empresa: 9098 | Competência: 2025-09
2025-09-11 15:46:47 | INFO     | src.database:get_db_connection:47 - Tentando conectar ao banco de dados...
2025-09-11 15:46:47 | INFO     | src.database:get_db_connection:49 - Conexão estabelecida com sucesso!
2025-09-11 15:46:47 | INFO     | src.data_extraction:fetch_employee_leaves:42 - Buscando dados de afastamentos (licenças)...
2025-09-11 15:46:47 | INFO     | src.database:get_db_connection:47 - Tentando conectar ao banco de dados...
2025-09-11 15:46:47 | INFO     | src.database:get_db_connection:49 - Conexão estabelecida com sucesso!
2025-09-11 15:46:47 | INFO     | src.data_extraction:fetch_employee_loans:72 - Buscando dados de empréstimos consignados...
2025-09-11 15:46:47 | INFO     | src.database:get_db_connection:47 - Tentando conectar ao banco de dados...
2025-09-11 15:46:47 | INFO     | src.database:get_db_connection:49 - Conexão estabelecida com sucesso!
2025-09-11 15:46:47 | INFO     | src.business_logic:processar_regras_e_calculos_jr:11 - Iniciando processamento de regras de negócio (Versão Definitiva)...
2025-09-11 15:46:47 | SUCCESS  | src.business_logic:processar_regras_e_calculos_jr:84 - Processamento de regras de negócio (Definitivo) concluído.
2025-09-11 15:46:47 | INFO     | src.business_logic:aplicar_descontos_consignado:89 - Aplicando descontos de empréstimo consignado...
2025-09-11 15:46:47 | SUCCESS  | src.business_logic:aplicar_descontos_consignado:104 - Descontos aplicados com sucesso.
2025-09-11 15:46:47 | SUCCESS  | src.file_generator:gerar_arquivo_final:36 - Arquivo final gerado com sucesso em: data/adiantamento_9098_2025-09-11.csv
2025-09-11 15:46:47 | SUCCESS  | main:run:42 - --- PROCESSO CONCLUÍDO ---
2025-09-11 16:03:20 | INFO     | src.data_extraction:fetch_all_companies:94 - Buscando lista de todas as empresas ativas...
2025-09-11 16:03:20 | INFO     | src.database:get_db_connection:47 - Tentando conectar ao banco de dados...
2025-09-11 16:03:20 | INFO     | src.database:get_db_connection:49 - Conexão estabelecida com sucesso!
2025-09-11 16:03:21 | INFO     | main:run:11 - --- INICIANDO AUTOMAÇÃO PARA EMPRESA 9098 | COMPETÊNCIA: 2025-09 ---
2025-09-11 16:03:21 | INFO     | src.data_extraction:fetch_employee_base_data:9 - Iniciando a busca de dados para a empresa: 9098 | Competência: 2025-09
2025-09-11 16:03:21 | INFO     | src.database:get_db_connection:47 - Tentando conectar ao banco de dados...
2025-09-11 16:03:22 | INFO     | src.database:get_db_connection:49 - Conexão estabelecida com sucesso!
2025-09-11 16:03:22 | INFO     | src.data_extraction:fetch_employee_leaves:42 - Buscando dados de afastamentos (licenças)...
2025-09-11 16:03:22 | INFO     | src.database:get_db_connection:47 - Tentando conectar ao banco de dados...
2025-09-11 16:03:22 | INFO     | src.database:get_db_connection:49 - Conexão estabelecida com sucesso!
2025-09-11 16:03:22 | INFO     | src.data_extraction:fetch_employee_loans:72 - Buscando dados de empréstimos consignados...
2025-09-11 16:03:22 | INFO     | src.database:get_db_connection:47 - Tentando conectar ao banco de dados...
2025-09-11 16:03:22 | INFO     | src.database:get_db_connection:49 - Conexão estabelecida com sucesso!
2025-09-11 16:03:22 | INFO     | src.business_logic:processar_regras_e_calculos_jr:11 - Iniciando processamento de regras de negócio (Versão Definitiva)...
2025-09-11 16:03:22 | SUCCESS  | src.business_logic:processar_regras_e_calculos_jr:84 - Processamento de regras de negócio (Definitivo) concluído.
2025-09-11 16:03:22 | INFO     | src.business_logic:aplicar_descontos_consignado:89 - Aplicando descontos de empréstimo consignado...
2025-09-11 16:03:22 | SUCCESS  | src.business_logic:aplicar_descontos_consignado:104 - Descontos aplicados com sucesso.
2025-09-11 16:03:22 | SUCCESS  | src.file_generator:gerar_arquivo_final:36 - Arquivo final gerado com sucesso em: data/adiantamento_9098_2025-09-11.csv
2025-09-11 16:03:22 | SUCCESS  | main:run:42 - --- PROCESSO CONCLUÍDO ---
2025-09-11 16:20:16 | INFO     | src.data_extraction:fetch_all_companies:94 - Buscando lista de todas as empresas ativas...
2025-09-11 16:20:16 | INFO     | src.database:get_db_connection:47 - Tentando conectar ao banco de dados...
2025-09-11 16:20:16 | INFO     | src.database:get_db_connection:49 - Conexão estabelecida com sucesso!
2025-09-11 16:20:17 | INFO     | main:run:11 - --- INICIANDO AUTOMAÇÃO PARA EMPRESA 9098 | COMPETÊNCIA: 2025-09 ---
2025-09-11 16:20:17 | INFO     | src.data_extraction:fetch_employee_base_data:9 - Iniciando a busca de dados para a empresa: 9098 | Competência: 2025-09
2025-09-11 16:20:17 | INFO     | src.database:get_db_connection:47 - Tentando conectar ao banco de dados...
2025-09-11 16:20:17 | INFO     | src.database:get_db_connection:49 - Conexão estabelecida com sucesso!
2025-09-11 16:20:17 | INFO     | src.data_extraction:fetch_employee_leaves:42 - Buscando dados de afastamentos (licenças)...
2025-09-11 16:20:17 | INFO     | src.database:get_db_connection:47 - Tentando conectar ao banco de dados...
2025-09-11 16:20:17 | INFO     | src.database:get_db_connection:49 - Conexão estabelecida com sucesso!
2025-09-11 16:20:17 | INFO     | src.data_extraction:fetch_employee_loans:72 - Buscando dados de empréstimos consignados...
2025-09-11 16:20:17 | INFO     | src.database:get_db_connection:47 - Tentando conectar ao banco de dados...
2025-09-11 16:20:17 | INFO     | src.database:get_db_connection:49 - Conexão estabelecida com sucesso!
2025-09-11 16:20:17 | INFO     | src.business_logic:processar_regras_e_calculos_jr:11 - Iniciando processamento de regras de negócio (Versão Definitiva)...
2025-09-11 16:20:17 | SUCCESS  | src.business_logic:processar_regras_e_calculos_jr:84 - Processamento de regras de negócio (Definitivo) concluído.
2025-09-11 16:20:17 | INFO     | src.business_logic:aplicar_descontos_consignado:89 - Aplicando descontos de empréstimo consignado...
2025-09-11 16:20:17 | SUCCESS  | src.business_logic:aplicar_descontos_consignado:104 - Descontos aplicados com sucesso.
2025-09-11 16:20:18 | SUCCESS  | src.file_generator:gerar_arquivo_final:36 - Arquivo final gerado com sucesso em: data/adiantamento_9098_2025-09-11.csv
2025-09-11 16:20:18 | SUCCESS  | main:run:42 - --- PROCESSO CONCLUÍDO ---
2025-09-11 16:37:36 | INFO     | src.data_extraction:fetch_all_companies:94 - Buscando lista de todas as empresas ativas...
2025-09-11 16:37:36 | INFO     | src.database:get_db_connection:47 - Tentando conectar ao banco de dados...
2025-09-11 16:37:36 | INFO     | src.database:get_db_connection:49 - Conexão estabelecida com sucesso!
2025-09-11 16:37:45 | INFO     | main:run:11 - --- INICIANDO AUTOMAÇÃO PARA EMPRESA 9098 | COMPETÊNCIA: 2025-09 ---
2025-09-11 16:37:45 | INFO     | src.data_extraction:fetch_employee_base_data:9 - Iniciando a busca de dados para a empresa: 9098 | Competência: 2025-09
2025-09-11 16:37:45 | INFO     | src.database:get_db_connection:47 - Tentando conectar ao banco de dados...
2025-09-11 16:37:45 | INFO     | src.database:get_db_connection:49 - Conexão estabelecida com sucesso!
2025-09-11 16:37:45 | INFO     | src.data_extraction:fetch_employee_leaves:42 - Buscando dados de afastamentos (licenças)...
2025-09-11 16:37:45 | INFO     | src.database:get_db_connection:47 - Tentando conectar ao banco de dados...
2025-09-11 16:37:45 | INFO     | src.database:get_db_connection:49 - Conexão estabelecida com sucesso!
2025-09-11 16:37:45 | INFO     | src.data_extraction:fetch_employee_loans:72 - Buscando dados de empréstimos consignados...
2025-09-11 16:37:45 | INFO     | src.database:get_db_connection:47 - Tentando conectar ao banco de dados...
2025-09-11 16:37:45 | INFO     | src.database:get_db_connection:49 - Conexão estabelecida com sucesso!
2025-09-11 16:37:45 | INFO     | src.business_logic:processar_regras_e_calculos_jr:11 - Iniciando processamento de regras de negócio (Versão Definitiva)...
2025-09-11 16:37:45 | SUCCESS  | src.business_logic:processar_regras_e_calculos_jr:84 - Processamento de regras de negócio (Definitivo) concluído.
2025-09-11 16:37:45 | INFO     | src.business_logic:aplicar_descontos_consignado:89 - Aplicando descontos de empréstimo consignado...
2025-09-11 16:37:45 | SUCCESS  | src.business_logic:aplicar_descontos_consignado:104 - Descontos aplicados com sucesso.
2025-09-11 16:37:45 | SUCCESS  | src.file_generator:gerar_arquivo_final:36 - Arquivo final gerado com sucesso em: data/adiantamento_9098_2025-09-11.csv
2025-09-11 16:37:45 | SUCCESS  | main:run:42 - --- PROCESSO CONCLUÍDO ---
2025-09-12 10:05:14 | INFO     | src.data_extraction:fetch_all_companies:94 - Buscando lista de todas as empresas ativas...
2025-09-12 10:05:14 | INFO     | src.database:get_db_connection:47 - Tentando conectar ao banco de dados...
2025-09-12 10:05:14 | INFO     | src.database:get_db_connection:49 - Conexão estabelecida com sucesso!
2025-09-12 10:05:14 | INFO     | main:run:11 - --- INICIANDO AUTOMAÇÃO PARA EMPRESA 9098 | COMPETÊNCIA: 2025-09 ---
2025-09-12 10:05:14 | INFO     | src.data_extraction:fetch_employee_base_data:9 - Iniciando a busca de dados para a empresa: 9098 | Competência: 2025-09
2025-09-12 10:05:14 | INFO     | src.database:get_db_connection:47 - Tentando conectar ao banco de dados...
2025-09-12 10:05:14 | INFO     | src.database:get_db_connection:49 - Conexão estabelecida com sucesso!
2025-09-12 10:05:14 | INFO     | src.data_extraction:fetch_employee_leaves:42 - Buscando dados de afastamentos (licenças)...
2025-09-12 10:05:14 | INFO     | src.database:get_db_connection:47 - Tentando conectar ao banco de dados...
2025-09-12 10:05:14 | INFO     | src.database:get_db_connection:49 - Conexão estabelecida com sucesso!
2025-09-12 10:05:14 | INFO     | src.data_extraction:fetch_employee_loans:72 - Buscando dados de empréstimos consignados...
2025-09-12 10:05:14 | INFO     | src.database:get_db_connection:47 - Tentando conectar ao banco de dados...
2025-09-12 10:05:14 | INFO     | src.database:get_db_connection:49 - Conexão estabelecida com sucesso!
2025-09-12 10:05:14 | INFO     | src.business_logic:processar_regras_e_calculos_jr:11 - Iniciando processamento de regras de negócio (Versão Definitiva)...
2025-09-12 10:05:14 | SUCCESS  | src.business_logic:processar_regras_e_calculos_jr:84 - Processamento de regras de negócio (Definitivo) concluído.
2025-09-12 10:05:14 | INFO     | src.business_logic:aplicar_descontos_consignado:89 - Aplicando descontos de empréstimo consignado...
2025-09-12 10:05:14 | SUCCESS  | src.business_logic:aplicar_descontos_consignado:104 - Descontos aplicados com sucesso.
2025-09-12 10:05:14 | SUCCESS  | src.file_generator:gerar_arquivo_final:36 - Arquivo final gerado com sucesso em: data/adiantamento_9098_2025-09-12.csv
2025-09-12 10:05:14 | SUCCESS  | main:run:42 - --- PROCESSO CONCLUÍDO ---
2025-09-12 10:05:18 | INFO     | main:run:11 - --- INICIANDO AUTOMAÇÃO PARA EMPRESA 9098 | COMPETÊNCIA: 2025-08 ---
2025-09-12 10:05:18 | INFO     | src.data_extraction:fetch_employee_base_data:9 - Iniciando a busca de dados para a empresa: 9098 | Competência: 2025-08
2025-09-12 10:05:18 | INFO     | src.database:get_db_connection:47 - Tentando conectar ao banco de dados...
2025-09-12 10:05:19 | INFO     | src.database:get_db_connection:49 - Conexão estabelecida com sucesso!
2025-09-12 10:05:19 | INFO     | src.data_extraction:fetch_employee_leaves:42 - Buscando dados de afastamentos (licenças)...
2025-09-12 10:05:19 | INFO     | src.database:get_db_connection:47 - Tentando conectar ao banco de dados...
2025-09-12 10:05:19 | INFO     | src.database:get_db_connection:49 - Conexão estabelecida com sucesso!
2025-09-12 10:05:19 | INFO     | src.data_extraction:fetch_employee_loans:72 - Buscando dados de empréstimos consignados...
2025-09-12 10:05:19 | INFO     | src.database:get_db_connection:47 - Tentando conectar ao banco de dados...
2025-09-12 10:05:19 | INFO     | src.database:get_db_connection:49 - Conexão estabelecida com sucesso!
2025-09-12 10:05:19 | INFO     | src.business_logic:processar_regras_e_calculos_jr:11 - Iniciando processamento de regras de negócio (Versão Definitiva)...
2025-09-12 10:05:19 | SUCCESS  | src.business_logic:processar_regras_e_calculos_jr:84 - Processamento de regras de negócio (Definitivo) concluído.
2025-09-12 10:05:19 | INFO     | src.business_logic:aplicar_descontos_consignado:89 - Aplicando descontos de empréstimo consignado...
2025-09-12 10:05:19 | SUCCESS  | src.business_logic:aplicar_descontos_consignado:104 - Descontos aplicados com sucesso.
2025-09-12 10:05:19 | SUCCESS  | src.file_generator:gerar_arquivo_final:36 - Arquivo final gerado com sucesso em: data/adiantamento_9098_2025-09-12.csv
2025-09-12 10:05:19 | SUCCESS  | main:run:42 - --- PROCESSO CONCLUÍDO ---
