2025-09-11 12:06:22 | INFO     | main:run:18 - --- INICIANDO AUTOMAÇÃO PARA EMPRESA 9098 | COMPETÊNCIA: 2025-08 ---
2025-09-11 12:06:22 | INFO     | src.data_extraction:fetch_employee_base_data:9 - Iniciando a busca de dados para a empresa: 9098 | Competência: 2025-08
2025-09-11 12:06:22 | INFO     | src.database:get_db_connection:47 - Tentando conectar ao banco de dados...
2025-09-11 12:06:22 | INFO     | src.database:get_db_connection:49 - Conexão estabelecida com sucesso!
2025-09-11 12:06:22 | INFO     | src.data_extraction:fetch_employee_leaves:42 - Buscando dados de afastamentos (licenças)...
2025-09-11 12:06:22 | INFO     | src.database:get_db_connection:47 - Tentando conectar ao banco de dados...
2025-09-11 12:06:22 | INFO     | src.database:get_db_connection:49 - Conexão estabelecida com sucesso!
2025-09-11 12:06:22 | INFO     | src.data_extraction:fetch_employee_loans:72 - Buscando dados de empréstimos consignados...
2025-09-11 12:06:22 | INFO     | src.database:get_db_connection:47 - Tentando conectar ao banco de dados...
2025-09-11 12:06:22 | INFO     | src.database:get_db_connection:49 - Conexão estabelecida com sucesso!
2025-09-11 12:06:22 | INFO     | src.data_validation:validate_employee_data:39 - Iniciando validação da estrutura dos dados...
2025-09-11 12:06:22 | SUCCESS  | src.data_validation:validate_employee_data:61 - Validação de dados concluída.
2025-09-11 12:06:22 | INFO     | src.business_logic:processar_regras_e_calculos_jr:11 - Iniciando processamento de regras de negócio (Versão Final Corrigida)...
2025-09-11 12:06:22 | SUCCESS  | src.business_logic:processar_regras_e_calculos_jr:86 - Processamento de regras de negócio (Final) concluído.
2025-09-11 12:06:22 | INFO     | src.business_logic:aplicar_descontos_consignado:91 - Aplicando descontos de empréstimo consignado...
2025-09-11 12:06:22 | SUCCESS  | src.business_logic:aplicar_descontos_consignado:106 - Descontos aplicados com sucesso.
2025-09-11 12:06:22 | SUCCESS  | src.file_generator:gerar_arquivo_final:36 - Arquivo final gerado com sucesso em: data/adiantamento_9098_2025-09-11.csv
2025-09-11 12:06:22 | SUCCESS  | main:run:73 - --- PROCESSO CONCLUÍDO ---
2025-09-11 12:06:52 | INFO     | main:run:18 - --- INICIANDO AUTOMAÇÃO PARA EMPRESA 9098 | COMPETÊNCIA: 2025-07 ---
2025-09-11 12:06:52 | INFO     | src.data_extraction:fetch_employee_base_data:9 - Iniciando a busca de dados para a empresa: 9098 | Competência: 2025-07
2025-09-11 12:06:52 | INFO     | src.database:get_db_connection:47 - Tentando conectar ao banco de dados...
2025-09-11 12:06:52 | INFO     | src.database:get_db_connection:49 - Conexão estabelecida com sucesso!
2025-09-11 12:06:52 | INFO     | src.data_extraction:fetch_employee_leaves:42 - Buscando dados de afastamentos (licenças)...
2025-09-11 12:06:52 | INFO     | src.database:get_db_connection:47 - Tentando conectar ao banco de dados...
2025-09-11 12:06:52 | INFO     | src.database:get_db_connection:49 - Conexão estabelecida com sucesso!
2025-09-11 12:06:52 | INFO     | src.data_extraction:fetch_employee_loans:72 - Buscando dados de empréstimos consignados...
2025-09-11 12:06:52 | INFO     | src.database:get_db_connection:47 - Tentando conectar ao banco de dados...
2025-09-11 12:06:52 | INFO     | src.database:get_db_connection:49 - Conexão estabelecida com sucesso!
2025-09-11 12:06:52 | INFO     | src.data_validation:validate_employee_data:39 - Iniciando validação da estrutura dos dados...
2025-09-11 12:06:52 | SUCCESS  | src.data_validation:validate_employee_data:61 - Validação de dados concluída.
2025-09-11 12:06:52 | INFO     | src.business_logic:processar_regras_e_calculos_jr:11 - Iniciando processamento de regras de negócio (Versão Final Corrigida)...
2025-09-11 12:06:52 | SUCCESS  | src.business_logic:processar_regras_e_calculos_jr:86 - Processamento de regras de negócio (Final) concluído.
2025-09-11 12:06:52 | INFO     | src.business_logic:aplicar_descontos_consignado:91 - Aplicando descontos de empréstimo consignado...
2025-09-11 12:06:52 | SUCCESS  | src.business_logic:aplicar_descontos_consignado:106 - Descontos aplicados com sucesso.
2025-09-11 12:06:52 | SUCCESS  | src.file_generator:gerar_arquivo_final:36 - Arquivo final gerado com sucesso em: data/adiantamento_9098_2025-09-11.csv
2025-09-11 12:06:52 | SUCCESS  | main:run:73 - --- PROCESSO CONCLUÍDO ---
2025-09-11 12:06:55 | INFO     | main:run:18 - --- INICIANDO AUTOMAÇÃO PARA EMPRESA 9098 | COMPETÊNCIA: 2025-08 ---
2025-09-11 12:06:55 | INFO     | src.data_extraction:fetch_employee_base_data:9 - Iniciando a busca de dados para a empresa: 9098 | Competência: 2025-08
2025-09-11 12:06:55 | INFO     | src.database:get_db_connection:47 - Tentando conectar ao banco de dados...
2025-09-11 12:06:55 | INFO     | src.database:get_db_connection:49 - Conexão estabelecida com sucesso!
2025-09-11 12:06:55 | INFO     | src.data_extraction:fetch_employee_leaves:42 - Buscando dados de afastamentos (licenças)...
2025-09-11 12:06:55 | INFO     | src.database:get_db_connection:47 - Tentando conectar ao banco de dados...
2025-09-11 12:06:55 | INFO     | src.database:get_db_connection:49 - Conexão estabelecida com sucesso!
2025-09-11 12:06:55 | INFO     | src.data_extraction:fetch_employee_loans:72 - Buscando dados de empréstimos consignados...
2025-09-11 12:06:55 | INFO     | src.database:get_db_connection:47 - Tentando conectar ao banco de dados...
2025-09-11 12:06:55 | INFO     | src.database:get_db_connection:49 - Conexão estabelecida com sucesso!
2025-09-11 12:06:55 | INFO     | src.data_validation:validate_employee_data:39 - Iniciando validação da estrutura dos dados...
2025-09-11 12:06:55 | SUCCESS  | src.data_validation:validate_employee_data:61 - Validação de dados concluída.
2025-09-11 12:06:55 | INFO     | src.business_logic:processar_regras_e_calculos_jr:11 - Iniciando processamento de regras de negócio (Versão Final Corrigida)...
2025-09-11 12:06:55 | SUCCESS  | src.business_logic:processar_regras_e_calculos_jr:86 - Processamento de regras de negócio (Final) concluído.
2025-09-11 12:06:55 | INFO     | src.business_logic:aplicar_descontos_consignado:91 - Aplicando descontos de empréstimo consignado...
2025-09-11 12:06:55 | SUCCESS  | src.business_logic:aplicar_descontos_consignado:106 - Descontos aplicados com sucesso.
2025-09-11 12:06:55 | SUCCESS  | src.file_generator:gerar_arquivo_final:36 - Arquivo final gerado com sucesso em: data/adiantamento_9098_2025-09-11.csv
2025-09-11 12:06:55 | SUCCESS  | main:run:73 - --- PROCESSO CONCLUÍDO ---
2025-09-11 13:29:14 | INFO     | src.data_extraction:fetch_all_companies:94 - Buscando lista de todas as empresas ativas...
2025-09-11 13:29:14 | INFO     | src.database:get_db_connection:47 - Tentando conectar ao banco de dados...
2025-09-11 13:29:14 | INFO     | src.database:get_db_connection:49 - Conexão estabelecida com sucesso!
2025-09-11 13:29:14 | INFO     | main:run:18 - --- INICIANDO AUTOMAÇÃO PARA EMPRESA 9098 | COMPETÊNCIA: 2025-08 ---
2025-09-11 13:29:14 | INFO     | src.data_extraction:fetch_employee_base_data:9 - Iniciando a busca de dados para a empresa: 9098 | Competência: 2025-08
2025-09-11 13:29:14 | INFO     | src.database:get_db_connection:47 - Tentando conectar ao banco de dados...
2025-09-11 13:29:14 | INFO     | src.database:get_db_connection:49 - Conexão estabelecida com sucesso!
2025-09-11 13:29:14 | INFO     | src.data_extraction:fetch_employee_leaves:42 - Buscando dados de afastamentos (licenças)...
2025-09-11 13:29:14 | INFO     | src.database:get_db_connection:47 - Tentando conectar ao banco de dados...
2025-09-11 13:29:14 | INFO     | src.database:get_db_connection:49 - Conexão estabelecida com sucesso!
2025-09-11 13:29:14 | INFO     | src.data_extraction:fetch_employee_loans:72 - Buscando dados de empréstimos consignados...
2025-09-11 13:29:14 | INFO     | src.database:get_db_connection:47 - Tentando conectar ao banco de dados...
2025-09-11 13:29:14 | INFO     | src.database:get_db_connection:49 - Conexão estabelecida com sucesso!
2025-09-11 13:29:14 | INFO     | src.data_validation:validate_employee_data:39 - Iniciando validação da estrutura dos dados...
2025-09-11 13:29:14 | SUCCESS  | src.data_validation:validate_employee_data:61 - Validação de dados concluída.
2025-09-11 13:29:14 | INFO     | src.business_logic:processar_regras_e_calculos_jr:11 - Iniciando processamento de regras de negócio (Versão Final Corrigida)...
2025-09-11 13:29:14 | SUCCESS  | src.business_logic:processar_regras_e_calculos_jr:86 - Processamento de regras de negócio (Final) concluído.
2025-09-11 13:29:14 | INFO     | src.business_logic:aplicar_descontos_consignado:91 - Aplicando descontos de empréstimo consignado...
2025-09-11 13:29:14 | SUCCESS  | src.business_logic:aplicar_descontos_consignado:106 - Descontos aplicados com sucesso.
2025-09-11 13:29:14 | SUCCESS  | src.file_generator:gerar_arquivo_final:36 - Arquivo final gerado com sucesso em: data/adiantamento_9098_2025-09-11.csv
2025-09-11 13:29:14 | SUCCESS  | main:run:73 - --- PROCESSO CONCLUÍDO ---
