2025-09-09 10:24:54 | INFO     | main:run:13 - --- INICIANDO AUTOMAÇÃO PARA EMPRESA 9098 | COMPETÊNCIA: 2025-08 ---
2025-09-09 10:24:54 | INFO     | src.data_extraction:fetch_employee_base_data:9 - Iniciando a busca de dados para a empresa: 9098 | Competência: 2025-08
2025-09-09 10:24:54 | INFO     | src.database:get_db_connection:47 - Tentando conectar ao banco de dados...
2025-09-09 10:24:54 | INFO     | src.database:get_db_connection:49 - Conexão estabelecida com sucesso!
2025-09-09 10:24:54 | INFO     | src.data_extraction:fetch_employee_leaves:38 - Buscando dados de afastamentos (licenças)...
2025-09-09 10:24:54 | INFO     | src.database:get_db_connection:47 - Tentando conectar ao banco de dados...
2025-09-09 10:24:54 | INFO     | src.database:get_db_connection:49 - Conexão estabelecida com sucesso!
2025-09-09 10:24:54 | INFO     | src.data_extraction:fetch_employee_loans:68 - Buscando dados de empréstimos consignados...
2025-09-09 10:24:54 | INFO     | src.database:get_db_connection:47 - Tentando conectar ao banco de dados...
2025-09-09 10:24:54 | INFO     | src.database:get_db_connection:49 - Conexão estabelecida com sucesso!
2025-09-09 10:24:54 | INFO     | src.data_validation:validate_employee_data:39 - Iniciando validação da estrutura dos dados...
2025-09-09 10:24:54 | SUCCESS  | src.data_validation:validate_employee_data:61 - Validação de dados concluída.
2025-09-09 10:24:54 | INFO     | src.business_logic:processar_regras_e_calculos_jr:10 - Iniciando processamento de regras de negócio e cálculos...
2025-09-09 10:24:54 | SUCCESS  | src.business_logic:processar_regras_e_calculos_jr:111 - Processamento de regras e cálculos concluído.
2025-09-09 10:24:54 | INFO     | src.business_logic:aplicar_descontos_consignado:118 - Aplicando descontos de empréstimo consignado...
2025-09-09 10:24:54 | SUCCESS  | src.business_logic:aplicar_descontos_consignado:135 - Descontos aplicados com sucesso.
2025-09-09 10:24:54 | SUCCESS  | src.file_generator:gerar_arquivo_final:36 - Arquivo final gerado com sucesso em: data/adiantamento_9098_2025-09-09.csv
2025-09-09 10:24:54 | SUCCESS  | main:run:44 - --- PROCESSO CONCLUÍDO ---
2025-09-09 10:30:07 | INFO     | main:run:13 - --- INICIANDO AUTOMAÇÃO PARA EMPRESA 9098 | COMPETÊNCIA: 2025-08 ---
2025-09-09 10:30:07 | INFO     | src.data_extraction:fetch_employee_base_data:9 - Iniciando a busca de dados para a empresa: 9098 | Competência: 2025-08
2025-09-09 10:30:07 | INFO     | src.database:get_db_connection:47 - Tentando conectar ao banco de dados...
2025-09-09 10:30:07 | INFO     | src.database:get_db_connection:49 - Conexão estabelecida com sucesso!
2025-09-09 10:30:07 | INFO     | src.data_extraction:fetch_employee_leaves:38 - Buscando dados de afastamentos (licenças)...
2025-09-09 10:30:07 | INFO     | src.database:get_db_connection:47 - Tentando conectar ao banco de dados...
2025-09-09 10:30:07 | INFO     | src.database:get_db_connection:49 - Conexão estabelecida com sucesso!
2025-09-09 10:30:07 | INFO     | src.data_extraction:fetch_employee_loans:68 - Buscando dados de empréstimos consignados...
2025-09-09 10:30:07 | INFO     | src.database:get_db_connection:47 - Tentando conectar ao banco de dados...
2025-09-09 10:30:07 | INFO     | src.database:get_db_connection:49 - Conexão estabelecida com sucesso!
2025-09-09 10:30:07 | INFO     | src.data_validation:validate_employee_data:39 - Iniciando validação da estrutura dos dados...
2025-09-09 10:30:07 | SUCCESS  | src.data_validation:validate_employee_data:61 - Validação de dados concluída.
2025-09-09 10:30:07 | INFO     | src.business_logic:processar_regras_e_calculos_jr:10 - Iniciando processamento de regras de negócio e cálculos...
2025-09-09 10:30:07 | SUCCESS  | src.business_logic:processar_regras_e_calculos_jr:111 - Processamento de regras e cálculos concluído.
2025-09-09 10:30:07 | INFO     | src.business_logic:aplicar_descontos_consignado:118 - Aplicando descontos de empréstimo consignado...
2025-09-09 10:30:07 | SUCCESS  | src.business_logic:aplicar_descontos_consignado:135 - Descontos aplicados com sucesso.
2025-09-09 10:30:07 | SUCCESS  | src.file_generator:gerar_arquivo_final:36 - Arquivo final gerado com sucesso em: data/adiantamento_9098_2025-09-09.csv
2025-09-09 10:30:07 | SUCCESS  | main:run:44 - --- PROCESSO CONCLUÍDO ---
2025-09-09 10:30:08 | INFO     | main:run:13 - --- INICIANDO AUTOMAÇÃO PARA EMPRESA 9098 | COMPETÊNCIA: 2025-08 ---
2025-09-09 10:30:08 | INFO     | src.data_extraction:fetch_employee_base_data:9 - Iniciando a busca de dados para a empresa: 9098 | Competência: 2025-08
2025-09-09 10:30:08 | INFO     | src.database:get_db_connection:47 - Tentando conectar ao banco de dados...
2025-09-09 10:30:08 | INFO     | src.database:get_db_connection:49 - Conexão estabelecida com sucesso!
2025-09-09 10:30:08 | INFO     | src.data_extraction:fetch_employee_leaves:38 - Buscando dados de afastamentos (licenças)...
2025-09-09 10:30:08 | INFO     | src.database:get_db_connection:47 - Tentando conectar ao banco de dados...
2025-09-09 10:30:08 | INFO     | src.database:get_db_connection:49 - Conexão estabelecida com sucesso!
2025-09-09 10:30:08 | INFO     | src.data_extraction:fetch_employee_loans:68 - Buscando dados de empréstimos consignados...
2025-09-09 10:30:08 | INFO     | src.database:get_db_connection:47 - Tentando conectar ao banco de dados...
2025-09-09 10:30:08 | INFO     | src.database:get_db_connection:49 - Conexão estabelecida com sucesso!
2025-09-09 10:30:08 | INFO     | src.data_validation:validate_employee_data:39 - Iniciando validação da estrutura dos dados...
2025-09-09 10:30:08 | SUCCESS  | src.data_validation:validate_employee_data:61 - Validação de dados concluída.
2025-09-09 10:30:08 | INFO     | src.business_logic:processar_regras_e_calculos_jr:10 - Iniciando processamento de regras de negócio e cálculos...
2025-09-09 10:30:08 | SUCCESS  | src.business_logic:processar_regras_e_calculos_jr:111 - Processamento de regras e cálculos concluído.
2025-09-09 10:30:08 | INFO     | src.business_logic:aplicar_descontos_consignado:118 - Aplicando descontos de empréstimo consignado...
2025-09-09 10:30:08 | SUCCESS  | src.business_logic:aplicar_descontos_consignado:135 - Descontos aplicados com sucesso.
2025-09-09 10:30:08 | SUCCESS  | src.file_generator:gerar_arquivo_final:36 - Arquivo final gerado com sucesso em: data/adiantamento_9098_2025-09-09.csv
2025-09-09 10:30:08 | SUCCESS  | main:run:44 - --- PROCESSO CONCLUÍDO ---
