2025-09-11 14:27:26 | INFO     | main:run:17 - --- INICIANDO AUTOMAÇÃO (MODO DE AUDITORIA) PARA EMPRESA 9098 | COMPETÊNCIA: 2025-08 ---
2025-09-11 14:27:26 | INFO     | src.data_extraction:fetch_active_employees:11 - Buscando funcionários ativos e não demitidos...
2025-09-11 14:27:26 | INFO     | src.database:get_db_connection:47 - Tentando conectar ao banco de dados...
2025-09-11 14:27:26 | INFO     | src.database:get_db_connection:49 - Conexão estabelecida com sucesso!
2025-09-11 14:27:26 | SUCCESS  | src.data_extraction:fetch_active_employees:21 - Encontrados 291 funcionários ativos na tabela EPG.
2025-09-11 14:27:26 | INFO     | src.data_extraction:fetch_all_salaries_and_positions:29 - Buscando todos os registros de salários e cargos...
2025-09-11 14:27:26 | INFO     | src.database:get_db_connection:47 - Tentando conectar ao banco de dados...
2025-09-11 14:27:26 | INFO     | src.database:get_db_connection:49 - Conexão estabelecida com sucesso!
2025-09-11 14:27:26 | SUCCESS  | src.data_extraction:fetch_all_salaries_and_positions:47 - Encontrados 12661 registros de salários na tabela SEP.
2025-09-11 14:27:26 | INFO     | main:run:33 - Iniciando a lógica de associação de salários em Python...
2025-09-11 14:27:26 | INFO     | main:run:56 - Total de funcionários com salário válido para processamento: 271
2025-09-11 14:27:26 | ERROR    | __main__:<module>:108 - Falha crítica ao processar JR RODRIGUES DP: 'DataFrame' object has no attribute 'tolist'
2025-09-11 14:27:31 | INFO     | main:run:17 - --- INICIANDO AUTOMAÇÃO (MODO DE AUDITORIA) PARA EMPRESA 9098 | COMPETÊNCIA: 2025-08 ---
2025-09-11 14:27:31 | INFO     | src.data_extraction:fetch_active_employees:11 - Buscando funcionários ativos e não demitidos...
2025-09-11 14:27:31 | INFO     | src.database:get_db_connection:47 - Tentando conectar ao banco de dados...
2025-09-11 14:27:31 | INFO     | src.database:get_db_connection:49 - Conexão estabelecida com sucesso!
2025-09-11 14:27:31 | SUCCESS  | src.data_extraction:fetch_active_employees:21 - Encontrados 291 funcionários ativos na tabela EPG.
2025-09-11 14:27:31 | INFO     | src.data_extraction:fetch_all_salaries_and_positions:29 - Buscando todos os registros de salários e cargos...
2025-09-11 14:27:31 | INFO     | src.database:get_db_connection:47 - Tentando conectar ao banco de dados...
2025-09-11 14:27:31 | INFO     | src.database:get_db_connection:49 - Conexão estabelecida com sucesso!
2025-09-11 14:27:31 | SUCCESS  | src.data_extraction:fetch_all_salaries_and_positions:47 - Encontrados 12661 registros de salários na tabela SEP.
2025-09-11 14:27:31 | INFO     | main:run:33 - Iniciando a lógica de associação de salários em Python...
2025-09-11 14:27:31 | INFO     | main:run:17 - --- INICIANDO AUTOMAÇÃO (MODO DE AUDITORIA) PARA EMPRESA 9098 | COMPETÊNCIA: 2025-08 ---
2025-09-11 14:27:31 | INFO     | src.data_extraction:fetch_active_employees:11 - Buscando funcionários ativos e não demitidos...
2025-09-11 14:27:31 | INFO     | src.database:get_db_connection:47 - Tentando conectar ao banco de dados...
2025-09-11 14:27:31 | INFO     | src.database:get_db_connection:49 - Conexão estabelecida com sucesso!
2025-09-11 14:27:31 | INFO     | main:run:56 - Total de funcionários com salário válido para processamento: 271
2025-09-11 14:27:31 | SUCCESS  | src.data_extraction:fetch_active_employees:21 - Encontrados 291 funcionários ativos na tabela EPG.
2025-09-11 14:27:31 | INFO     | main:run:17 - --- INICIANDO AUTOMAÇÃO (MODO DE AUDITORIA) PARA EMPRESA 9098 | COMPETÊNCIA: 2025-08 ---
2025-09-11 14:27:31 | INFO     | src.data_extraction:fetch_active_employees:11 - Buscando funcionários ativos e não demitidos...
2025-09-11 14:27:31 | INFO     | src.database:get_db_connection:47 - Tentando conectar ao banco de dados...
2025-09-11 14:27:31 | INFO     | src.data_extraction:fetch_all_salaries_and_positions:29 - Buscando todos os registros de salários e cargos...
2025-09-11 14:27:31 | INFO     | src.database:get_db_connection:47 - Tentando conectar ao banco de dados...
2025-09-11 14:27:31 | INFO     | src.database:get_db_connection:49 - Conexão estabelecida com sucesso!
2025-09-11 14:27:31 | SUCCESS  | src.data_extraction:fetch_all_salaries_and_positions:47 - Encontrados 12661 registros de salários na tabela SEP.
2025-09-11 14:27:31 | INFO     | main:run:33 - Iniciando a lógica de associação de salários em Python...
2025-09-11 14:27:31 | INFO     | src.database:get_db_connection:49 - Conexão estabelecida com sucesso!
2025-09-11 14:27:31 | INFO     | main:run:56 - Total de funcionários com salário válido para processamento: 271
2025-09-11 14:27:31 | SUCCESS  | src.data_extraction:fetch_active_employees:21 - Encontrados 291 funcionários ativos na tabela EPG.
2025-09-11 14:27:31 | INFO     | src.data_extraction:fetch_all_salaries_and_positions:29 - Buscando todos os registros de salários e cargos...
2025-09-11 14:27:31 | INFO     | src.database:get_db_connection:47 - Tentando conectar ao banco de dados...
2025-09-11 14:27:31 | INFO     | src.database:get_db_connection:49 - Conexão estabelecida com sucesso!
2025-09-11 14:27:31 | SUCCESS  | src.data_extraction:fetch_all_salaries_and_positions:47 - Encontrados 12661 registros de salários na tabela SEP.
2025-09-11 14:27:31 | INFO     | main:run:33 - Iniciando a lógica de associação de salários em Python...
2025-09-11 14:27:32 | INFO     | main:run:56 - Total de funcionários com salário válido para processamento: 271
2025-09-11 14:27:32 | ERROR    | __main__:<module>:108 - Falha crítica ao processar JR RODRIGUES DP: 'DataFrame' object has no attribute 'tolist'
2025-09-11 14:27:36 | INFO     | main:run:17 - --- INICIANDO AUTOMAÇÃO (MODO DE AUDITORIA) PARA EMPRESA 9098 | COMPETÊNCIA: 2025-08 ---
2025-09-11 14:27:36 | INFO     | src.data_extraction:fetch_active_employees:11 - Buscando funcionários ativos e não demitidos...
2025-09-11 14:27:36 | INFO     | src.database:get_db_connection:47 - Tentando conectar ao banco de dados...
2025-09-11 14:27:36 | INFO     | src.database:get_db_connection:49 - Conexão estabelecida com sucesso!
2025-09-11 14:27:36 | SUCCESS  | src.data_extraction:fetch_active_employees:21 - Encontrados 291 funcionários ativos na tabela EPG.
2025-09-11 14:27:36 | INFO     | src.data_extraction:fetch_all_salaries_and_positions:29 - Buscando todos os registros de salários e cargos...
2025-09-11 14:27:36 | INFO     | src.database:get_db_connection:47 - Tentando conectar ao banco de dados...
2025-09-11 14:27:36 | INFO     | src.database:get_db_connection:49 - Conexão estabelecida com sucesso!
2025-09-11 14:27:36 | SUCCESS  | src.data_extraction:fetch_all_salaries_and_positions:47 - Encontrados 12661 registros de salários na tabela SEP.
2025-09-11 14:27:36 | INFO     | main:run:33 - Iniciando a lógica de associação de salários em Python...
2025-09-11 14:27:37 | INFO     | main:run:56 - Total de funcionários com salário válido para processamento: 271
2025-09-11 14:27:37 | ERROR    | __main__:<module>:108 - Falha crítica ao processar JR RODRIGUES DP: 'DataFrame' object has no attribute 'tolist'
