2025-09-11 13:53:08 | INFO     | src.data_extraction:fetch_all_companies:94 - Buscando lista de todas as empresas ativas...
2025-09-11 13:53:08 | INFO     | src.database:get_db_connection:47 - Tentando conectar ao banco de dados...
2025-09-11 13:53:08 | INFO     | src.database:get_db_connection:49 - Conexão estabelecida com sucesso!
2025-09-11 13:53:08 | INFO     | main:run:18 - --- INICIANDO AUTOMAÇÃO PARA EMPRESA 9098 | COMPETÊNCIA: 2025-08 ---
2025-09-11 13:53:08 | INFO     | src.data_extraction:fetch_employee_base_data:9 - Iniciando a busca de dados para a empresa: 9098 | Competência: 2025-08
2025-09-11 13:53:08 | INFO     | src.database:get_db_connection:47 - Tentando conectar ao banco de dados...
2025-09-11 13:53:08 | INFO     | src.database:get_db_connection:49 - Conexão estabelecida com sucesso!
2025-09-11 13:53:08 | INFO     | src.data_extraction:fetch_employee_leaves:42 - Buscando dados de afastamentos (licenças)...
2025-09-11 13:53:08 | INFO     | src.database:get_db_connection:47 - Tentando conectar ao banco de dados...
2025-09-11 13:53:08 | INFO     | src.database:get_db_connection:49 - Conexão estabelecida com sucesso!
2025-09-11 13:53:08 | INFO     | src.data_extraction:fetch_employee_loans:72 - Buscando dados de empréstimos consignados...
2025-09-11 13:53:08 | INFO     | src.database:get_db_connection:47 - Tentando conectar ao banco de dados...
2025-09-11 13:53:08 | INFO     | src.database:get_db_connection:49 - Conexão estabelecida com sucesso!
2025-09-11 13:53:08 | INFO     | src.data_validation:validate_employee_data:39 - Iniciando validação da estrutura dos dados...
2025-09-11 13:53:08 | SUCCESS  | src.data_validation:validate_employee_data:61 - Validação de dados concluída.
2025-09-11 13:53:08 | INFO     | src.business_logic:processar_regras_e_calculos_jr:11 - Iniciando processamento de regras de negócio (Versão Definitiva)...
2025-09-11 13:53:08 | SUCCESS  | src.business_logic:processar_regras_e_calculos_jr:84 - Processamento de regras de negócio (Definitivo) concluído.
2025-09-11 13:53:08 | INFO     | src.business_logic:aplicar_descontos_consignado:89 - Aplicando descontos de empréstimo consignado...
2025-09-11 13:53:08 | SUCCESS  | src.business_logic:aplicar_descontos_consignado:104 - Descontos aplicados com sucesso.
2025-09-11 13:53:08 | SUCCESS  | src.file_generator:gerar_arquivo_final:36 - Arquivo final gerado com sucesso em: data/adiantamento_9098_2025-09-11.csv
2025-09-11 13:53:08 | SUCCESS  | main:run:73 - --- PROCESSO CONCLUÍDO ---
2025-09-11 13:53:09 | INFO     | main:run:18 - --- INICIANDO AUTOMAÇÃO PARA EMPRESA 9098 | COMPETÊNCIA: 2025-08 ---
2025-09-11 13:53:09 | INFO     | src.data_extraction:fetch_employee_base_data:9 - Iniciando a busca de dados para a empresa: 9098 | Competência: 2025-08
2025-09-11 13:53:09 | INFO     | src.database:get_db_connection:47 - Tentando conectar ao banco de dados...
2025-09-11 13:53:09 | INFO     | src.database:get_db_connection:49 - Conexão estabelecida com sucesso!
2025-09-11 13:53:09 | INFO     | src.data_extraction:fetch_employee_leaves:42 - Buscando dados de afastamentos (licenças)...
2025-09-11 13:53:09 | INFO     | src.database:get_db_connection:47 - Tentando conectar ao banco de dados...
2025-09-11 13:53:09 | INFO     | src.database:get_db_connection:49 - Conexão estabelecida com sucesso!
2025-09-11 13:53:09 | INFO     | src.data_extraction:fetch_employee_loans:72 - Buscando dados de empréstimos consignados...
2025-09-11 13:53:09 | INFO     | src.database:get_db_connection:47 - Tentando conectar ao banco de dados...
2025-09-11 13:53:09 | INFO     | src.database:get_db_connection:49 - Conexão estabelecida com sucesso!
2025-09-11 13:53:09 | INFO     | src.data_validation:validate_employee_data:39 - Iniciando validação da estrutura dos dados...
2025-09-11 13:53:09 | SUCCESS  | src.data_validation:validate_employee_data:61 - Validação de dados concluída.
2025-09-11 13:53:09 | INFO     | src.business_logic:processar_regras_e_calculos_jr:11 - Iniciando processamento de regras de negócio (Versão Definitiva)...
2025-09-11 13:53:09 | SUCCESS  | src.business_logic:processar_regras_e_calculos_jr:84 - Processamento de regras de negócio (Definitivo) concluído.
2025-09-11 13:53:09 | INFO     | src.business_logic:aplicar_descontos_consignado:89 - Aplicando descontos de empréstimo consignado...
2025-09-11 13:53:09 | SUCCESS  | src.business_logic:aplicar_descontos_consignado:104 - Descontos aplicados com sucesso.
2025-09-11 13:53:09 | SUCCESS  | src.file_generator:gerar_arquivo_final:36 - Arquivo final gerado com sucesso em: data/adiantamento_9098_2025-09-11.csv
2025-09-11 13:53:09 | SUCCESS  | main:run:73 - --- PROCESSO CONCLUÍDO ---
2025-09-11 13:53:10 | INFO     | main:run:18 - --- INICIANDO AUTOMAÇÃO PARA EMPRESA 9098 | COMPETÊNCIA: 2025-08 ---
2025-09-11 13:53:10 | INFO     | src.data_extraction:fetch_employee_base_data:9 - Iniciando a busca de dados para a empresa: 9098 | Competência: 2025-08
2025-09-11 13:53:10 | INFO     | src.database:get_db_connection:47 - Tentando conectar ao banco de dados...
2025-09-11 13:53:10 | INFO     | src.database:get_db_connection:49 - Conexão estabelecida com sucesso!
2025-09-11 13:53:10 | INFO     | src.data_extraction:fetch_employee_leaves:42 - Buscando dados de afastamentos (licenças)...
2025-09-11 13:53:10 | INFO     | src.database:get_db_connection:47 - Tentando conectar ao banco de dados...
2025-09-11 13:53:10 | INFO     | src.database:get_db_connection:49 - Conexão estabelecida com sucesso!
2025-09-11 13:53:10 | INFO     | src.data_extraction:fetch_employee_loans:72 - Buscando dados de empréstimos consignados...
2025-09-11 13:53:10 | INFO     | src.database:get_db_connection:47 - Tentando conectar ao banco de dados...
2025-09-11 13:53:10 | INFO     | src.database:get_db_connection:49 - Conexão estabelecida com sucesso!
2025-09-11 13:53:10 | INFO     | src.data_validation:validate_employee_data:39 - Iniciando validação da estrutura dos dados...
2025-09-11 13:53:10 | SUCCESS  | src.data_validation:validate_employee_data:61 - Validação de dados concluída.
2025-09-11 13:53:10 | INFO     | src.business_logic:processar_regras_e_calculos_jr:11 - Iniciando processamento de regras de negócio (Versão Definitiva)...
2025-09-11 13:53:10 | SUCCESS  | src.business_logic:processar_regras_e_calculos_jr:84 - Processamento de regras de negócio (Definitivo) concluído.
2025-09-11 13:53:10 | INFO     | src.business_logic:aplicar_descontos_consignado:89 - Aplicando descontos de empréstimo consignado...
2025-09-11 13:53:10 | SUCCESS  | src.business_logic:aplicar_descontos_consignado:104 - Descontos aplicados com sucesso.
2025-09-11 13:53:10 | SUCCESS  | src.file_generator:gerar_arquivo_final:36 - Arquivo final gerado com sucesso em: data/adiantamento_9098_2025-09-11.csv
2025-09-11 13:53:10 | SUCCESS  | main:run:73 - --- PROCESSO CONCLUÍDO ---
2025-09-11 13:53:11 | INFO     | main:run:18 - --- INICIANDO AUTOMAÇÃO PARA EMPRESA 9098 | COMPETÊNCIA: 2025-08 ---
2025-09-11 13:53:11 | INFO     | src.data_extraction:fetch_employee_base_data:9 - Iniciando a busca de dados para a empresa: 9098 | Competência: 2025-08
2025-09-11 13:53:11 | INFO     | src.database:get_db_connection:47 - Tentando conectar ao banco de dados...
2025-09-11 13:53:11 | INFO     | src.database:get_db_connection:49 - Conexão estabelecida com sucesso!
2025-09-11 13:53:11 | INFO     | src.data_extraction:fetch_employee_leaves:42 - Buscando dados de afastamentos (licenças)...
2025-09-11 13:53:11 | INFO     | src.database:get_db_connection:47 - Tentando conectar ao banco de dados...
2025-09-11 13:53:11 | INFO     | src.database:get_db_connection:49 - Conexão estabelecida com sucesso!
2025-09-11 13:53:11 | INFO     | src.data_extraction:fetch_employee_loans:72 - Buscando dados de empréstimos consignados...
2025-09-11 13:53:11 | INFO     | src.database:get_db_connection:47 - Tentando conectar ao banco de dados...
2025-09-11 13:53:11 | INFO     | src.database:get_db_connection:49 - Conexão estabelecida com sucesso!
2025-09-11 13:53:11 | INFO     | src.data_validation:validate_employee_data:39 - Iniciando validação da estrutura dos dados...
2025-09-11 13:53:11 | SUCCESS  | src.data_validation:validate_employee_data:61 - Validação de dados concluída.
2025-09-11 13:53:11 | INFO     | src.business_logic:processar_regras_e_calculos_jr:11 - Iniciando processamento de regras de negócio (Versão Definitiva)...
2025-09-11 13:53:11 | SUCCESS  | src.business_logic:processar_regras_e_calculos_jr:84 - Processamento de regras de negócio (Definitivo) concluído.
2025-09-11 13:53:11 | INFO     | src.business_logic:aplicar_descontos_consignado:89 - Aplicando descontos de empréstimo consignado...
2025-09-11 13:53:11 | SUCCESS  | src.business_logic:aplicar_descontos_consignado:104 - Descontos aplicados com sucesso.
2025-09-11 13:53:11 | SUCCESS  | src.file_generator:gerar_arquivo_final:36 - Arquivo final gerado com sucesso em: data/adiantamento_9098_2025-09-11.csv
2025-09-11 13:53:11 | SUCCESS  | main:run:73 - --- PROCESSO CONCLUÍDO ---
2025-09-11 13:53:28 | INFO     | main:run:18 - --- INICIANDO AUTOMAÇÃO PARA EMPRESA 9098 | COMPETÊNCIA: 2025-08 ---
2025-09-11 13:53:28 | INFO     | src.data_extraction:fetch_employee_base_data:9 - Iniciando a busca de dados para a empresa: 9098 | Competência: 2025-08
2025-09-11 13:53:28 | INFO     | src.database:get_db_connection:47 - Tentando conectar ao banco de dados...
2025-09-11 13:53:28 | INFO     | src.database:get_db_connection:49 - Conexão estabelecida com sucesso!
2025-09-11 13:53:28 | INFO     | src.data_extraction:fetch_employee_leaves:42 - Buscando dados de afastamentos (licenças)...
2025-09-11 13:53:28 | INFO     | src.database:get_db_connection:47 - Tentando conectar ao banco de dados...
2025-09-11 13:53:28 | INFO     | src.database:get_db_connection:49 - Conexão estabelecida com sucesso!
2025-09-11 13:53:28 | INFO     | src.data_extraction:fetch_employee_loans:72 - Buscando dados de empréstimos consignados...
2025-09-11 13:53:28 | INFO     | src.database:get_db_connection:47 - Tentando conectar ao banco de dados...
2025-09-11 13:53:28 | INFO     | src.database:get_db_connection:49 - Conexão estabelecida com sucesso!
2025-09-11 13:53:28 | INFO     | src.data_validation:validate_employee_data:39 - Iniciando validação da estrutura dos dados...
2025-09-11 13:53:28 | SUCCESS  | src.data_validation:validate_employee_data:61 - Validação de dados concluída.
2025-09-11 13:53:28 | INFO     | src.business_logic:processar_regras_e_calculos_jr:11 - Iniciando processamento de regras de negócio (Versão Definitiva)...
2025-09-11 13:53:28 | SUCCESS  | src.business_logic:processar_regras_e_calculos_jr:84 - Processamento de regras de negócio (Definitivo) concluído.
2025-09-11 13:53:28 | INFO     | src.business_logic:aplicar_descontos_consignado:89 - Aplicando descontos de empréstimo consignado...
2025-09-11 13:53:28 | SUCCESS  | src.business_logic:aplicar_descontos_consignado:104 - Descontos aplicados com sucesso.
2025-09-11 13:53:28 | SUCCESS  | src.file_generator:gerar_arquivo_final:36 - Arquivo final gerado com sucesso em: data/adiantamento_9098_2025-09-11.csv
2025-09-11 13:53:28 | SUCCESS  | main:run:73 - --- PROCESSO CONCLUÍDO ---
2025-09-11 13:53:29 | INFO     | main:run:18 - --- INICIANDO AUTOMAÇÃO PARA EMPRESA 9098 | COMPETÊNCIA: 2025-08 ---
2025-09-11 13:53:29 | INFO     | src.data_extraction:fetch_employee_base_data:9 - Iniciando a busca de dados para a empresa: 9098 | Competência: 2025-08
2025-09-11 13:53:29 | INFO     | src.database:get_db_connection:47 - Tentando conectar ao banco de dados...
2025-09-11 13:53:29 | INFO     | src.database:get_db_connection:49 - Conexão estabelecida com sucesso!
2025-09-11 13:53:29 | INFO     | src.data_extraction:fetch_employee_leaves:42 - Buscando dados de afastamentos (licenças)...
2025-09-11 13:53:29 | INFO     | src.database:get_db_connection:47 - Tentando conectar ao banco de dados...
2025-09-11 13:53:29 | INFO     | src.database:get_db_connection:49 - Conexão estabelecida com sucesso!
2025-09-11 13:53:29 | INFO     | src.data_extraction:fetch_employee_loans:72 - Buscando dados de empréstimos consignados...
2025-09-11 13:53:29 | INFO     | src.database:get_db_connection:47 - Tentando conectar ao banco de dados...
2025-09-11 13:53:29 | INFO     | src.database:get_db_connection:49 - Conexão estabelecida com sucesso!
2025-09-11 13:53:29 | INFO     | src.data_validation:validate_employee_data:39 - Iniciando validação da estrutura dos dados...
2025-09-11 13:53:29 | SUCCESS  | src.data_validation:validate_employee_data:61 - Validação de dados concluída.
2025-09-11 13:53:29 | INFO     | src.business_logic:processar_regras_e_calculos_jr:11 - Iniciando processamento de regras de negócio (Versão Definitiva)...
2025-09-11 13:53:29 | SUCCESS  | src.business_logic:processar_regras_e_calculos_jr:84 - Processamento de regras de negócio (Definitivo) concluído.
2025-09-11 13:53:29 | INFO     | src.business_logic:aplicar_descontos_consignado:89 - Aplicando descontos de empréstimo consignado...
2025-09-11 13:53:29 | SUCCESS  | src.business_logic:aplicar_descontos_consignado:104 - Descontos aplicados com sucesso.
2025-09-11 13:53:29 | SUCCESS  | src.file_generator:gerar_arquivo_final:36 - Arquivo final gerado com sucesso em: data/adiantamento_9098_2025-09-11.csv
2025-09-11 13:53:29 | SUCCESS  | main:run:73 - --- PROCESSO CONCLUÍDO ---
2025-09-11 13:53:29 | INFO     | main:run:18 - --- INICIANDO AUTOMAÇÃO PARA EMPRESA 9098 | COMPETÊNCIA: 2025-08 ---
2025-09-11 13:53:29 | INFO     | src.data_extraction:fetch_employee_base_data:9 - Iniciando a busca de dados para a empresa: 9098 | Competência: 2025-08
2025-09-11 13:53:29 | INFO     | src.database:get_db_connection:47 - Tentando conectar ao banco de dados...
2025-09-11 13:53:29 | INFO     | src.database:get_db_connection:49 - Conexão estabelecida com sucesso!
2025-09-11 13:53:30 | INFO     | src.data_extraction:fetch_employee_leaves:42 - Buscando dados de afastamentos (licenças)...
2025-09-11 13:53:30 | INFO     | src.database:get_db_connection:47 - Tentando conectar ao banco de dados...
2025-09-11 13:53:30 | INFO     | src.database:get_db_connection:49 - Conexão estabelecida com sucesso!
2025-09-11 13:53:30 | INFO     | src.data_extraction:fetch_employee_loans:72 - Buscando dados de empréstimos consignados...
2025-09-11 13:53:30 | INFO     | src.database:get_db_connection:47 - Tentando conectar ao banco de dados...
2025-09-11 13:53:30 | INFO     | src.database:get_db_connection:49 - Conexão estabelecida com sucesso!
2025-09-11 13:53:30 | INFO     | src.data_validation:validate_employee_data:39 - Iniciando validação da estrutura dos dados...
2025-09-11 13:53:30 | SUCCESS  | src.data_validation:validate_employee_data:61 - Validação de dados concluída.
2025-09-11 13:53:30 | INFO     | src.business_logic:processar_regras_e_calculos_jr:11 - Iniciando processamento de regras de negócio (Versão Definitiva)...
2025-09-11 13:53:30 | SUCCESS  | src.business_logic:processar_regras_e_calculos_jr:84 - Processamento de regras de negócio (Definitivo) concluído.
2025-09-11 13:53:30 | INFO     | src.business_logic:aplicar_descontos_consignado:89 - Aplicando descontos de empréstimo consignado...
2025-09-11 13:53:30 | SUCCESS  | src.business_logic:aplicar_descontos_consignado:104 - Descontos aplicados com sucesso.
2025-09-11 13:53:30 | SUCCESS  | src.file_generator:gerar_arquivo_final:36 - Arquivo final gerado com sucesso em: data/adiantamento_9098_2025-09-11.csv
2025-09-11 13:53:30 | SUCCESS  | main:run:73 - --- PROCESSO CONCLUÍDO ---
2025-09-11 13:53:32 | INFO     | main:run:18 - --- INICIANDO AUTOMAÇÃO PARA EMPRESA 9098 | COMPETÊNCIA: 2025-07 ---
2025-09-11 13:53:32 | INFO     | src.data_extraction:fetch_employee_base_data:9 - Iniciando a busca de dados para a empresa: 9098 | Competência: 2025-07
2025-09-11 13:53:32 | INFO     | src.database:get_db_connection:47 - Tentando conectar ao banco de dados...
2025-09-11 13:53:32 | INFO     | src.database:get_db_connection:49 - Conexão estabelecida com sucesso!
2025-09-11 13:53:32 | INFO     | src.data_extraction:fetch_employee_leaves:42 - Buscando dados de afastamentos (licenças)...
2025-09-11 13:53:32 | INFO     | src.database:get_db_connection:47 - Tentando conectar ao banco de dados...
2025-09-11 13:53:32 | INFO     | src.database:get_db_connection:49 - Conexão estabelecida com sucesso!
2025-09-11 13:53:32 | INFO     | src.data_extraction:fetch_employee_loans:72 - Buscando dados de empréstimos consignados...
2025-09-11 13:53:32 | INFO     | src.database:get_db_connection:47 - Tentando conectar ao banco de dados...
2025-09-11 13:53:32 | INFO     | src.database:get_db_connection:49 - Conexão estabelecida com sucesso!
2025-09-11 13:53:32 | INFO     | src.data_validation:validate_employee_data:39 - Iniciando validação da estrutura dos dados...
2025-09-11 13:53:32 | SUCCESS  | src.data_validation:validate_employee_data:61 - Validação de dados concluída.
2025-09-11 13:53:32 | INFO     | src.business_logic:processar_regras_e_calculos_jr:11 - Iniciando processamento de regras de negócio (Versão Definitiva)...
2025-09-11 13:53:32 | SUCCESS  | src.business_logic:processar_regras_e_calculos_jr:84 - Processamento de regras de negócio (Definitivo) concluído.
2025-09-11 13:53:32 | INFO     | src.business_logic:aplicar_descontos_consignado:89 - Aplicando descontos de empréstimo consignado...
2025-09-11 13:53:32 | SUCCESS  | src.business_logic:aplicar_descontos_consignado:104 - Descontos aplicados com sucesso.
2025-09-11 13:53:32 | SUCCESS  | src.file_generator:gerar_arquivo_final:36 - Arquivo final gerado com sucesso em: data/adiantamento_9098_2025-09-11.csv
2025-09-11 13:53:32 | SUCCESS  | main:run:73 - --- PROCESSO CONCLUÍDO ---
2025-09-11 13:53:34 | INFO     | main:run:18 - --- INICIANDO AUTOMAÇÃO PARA EMPRESA 9098 | COMPETÊNCIA: 2025-08 ---
2025-09-11 13:53:34 | INFO     | src.data_extraction:fetch_employee_base_data:9 - Iniciando a busca de dados para a empresa: 9098 | Competência: 2025-08
2025-09-11 13:53:34 | INFO     | src.database:get_db_connection:47 - Tentando conectar ao banco de dados...
2025-09-11 13:53:34 | INFO     | src.database:get_db_connection:49 - Conexão estabelecida com sucesso!
2025-09-11 13:53:34 | INFO     | src.data_extraction:fetch_employee_leaves:42 - Buscando dados de afastamentos (licenças)...
2025-09-11 13:53:34 | INFO     | src.database:get_db_connection:47 - Tentando conectar ao banco de dados...
2025-09-11 13:53:34 | INFO     | src.database:get_db_connection:49 - Conexão estabelecida com sucesso!
2025-09-11 13:53:34 | INFO     | src.data_extraction:fetch_employee_loans:72 - Buscando dados de empréstimos consignados...
2025-09-11 13:53:34 | INFO     | src.database:get_db_connection:47 - Tentando conectar ao banco de dados...
2025-09-11 13:53:34 | INFO     | src.database:get_db_connection:49 - Conexão estabelecida com sucesso!
2025-09-11 13:53:34 | INFO     | src.data_validation:validate_employee_data:39 - Iniciando validação da estrutura dos dados...
2025-09-11 13:53:34 | SUCCESS  | src.data_validation:validate_employee_data:61 - Validação de dados concluída.
2025-09-11 13:53:34 | INFO     | src.business_logic:processar_regras_e_calculos_jr:11 - Iniciando processamento de regras de negócio (Versão Definitiva)...
2025-09-11 13:53:34 | SUCCESS  | src.business_logic:processar_regras_e_calculos_jr:84 - Processamento de regras de negócio (Definitivo) concluído.
2025-09-11 13:53:34 | INFO     | src.business_logic:aplicar_descontos_consignado:89 - Aplicando descontos de empréstimo consignado...
2025-09-11 13:53:34 | SUCCESS  | src.business_logic:aplicar_descontos_consignado:104 - Descontos aplicados com sucesso.
2025-09-11 13:53:34 | SUCCESS  | src.file_generator:gerar_arquivo_final:36 - Arquivo final gerado com sucesso em: data/adiantamento_9098_2025-09-11.csv
2025-09-11 13:53:34 | SUCCESS  | main:run:73 - --- PROCESSO CONCLUÍDO ---
