2025-09-08 14:27:20 | INFO     | main:run:19 - --- INICIANDO AUTOMAÇÃO DE ADIANTAMENTO PARA EMPRESA 9098 ---
2025-09-08 14:27:20 | INFO     | src.data_extraction:fetch_employee_base_data:11 - Iniciando a busca de dados para a empresa: 9098
2025-09-08 14:27:20 | INFO     | src.database:get_db_connection:47 - Tentando conectar ao banco de dados...
2025-09-08 14:27:20 | INFO     | src.database:get_db_connection:49 - Conexão estabelecida com sucesso!
2025-09-08 14:27:20 | INFO     | src.data_extraction:fetch_employee_base_data:48 - Dados extraídos com sucesso!
2025-09-08 14:27:20 | INFO     | src.data_extraction:fetch_employee_base_data:59 - Conexão com o banco de dados fechada.
2025-09-08 14:27:20 | INFO     | src.data_extraction:fetch_employee_leaves:66 - Buscando dados de afastamentos (licenças)...
2025-09-08 14:27:20 | INFO     | src.database:get_db_connection:47 - Tentando conectar ao banco de dados...
2025-09-08 14:27:20 | INFO     | src.database:get_db_connection:49 - Conexão estabelecida com sucesso!
2025-09-08 14:27:20 | INFO     | src.data_validation:validate_employee_data:39 - Iniciando validação da estrutura dos dados...
2025-09-08 14:27:20 | SUCCESS  | src.data_validation:validate_employee_data:61 - Validação de dados concluída.
2025-09-08 14:27:20 | INFO     | src.business_logic:processar_regras_e_calculos_jr:12 - Iniciando processamento de regras de negócio e cálculos...
2025-09-08 14:27:20 | SUCCESS  | src.business_logic:processar_regras_e_calculos_jr:102 - Processamento de regras e cálculos concluído.
2025-09-08 14:27:20 | SUCCESS  | main:run:42 - --- PROCESSO CONCLUÍDO ---
2025-09-08 14:51:24 | INFO     | main:run:19 - --- INICIANDO AUTOMAÇÃO DE ADIANTAMENTO PARA EMPRESA 9098 ---
2025-09-08 14:51:24 | INFO     | src.data_extraction:fetch_employee_base_data:11 - Iniciando a busca de dados para a empresa: 9098
2025-09-08 14:51:24 | INFO     | src.database:get_db_connection:47 - Tentando conectar ao banco de dados...
2025-09-08 14:51:24 | INFO     | src.database:get_db_connection:49 - Conexão estabelecida com sucesso!
2025-09-08 14:51:24 | INFO     | src.data_extraction:fetch_employee_base_data:48 - Dados extraídos com sucesso!
2025-09-08 14:51:24 | INFO     | src.data_extraction:fetch_employee_base_data:59 - Conexão com o banco de dados fechada.
2025-09-08 14:51:24 | INFO     | src.data_extraction:fetch_employee_leaves:66 - Buscando dados de afastamentos (licenças)...
2025-09-08 14:51:24 | INFO     | src.database:get_db_connection:47 - Tentando conectar ao banco de dados...
2025-09-08 14:51:24 | INFO     | src.database:get_db_connection:49 - Conexão estabelecida com sucesso!
2025-09-08 14:51:24 | INFO     | src.data_validation:validate_employee_data:39 - Iniciando validação da estrutura dos dados...
2025-09-08 14:51:24 | SUCCESS  | src.data_validation:validate_employee_data:61 - Validação de dados concluída.
2025-09-08 14:51:24 | INFO     | src.business_logic:processar_regras_e_calculos_jr:12 - Iniciando processamento de regras de negócio e cálculos...
2025-09-08 14:51:24 | SUCCESS  | src.business_logic:processar_regras_e_calculos_jr:102 - Processamento de regras e cálculos concluído.
2025-09-08 14:51:24 | SUCCESS  | main:run:42 - --- PROCESSO CONCLUÍDO ---
