2025-09-11 09:43:06 | INFO     | main:run:18 - --- INICIANDO AUTOMAÇÃO PARA EMPRESA 9098 | COMPETÊNCIA: 2025-08 ---
2025-09-11 09:43:06 | INFO     | src.data_extraction:fetch_employee_base_data:9 - Iniciando a busca de dados para a empresa: 9098 | Competência: 2025-08
2025-09-11 09:43:06 | INFO     | src.database:get_db_connection:47 - Tentando conectar ao banco de dados...
2025-09-11 09:43:06 | INFO     | src.database:get_db_connection:49 - Conexão estabelecida com sucesso!
2025-09-11 09:43:06 | INFO     | src.data_extraction:fetch_employee_leaves:39 - Buscando dados de afastamentos (licenças)...
2025-09-11 09:43:06 | INFO     | src.database:get_db_connection:47 - Tentando conectar ao banco de dados...
2025-09-11 09:43:06 | INFO     | src.database:get_db_connection:49 - Conexão estabelecida com sucesso!
2025-09-11 09:43:06 | INFO     | src.data_extraction:fetch_employee_loans:69 - Buscando dados de empréstimos consignados...
2025-09-11 09:43:06 | INFO     | src.database:get_db_connection:47 - Tentando conectar ao banco de dados...
2025-09-11 09:43:06 | INFO     | src.database:get_db_connection:49 - Conexão estabelecida com sucesso!
2025-09-11 09:43:06 | INFO     | src.data_validation:validate_employee_data:39 - Iniciando validação da estrutura dos dados...
2025-09-11 09:43:06 | SUCCESS  | src.data_validation:validate_employee_data:61 - Validação de dados concluída.
2025-09-11 09:43:06 | INFO     | src.business_logic:processar_regras_e_calculos_jr:11 - Iniciando processamento de regras de negócio (vFinal)...
2025-09-11 09:43:06 | SUCCESS  | src.business_logic:processar_regras_e_calculos_jr:99 - Processamento de regras de negócio (Final) concluído.
2025-09-11 09:43:06 | INFO     | src.business_logic:aplicar_descontos_consignado:104 - Aplicando descontos de empréstimo consignado...
2025-09-11 09:43:06 | SUCCESS  | src.business_logic:aplicar_descontos_consignado:119 - Descontos aplicados com sucesso.
2025-09-11 09:43:06 | SUCCESS  | src.file_generator:gerar_arquivo_final:36 - Arquivo final gerado com sucesso em: data/adiantamento_9098_2025-09-11.csv
2025-09-11 09:43:06 | SUCCESS  | main:run:73 - --- PROCESSO CONCLUÍDO ---
2025-09-11 09:43:08 | INFO     | main:run:18 - --- INICIANDO AUTOMAÇÃO PARA EMPRESA 9098 | COMPETÊNCIA: 2025-08 ---
2025-09-11 09:43:08 | INFO     | src.data_extraction:fetch_employee_base_data:9 - Iniciando a busca de dados para a empresa: 9098 | Competência: 2025-08
2025-09-11 09:43:08 | INFO     | src.database:get_db_connection:47 - Tentando conectar ao banco de dados...
2025-09-11 09:43:08 | INFO     | src.database:get_db_connection:49 - Conexão estabelecida com sucesso!
2025-09-11 09:43:08 | INFO     | src.data_extraction:fetch_employee_leaves:39 - Buscando dados de afastamentos (licenças)...
2025-09-11 09:43:08 | INFO     | src.database:get_db_connection:47 - Tentando conectar ao banco de dados...
2025-09-11 09:43:08 | INFO     | src.database:get_db_connection:49 - Conexão estabelecida com sucesso!
2025-09-11 09:43:08 | INFO     | src.data_extraction:fetch_employee_loans:69 - Buscando dados de empréstimos consignados...
2025-09-11 09:43:08 | INFO     | src.database:get_db_connection:47 - Tentando conectar ao banco de dados...
2025-09-11 09:43:08 | INFO     | src.database:get_db_connection:49 - Conexão estabelecida com sucesso!
2025-09-11 09:43:08 | INFO     | src.data_validation:validate_employee_data:39 - Iniciando validação da estrutura dos dados...
2025-09-11 09:43:08 | SUCCESS  | src.data_validation:validate_employee_data:61 - Validação de dados concluída.
2025-09-11 09:43:08 | INFO     | src.business_logic:processar_regras_e_calculos_jr:11 - Iniciando processamento de regras de negócio (vFinal)...
2025-09-11 09:43:08 | SUCCESS  | src.business_logic:processar_regras_e_calculos_jr:99 - Processamento de regras de negócio (Final) concluído.
2025-09-11 09:43:08 | INFO     | src.business_logic:aplicar_descontos_consignado:104 - Aplicando descontos de empréstimo consignado...
2025-09-11 09:43:08 | SUCCESS  | src.business_logic:aplicar_descontos_consignado:119 - Descontos aplicados com sucesso.
2025-09-11 09:43:08 | SUCCESS  | src.file_generator:gerar_arquivo_final:36 - Arquivo final gerado com sucesso em: data/adiantamento_9098_2025-09-11.csv
2025-09-11 09:43:08 | SUCCESS  | main:run:73 - --- PROCESSO CONCLUÍDO ---
2025-09-11 10:20:20 | INFO     | src.data_extraction:fetch_all_companies:91 - Buscando lista de todas as empresas ativas...
2025-09-11 10:20:20 | INFO     | src.database:get_db_connection:47 - Tentando conectar ao banco de dados...
2025-09-11 10:20:20 | INFO     | src.database:get_db_connection:49 - Conexão estabelecida com sucesso!
2025-09-11 10:20:20 | INFO     | main:run:18 - --- INICIANDO AUTOMAÇÃO PARA EMPRESA 9098 | COMPETÊNCIA: 2025-08 ---
2025-09-11 10:20:20 | INFO     | src.data_extraction:fetch_employee_base_data:9 - Iniciando a busca de dados para a empresa: 9098 | Competência: 2025-08
2025-09-11 10:20:20 | INFO     | src.database:get_db_connection:47 - Tentando conectar ao banco de dados...
2025-09-11 10:20:20 | INFO     | src.database:get_db_connection:49 - Conexão estabelecida com sucesso!
2025-09-11 10:20:20 | INFO     | src.data_extraction:fetch_employee_leaves:39 - Buscando dados de afastamentos (licenças)...
2025-09-11 10:20:20 | INFO     | src.database:get_db_connection:47 - Tentando conectar ao banco de dados...
2025-09-11 10:20:20 | INFO     | src.database:get_db_connection:49 - Conexão estabelecida com sucesso!
2025-09-11 10:20:20 | INFO     | src.data_extraction:fetch_employee_loans:69 - Buscando dados de empréstimos consignados...
2025-09-11 10:20:20 | INFO     | src.database:get_db_connection:47 - Tentando conectar ao banco de dados...
2025-09-11 10:20:20 | INFO     | src.database:get_db_connection:49 - Conexão estabelecida com sucesso!
2025-09-11 10:20:20 | INFO     | src.data_validation:validate_employee_data:39 - Iniciando validação da estrutura dos dados...
2025-09-11 10:20:20 | SUCCESS  | src.data_validation:validate_employee_data:61 - Validação de dados concluída.
2025-09-11 10:20:20 | INFO     | src.business_logic:processar_regras_e_calculos_jr:11 - Iniciando processamento de regras de negócio (vFinal)...
2025-09-11 10:20:20 | SUCCESS  | src.business_logic:processar_regras_e_calculos_jr:99 - Processamento de regras de negócio (Final) concluído.
2025-09-11 10:20:20 | INFO     | src.business_logic:aplicar_descontos_consignado:104 - Aplicando descontos de empréstimo consignado...
2025-09-11 10:20:20 | SUCCESS  | src.business_logic:aplicar_descontos_consignado:119 - Descontos aplicados com sucesso.
2025-09-11 10:20:20 | SUCCESS  | src.file_generator:gerar_arquivo_final:36 - Arquivo final gerado com sucesso em: data/adiantamento_9098_2025-09-11.csv
2025-09-11 10:20:20 | SUCCESS  | main:run:73 - --- PROCESSO CONCLUÍDO ---
2025-09-11 10:26:07 | INFO     | main:run:18 - --- INICIANDO AUTOMAÇÃO PARA EMPRESA 9098 | COMPETÊNCIA: 2025-08 ---
2025-09-11 10:26:07 | INFO     | src.data_extraction:fetch_employee_base_data:9 - Iniciando a busca de dados para a empresa: 9098 | Competência: 2025-08
2025-09-11 10:26:07 | INFO     | src.database:get_db_connection:47 - Tentando conectar ao banco de dados...
2025-09-11 10:26:07 | INFO     | src.database:get_db_connection:49 - Conexão estabelecida com sucesso!
2025-09-11 10:26:07 | INFO     | src.data_extraction:fetch_employee_leaves:39 - Buscando dados de afastamentos (licenças)...
2025-09-11 10:26:07 | INFO     | src.database:get_db_connection:47 - Tentando conectar ao banco de dados...
2025-09-11 10:26:07 | INFO     | src.database:get_db_connection:49 - Conexão estabelecida com sucesso!
2025-09-11 10:26:07 | INFO     | src.data_extraction:fetch_employee_loans:69 - Buscando dados de empréstimos consignados...
2025-09-11 10:26:07 | INFO     | src.database:get_db_connection:47 - Tentando conectar ao banco de dados...
2025-09-11 10:26:07 | INFO     | src.database:get_db_connection:49 - Conexão estabelecida com sucesso!
2025-09-11 10:26:07 | INFO     | src.data_validation:validate_employee_data:39 - Iniciando validação da estrutura dos dados...
2025-09-11 10:26:07 | SUCCESS  | src.data_validation:validate_employee_data:61 - Validação de dados concluída.
2025-09-11 10:26:07 | INFO     | src.business_logic:processar_regras_e_calculos_jr:11 - Iniciando processamento de regras de negócio (vFinal)...
2025-09-11 10:26:07 | SUCCESS  | src.business_logic:processar_regras_e_calculos_jr:99 - Processamento de regras de negócio (Final) concluído.
2025-09-11 10:26:07 | INFO     | src.business_logic:aplicar_descontos_consignado:104 - Aplicando descontos de empréstimo consignado...
2025-09-11 10:26:07 | SUCCESS  | src.business_logic:aplicar_descontos_consignado:119 - Descontos aplicados com sucesso.
2025-09-11 10:26:07 | SUCCESS  | src.file_generator:gerar_arquivo_final:36 - Arquivo final gerado com sucesso em: data/adiantamento_9098_2025-09-11.csv
2025-09-11 10:26:07 | SUCCESS  | main:run:73 - --- PROCESSO CONCLUÍDO ---
2025-09-11 11:12:01 | INFO     | src.data_extraction:fetch_all_companies:91 - Buscando lista de todas as empresas ativas...
2025-09-11 11:12:01 | INFO     | src.database:get_db_connection:47 - Tentando conectar ao banco de dados...
2025-09-11 11:12:01 | INFO     | src.database:get_db_connection:49 - Conexão estabelecida com sucesso!
2025-09-11 11:13:30 | INFO     | main:run:18 - --- INICIANDO AUTOMAÇÃO PARA EMPRESA 9098 | COMPETÊNCIA: 2025-06 ---
2025-09-11 11:13:30 | INFO     | src.data_extraction:fetch_employee_base_data:9 - Iniciando a busca de dados para a empresa: 9098 | Competência: 2025-06
2025-09-11 11:13:30 | INFO     | src.database:get_db_connection:47 - Tentando conectar ao banco de dados...
2025-09-11 11:13:30 | INFO     | src.database:get_db_connection:49 - Conexão estabelecida com sucesso!
2025-09-11 11:13:30 | INFO     | src.data_extraction:fetch_employee_leaves:39 - Buscando dados de afastamentos (licenças)...
2025-09-11 11:13:30 | INFO     | src.database:get_db_connection:47 - Tentando conectar ao banco de dados...
2025-09-11 11:13:30 | INFO     | src.database:get_db_connection:49 - Conexão estabelecida com sucesso!
2025-09-11 11:13:30 | INFO     | src.data_extraction:fetch_employee_loans:69 - Buscando dados de empréstimos consignados...
2025-09-11 11:13:30 | INFO     | src.database:get_db_connection:47 - Tentando conectar ao banco de dados...
2025-09-11 11:13:30 | INFO     | src.database:get_db_connection:49 - Conexão estabelecida com sucesso!
2025-09-11 11:13:30 | INFO     | src.data_validation:validate_employee_data:39 - Iniciando validação da estrutura dos dados...
2025-09-11 11:13:30 | SUCCESS  | src.data_validation:validate_employee_data:61 - Validação de dados concluída.
2025-09-11 11:13:30 | INFO     | src.business_logic:processar_regras_e_calculos_jr:11 - Iniciando processamento de regras de negócio (vFinal)...
2025-09-11 11:13:30 | SUCCESS  | src.business_logic:processar_regras_e_calculos_jr:99 - Processamento de regras de negócio (Final) concluído.
2025-09-11 11:13:30 | INFO     | src.business_logic:aplicar_descontos_consignado:104 - Aplicando descontos de empréstimo consignado...
2025-09-11 11:13:30 | SUCCESS  | src.business_logic:aplicar_descontos_consignado:119 - Descontos aplicados com sucesso.
2025-09-11 11:13:30 | SUCCESS  | src.file_generator:gerar_arquivo_final:36 - Arquivo final gerado com sucesso em: data/adiantamento_9098_2025-09-11.csv
2025-09-11 11:13:30 | SUCCESS  | main:run:73 - --- PROCESSO CONCLUÍDO ---
2025-09-11 11:18:11 | INFO     | main:run:18 - --- INICIANDO AUTOMAÇÃO PARA EMPRESA 9098 | COMPETÊNCIA: 2025-06 ---
2025-09-11 11:18:11 | INFO     | src.data_extraction:fetch_employee_base_data:9 - Iniciando a busca de dados para a empresa: 9098 | Competência: 2025-06
2025-09-11 11:18:11 | INFO     | src.database:get_db_connection:47 - Tentando conectar ao banco de dados...
2025-09-11 11:18:11 | INFO     | src.database:get_db_connection:49 - Conexão estabelecida com sucesso!
2025-09-11 11:18:11 | INFO     | src.data_extraction:fetch_employee_leaves:39 - Buscando dados de afastamentos (licenças)...
2025-09-11 11:18:11 | INFO     | src.database:get_db_connection:47 - Tentando conectar ao banco de dados...
2025-09-11 11:18:11 | INFO     | src.database:get_db_connection:49 - Conexão estabelecida com sucesso!
2025-09-11 11:18:11 | INFO     | src.data_extraction:fetch_employee_loans:69 - Buscando dados de empréstimos consignados...
2025-09-11 11:18:11 | INFO     | src.database:get_db_connection:47 - Tentando conectar ao banco de dados...
2025-09-11 11:18:11 | INFO     | src.database:get_db_connection:49 - Conexão estabelecida com sucesso!
2025-09-11 11:18:11 | INFO     | src.data_validation:validate_employee_data:39 - Iniciando validação da estrutura dos dados...
2025-09-11 11:18:11 | SUCCESS  | src.data_validation:validate_employee_data:61 - Validação de dados concluída.
2025-09-11 11:18:11 | INFO     | src.business_logic:processar_regras_e_calculos_jr:11 - Iniciando processamento de regras de negócio (vFinal)...
2025-09-11 11:18:11 | SUCCESS  | src.business_logic:processar_regras_e_calculos_jr:99 - Processamento de regras de negócio (Final) concluído.
2025-09-11 11:18:11 | INFO     | src.business_logic:aplicar_descontos_consignado:104 - Aplicando descontos de empréstimo consignado...
2025-09-11 11:18:11 | SUCCESS  | src.business_logic:aplicar_descontos_consignado:119 - Descontos aplicados com sucesso.
2025-09-11 11:18:11 | SUCCESS  | src.file_generator:gerar_arquivo_final:36 - Arquivo final gerado com sucesso em: data/adiantamento_9098_2025-09-11.csv
2025-09-11 11:18:11 | SUCCESS  | main:run:73 - --- PROCESSO CONCLUÍDO ---
